<?xml version="1.0" encoding="UTF-8"?>
<testsuites name="Phase-1-Lot" time="579.997" tests="6" failures="0" errors="0">
   <testsuite name="Phase-1-Lot" tests="6" failures="0" errors="0" time="579.997" skipped="0" timestamp="2023-05-17 19:54:31" hostname="Alphi-MohamedRazul - Alphi-MohamedRazul" id="Test Suites/Phase-1-Lot">
      <properties>
[...]
</properties>
      <testcase name="Test Cases/Login_Select Database" time="25.746" classname="Test Cases/Login_Select Database" status="PASSED">
         <system-out><![CDATA[2023-05-17 19:54:32 - [TEST_CASE][PASSED] - Test Cases/Login_Select Database: Test Cases/Login_Select Database

2023-05-17 19:54:33 - [TEST_STEP][PASSED] - openBrowser("https://test.lablogs.co/#/login"): Browser is opened with url: 'https://test.lablogs.co/#/login'

2023-05-17 19:54:34 - [MESSAGE][INFO] - Starting 'Chrome' driver

2023-05-17 19:54:34 - [MESSAGE][INFO] - Action delay is set to 0 milliseconds

2023-05-17 19:54:43 - [MESSAGE][PASSED] - Browser is opened with url: 'https://test.lablogs.co/#/login'

2023-05-17 19:54:43 - [TEST_STEP][PASSED] - maximizeWindow(): Current window maximized

2023-05-17 19:54:43 - [MESSAGE][PASSED] - Current window maximized

2023-05-17 19:54:43 - [TEST_STEP][PASSED] - setText(findTestObject("Login_SelectDatabase/input_Sign in to your account_ng-untouched _b61fc2"), findTestData("Login").getValue("UserName", 1)): Text 'admin@lablogs.co' is set on object 'Object Repository/Login_SelectDatabase/input_Sign in to your account_ng-untouched _b61fc2'

2023-05-17 19:54:45 - [MESSAGE][PASSED] - Text 'admin@lablogs.co' is set on object 'Object Repository/Login_SelectDatabase/input_Sign in to your account_ng-untouched _b61fc2'

2023-05-17 19:54:45 - [TEST_STEP][PASSED] - setEncryptedText(findTestObject("Login_SelectDatabase/input_Email_ng-touched ng-dirty ng-valid"), findTestData("Login").getValue("Password", 1)): Text ****** has been set on object 'Object Repository/Login_SelectDatabase/input_Email_ng-touched ng-dirty ng-valid'

2023-05-17 19:54:46 - [MESSAGE][PASSED] - Text ****** has been set on object 'Object Repository/Login_SelectDatabase/input_Email_ng-touched ng-dirty ng-valid'

2023-05-17 19:54:46 - [TEST_STEP][PASSED] - click(findTestObject("Login_SelectDatabase/button_SIGN IN")): Object: 'Object Repository/Login_SelectDatabase/button_SIGN IN' is clicked on

2023-05-17 19:54:47 - [MESSAGE][PASSED] - Object: 'Object Repository/Login_SelectDatabase/button_SIGN IN' is clicked on

2023-05-17 19:54:47 - [TEST_STEP][PASSED] - delay(5): Delayed 5 second(s)

2023-05-17 19:54:52 - [MESSAGE][PASSED] - Delayed 5 second(s)

2023-05-17 19:54:52 - [TEST_STEP][PASSED] - d = getWebDriver(): null

2023-05-17 19:54:52 - [TEST_STEP][PASSED] - b = d.findElements(By.xpath("//p[@class='card-text mb-0']")): null

2023-05-17 19:54:54 - [TEST_STEP][PASSED] - r = b.size(): null

2023-05-17 19:54:54 - [TEST_STEP][PASSED] - println(r): null

2023-05-17 19:54:54 - [TEST_STEP][PASSED] - for ([i = 0, i < b.size(), (i++)]): null

2023-05-17 19:54:54 - [TEST_STEP][PASSED] - x1 = b.get(i): null

2023-05-17 19:54:54 - [TEST_STEP][PASSED] - out.println(x1.getText()): null

2023-05-17 19:54:54 - [TEST_STEP][PASSED] - x1 = b.get(i): null

2023-05-17 19:54:54 - [TEST_STEP][PASSED] - out.println(x1.getText()): null

2023-05-17 19:54:54 - [TEST_STEP][PASSED] - x1 = b.get(i): null

2023-05-17 19:54:54 - [TEST_STEP][PASSED] - out.println(x1.getText()): null

2023-05-17 19:54:54 - [TEST_STEP][PASSED] - x1 = b.get(i): null

2023-05-17 19:54:54 - [TEST_STEP][PASSED] - out.println(x1.getText()): null

2023-05-17 19:54:54 - [TEST_STEP][PASSED] - x1 = b.get(i): null

2023-05-17 19:54:54 - [TEST_STEP][PASSED] - out.println(x1.getText()): null

2023-05-17 19:54:54 - [TEST_STEP][PASSED] - fis = new java.io.FileInputStream(C://ELL//Automation//Excel//DataBase Selection.xlsx): null

2023-05-17 19:54:55 - [TEST_STEP][PASSED] - k = 1: null

2023-05-17 19:54:55 - [TEST_STEP][PASSED] - wb = new org.apache.poi.xssf.usermodel.XSSFWorkbook(fis): null

2023-05-17 19:54:55 - [TEST_STEP][PASSED] - s = wb.getSheet("Select Database"): null

2023-05-17 19:54:55 - [TEST_STEP][PASSED] - for ([i = 0, i < b.size(), (i++)]): null

2023-05-17 19:54:55 - [TEST_STEP][PASSED] - x1 = b.get(i): null

2023-05-17 19:54:55 - [TEST_STEP][PASSED] - createCell(0).setCellValue(x1.getText()): null

2023-05-17 19:54:55 - [TEST_STEP][PASSED] - (k++): null

2023-05-17 19:54:55 - [TEST_STEP][PASSED] - x1 = b.get(i): null

2023-05-17 19:54:55 - [TEST_STEP][PASSED] - createCell(0).setCellValue(x1.getText()): null

2023-05-17 19:54:55 - [TEST_STEP][PASSED] - (k++): null

2023-05-17 19:54:55 - [TEST_STEP][PASSED] - x1 = b.get(i): null

2023-05-17 19:54:55 - [TEST_STEP][PASSED] - createCell(0).setCellValue(x1.getText()): null

2023-05-17 19:54:55 - [TEST_STEP][PASSED] - (k++): null

2023-05-17 19:54:55 - [TEST_STEP][PASSED] - x1 = b.get(i): null

2023-05-17 19:54:55 - [TEST_STEP][PASSED] - createCell(0).setCellValue(x1.getText()): null

2023-05-17 19:54:55 - [TEST_STEP][PASSED] - (k++): null

2023-05-17 19:54:55 - [TEST_STEP][PASSED] - x1 = b.get(i): null

2023-05-17 19:54:55 - [TEST_STEP][PASSED] - createCell(0).setCellValue(x1.getText()): null

2023-05-17 19:54:55 - [TEST_STEP][PASSED] - (k++): null

2023-05-17 19:54:55 - [TEST_STEP][PASSED] - fos = new java.io.FileOutputStream(C://ELL//Automation//Excel//DataBase Selection.xlsx): null

2023-05-17 19:54:55 - [TEST_STEP][PASSED] - wb.write(fos): null

2023-05-17 19:54:56 - [TEST_STEP][PASSED] - P1 = findTestData("Select_Database").getValue("Database", 1): null

2023-05-17 19:54:56 - [TEST_STEP][PASSED] - out.println(P1): null

2023-05-17 19:54:56 - [TEST_STEP][PASSED] - for ([i = 0, i < b.size(), (i++)]): null

2023-05-17 19:54:56 - [TEST_STEP][PASSED] - y1 = b.get(i): null

2023-05-17 19:54:56 - [TEST_STEP][PASSED] - z1 = y1.getText(): null

2023-05-17 19:54:56 - [TEST_STEP][PASSED] - out.println(z1): null

2023-05-17 19:54:56 - [TEST_STEP][PASSED] - if (z1.equals(P1)): null

2023-05-17 19:54:56 - [TEST_STEP][PASSED] - y1 = b.get(i): null

2023-05-17 19:54:56 - [TEST_STEP][PASSED] - z1 = y1.getText(): null

2023-05-17 19:54:56 - [TEST_STEP][PASSED] - out.println(z1): null

2023-05-17 19:54:56 - [TEST_STEP][PASSED] - if (z1.equals(P1)): null

2023-05-17 19:54:56 - [TEST_STEP][PASSED] - y1 = b.get(i): null

2023-05-17 19:54:56 - [TEST_STEP][PASSED] - z1 = y1.getText(): null

2023-05-17 19:54:56 - [TEST_STEP][PASSED] - out.println(z1): null

2023-05-17 19:54:56 - [TEST_STEP][PASSED] - if (z1.equals(P1)): null

2023-05-17 19:54:56 - [TEST_STEP][PASSED] - y1 = b.get(i): null

2023-05-17 19:54:56 - [TEST_STEP][PASSED] - z1 = y1.getText(): null

2023-05-17 19:54:56 - [TEST_STEP][PASSED] - out.println(z1): null

2023-05-17 19:54:56 - [TEST_STEP][PASSED] - if (z1.equals(P1)): null

2023-05-17 19:54:56 - [TEST_STEP][PASSED] - y1 = b.get(i): null

2023-05-17 19:54:56 - [TEST_STEP][PASSED] - z1 = y1.getText(): null

2023-05-17 19:54:56 - [TEST_STEP][PASSED] - out.println(z1): null

2023-05-17 19:54:56 - [TEST_STEP][PASSED] - if (z1.equals(P1)): null

2023-05-17 19:54:56 - [TEST_STEP][PASSED] - y1.click(): null

2023-05-17 19:54:57 - [TEST_STEP][PASSED] - break: null

2023-05-17 19:54:57 - [TEST_STEP][PASSED] - out.print("good"): null

2023-05-17 19:54:57 - [TEST_STEP][PASSED] - click(findTestObject("Login_SelectDatabase/button_Use Selected Database")): Object: 'Object Repository/Login_SelectDatabase/button_Use Selected Database' is clicked on

2023-05-17 19:54:57 - [MESSAGE][PASSED] - Object: 'Object Repository/Login_SelectDatabase/button_Use Selected Database' is clicked on]]></system-out>
         <system-err><![CDATA[]]></system-err>
      </testcase>
      <testcase name="Test Cases/Site creation - Suite" time="83.153" classname="Test Cases/Site creation - Suite" status="PASSED">
         <system-out><![CDATA[2023-05-17 19:54:57 - [TEST_CASE][PASSED] - Test Cases/Site creation - Suite: Test Cases/Site creation - Suite

2023-05-17 19:55:00 - [TEST_STEP][PASSED] - delay(5): Delayed 5 second(s)

2023-05-17 19:55:05 - [MESSAGE][PASSED] - Delayed 5 second(s)

2023-05-17 19:55:05 - [TEST_STEP][PASSED] - click(findTestObject("ELL Menu/Select_MenuIcon")): Object: 'Object Repository/ELL Menu/Select_MenuIcon' is clicked on

2023-05-17 19:55:17 - [MESSAGE][PASSED] - Object: 'Object Repository/ELL Menu/Select_MenuIcon' is clicked on

2023-05-17 19:55:17 - [TEST_STEP][PASSED] - click(findTestObject("ELL Menu/a_ADMINISTRATION")): Object: 'Object Repository/ELL Menu/a_ADMINISTRATION' is clicked on

2023-05-17 19:55:18 - [MESSAGE][PASSED] - Object: 'Object Repository/ELL Menu/a_ADMINISTRATION' is clicked on

2023-05-17 19:55:18 - [TEST_STEP][PASSED] - click(findTestObject("Site creation/button_Add Site")): Object: 'Object Repository/Site creation/button_Add Site' is clicked on

2023-05-17 19:55:21 - [MESSAGE][PASSED] - Object: 'Object Repository/Site creation/button_Add Site' is clicked on

2023-05-17 19:55:21 - [TEST_STEP][PASSED] - click(findTestObject("Site creation/input_Site Name")): Object: 'Object Repository/Site creation/input_Site Name' is clicked on

2023-05-17 19:55:21 - [MESSAGE][PASSED] - Object: 'Object Repository/Site creation/input_Site Name' is clicked on

2023-05-17 19:55:21 - [TEST_STEP][PASSED] - dateFormat = new java.text.SimpleDateFormat(yyyy/dd/MM HH:mm:ss): null

2023-05-17 19:55:21 - [TEST_STEP][PASSED] - date = new java.util.Date(): null

2023-05-17 19:55:21 - [TEST_STEP][PASSED] - a = dateFormat.format(date): null

2023-05-17 19:55:21 - [TEST_STEP][PASSED] - println(a): null

2023-05-17 19:55:21 - [TEST_STEP][PASSED] - b = " - ": null

2023-05-17 19:55:21 - [TEST_STEP][PASSED] - Site = findTestData("Site Data").getValue("Site Name", 1) + b + a: null

2023-05-17 19:55:21 - [TEST_STEP][PASSED] - println(Site): null

2023-05-17 19:55:21 - [TEST_STEP][PASSED] - logInfo(Site): Madurai - 2023/17/05 19:55:21

2023-05-17 19:55:21 - [MESSAGE][INFO] - Madurai - 2023/17/05 19:55:21

2023-05-17 19:55:21 - [TEST_STEP][PASSED] - Excel.writeData("ELL_Departments & Units", "Add D&U", 1, 1, Site): null

2023-05-17 19:55:22 - [TEST_STEP][PASSED] - setText(findTestObject("Site creation/input_Site Name"), Site): Text 'Madurai - 2023/17/05 19:55:21' is set on object 'Object Repository/Site creation/input_Site Name'

2023-05-17 19:55:22 - [MESSAGE][PASSED] - Text 'Madurai - 2023/17/05 19:55:21' is set on object 'Object Repository/Site creation/input_Site Name'

2023-05-17 19:55:22 - [TEST_STEP][PASSED] - s1 = getAttribute(findTestObject("Site creation/input_Site Name"), "value"): Attribute 'value' of object 'Object Repository/Site creation/input_Site Name' is: 'Madurai - 2023/17/05 19:55:21'

2023-05-17 19:55:23 - [MESSAGE][PASSED] - Attribute 'value' of object 'Object Repository/Site creation/input_Site Name' is: 'Madurai - 2023/17/05 19:55:21'

2023-05-17 19:55:23 - [TEST_STEP][PASSED] - println(s1): null

2023-05-17 19:55:23 - [TEST_STEP][PASSED] - verifyEqual(Site, s1): Actual object 'Madurai - 2023/17/05 19:55:21' and expected object 'Madurai - 2023/17/05 19:55:21' are equal

2023-05-17 19:55:23 - [MESSAGE][PASSED] - Actual object 'Madurai - 2023/17/05 19:55:21' and expected object 'Madurai - 2023/17/05 19:55:21' are equal

2023-05-17 19:55:23 - [TEST_STEP][PASSED] - A1 = findTestData("Site Data").getValue("Address", 1): null

2023-05-17 19:55:23 - [TEST_STEP][PASSED] - setText(findTestObject("Site creation/input_Address"), A1): Text '221 Hudson Street' is set on object 'Object Repository/Site creation/input_Address'

2023-05-17 19:55:24 - [MESSAGE][PASSED] - Text '221 Hudson Street' is set on object 'Object Repository/Site creation/input_Address'

2023-05-17 19:55:24 - [TEST_STEP][PASSED] - A2 = getAttribute(findTestObject("Site creation/input_Address"), "value"): Attribute 'value' of object 'Object Repository/Site creation/input_Address' is: '221 Hudson Street'

2023-05-17 19:55:24 - [MESSAGE][PASSED] - Attribute 'value' of object 'Object Repository/Site creation/input_Address' is: '221 Hudson Street'

2023-05-17 19:55:24 - [TEST_STEP][PASSED] - println(A2): null

2023-05-17 19:55:24 - [TEST_STEP][PASSED] - verifyEqual(A1, A2): Actual object '221 Hudson Street' and expected object '221 Hudson Street' are equal

2023-05-17 19:55:24 - [MESSAGE][PASSED] - Actual object '221 Hudson Street' and expected object '221 Hudson Street' are equal

2023-05-17 19:55:24 - [TEST_STEP][PASSED] - c1 = findTestData("Site Data").getValue("City", 1): null

2023-05-17 19:55:24 - [TEST_STEP][PASSED] - setText(findTestObject("Site creation/input_City_city"), c1): Text 'NY' is set on object 'Object Repository/Site creation/input_City_city'

2023-05-17 19:55:25 - [MESSAGE][PASSED] - Text 'NY' is set on object 'Object Repository/Site creation/input_City_city'

2023-05-17 19:55:25 - [TEST_STEP][PASSED] - c2 = getAttribute(findTestObject("Site creation/input_City_city"), "value"): Attribute 'value' of object 'Object Repository/Site creation/input_City_city' is: 'NY'

2023-05-17 19:55:26 - [MESSAGE][PASSED] - Attribute 'value' of object 'Object Repository/Site creation/input_City_city' is: 'NY'

2023-05-17 19:55:26 - [TEST_STEP][PASSED] - verifyEqual(c1, c2): Actual object 'NY' and expected object 'NY' are equal

2023-05-17 19:55:26 - [MESSAGE][PASSED] - Actual object 'NY' and expected object 'NY' are equal

2023-05-17 19:55:26 - [TEST_STEP][PASSED] - S5 = findTestData("Site Data").getValue("State", 1): null

2023-05-17 19:55:26 - [TEST_STEP][PASSED] - setText(findTestObject("Site creation/input_State_state"), S5): Text 'Rochester' is set on object 'Object Repository/Site creation/input_State_state'

2023-05-17 19:55:27 - [MESSAGE][PASSED] - Text 'Rochester' is set on object 'Object Repository/Site creation/input_State_state'

2023-05-17 19:55:27 - [TEST_STEP][PASSED] - S6 = getAttribute(findTestObject("Site creation/input_State_state"), "value"): Attribute 'value' of object 'Object Repository/Site creation/input_State_state' is: 'Rochester'

2023-05-17 19:55:27 - [MESSAGE][PASSED] - Attribute 'value' of object 'Object Repository/Site creation/input_State_state' is: 'Rochester'

2023-05-17 19:55:27 - [TEST_STEP][PASSED] - verifyEqual(S5, S6): Actual object 'Rochester' and expected object 'Rochester' are equal

2023-05-17 19:55:27 - [MESSAGE][PASSED] - Actual object 'Rochester' and expected object 'Rochester' are equal

2023-05-17 19:55:27 - [TEST_STEP][PASSED] - z1 = findTestData("Site Data").getValue("Zip", 1): null

2023-05-17 19:55:27 - [TEST_STEP][PASSED] - setText(findTestObject("Site creation/input_Zip_zip"), z1): Text '14609' is set on object 'Object Repository/Site creation/input_Zip_zip'

2023-05-17 19:55:28 - [MESSAGE][PASSED] - Text '14609' is set on object 'Object Repository/Site creation/input_Zip_zip'

2023-05-17 19:55:28 - [TEST_STEP][PASSED] - z2 = getAttribute(findTestObject("Site creation/input_Zip_zip"), "value"): Attribute 'value' of object 'Object Repository/Site creation/input_Zip_zip' is: '14609'

2023-05-17 19:55:28 - [MESSAGE][PASSED] - Attribute 'value' of object 'Object Repository/Site creation/input_Zip_zip' is: '14609'

2023-05-17 19:55:28 - [TEST_STEP][PASSED] - verifyEqual(z1, z2): Actual object '14609' and expected object '14609' are equal

2023-05-17 19:55:28 - [MESSAGE][PASSED] - Actual object '14609' and expected object '14609' are equal

2023-05-17 19:55:28 - [TEST_STEP][PASSED] - selectOptionByLabel(findTestObject("Site creation/select_country"), findTestData("Site Data").getValue("Country", 1), true): All options with label 'United States' are selected in object 'Object Repository/Site creation/select_country'  using regular expression

2023-05-17 19:55:36 - [MESSAGE][PASSED] - All options with label 'United States' are selected in object 'Object Repository/Site creation/select_country'  using regular expression

2023-05-17 19:55:36 - [TEST_STEP][PASSED] - verifyOptionPresentByLabel(findTestObject("Site creation/select_country"), findTestData("Site Data").getValue("Country", 1), false, 0): 1 option(s) with label 'United States' is/are present in object 'Object Repository/Site creation/select_country' 

2023-05-17 19:55:36 - [MESSAGE][WARNING] - Timeout '0' is invalid. Using default page load timeout: '30'

2023-05-17 19:55:40 - [MESSAGE][PASSED] - 1 option(s) with label 'United States' is/are present in object 'Object Repository/Site creation/select_country' 

2023-05-17 19:55:40 - [TEST_STEP][PASSED] - setText(findTestObject("Site creation/input_Phone_phone"), findTestData("Site Data").getValue("Phone", 1)): Text '1234567890' is set on object 'Object Repository/Site creation/input_Phone_phone'

2023-05-17 19:55:41 - [MESSAGE][PASSED] - Text '1234567890' is set on object 'Object Repository/Site creation/input_Phone_phone'

2023-05-17 19:55:41 - [TEST_STEP][PASSED] - selectOptionByLabel(findTestObject("Site creation/select_Timezone"), findTestData("Site Data").getValue("Timezone", 1), true): All options with label 'EST' are selected in object 'Object Repository/Site creation/select_Timezone'  using regular expression

2023-05-17 19:55:58 - [MESSAGE][PASSED] - All options with label 'EST' are selected in object 'Object Repository/Site creation/select_Timezone'  using regular expression

2023-05-17 19:55:58 - [TEST_STEP][PASSED] - verifyOptionPresentByLabel(findTestObject("Site creation/select_Timezone"), findTestData("Site Data").getValue("Timezone", 1), false, 0): 1 option(s) with label 'EST' is/are present in object 'Object Repository/Site creation/select_Timezone' 

2023-05-17 19:55:58 - [MESSAGE][WARNING] - Timeout '0' is invalid. Using default page load timeout: '30'

2023-05-17 19:56:05 - [MESSAGE][PASSED] - 1 option(s) with label 'EST' is/are present in object 'Object Repository/Site creation/select_Timezone' 

2023-05-17 19:56:05 - [TEST_STEP][PASSED] - click(findTestObject("Site creation/input_system_Schedule")): Object: 'Object Repository/Site creation/input_system_Schedule' is clicked on

2023-05-17 19:56:06 - [MESSAGE][PASSED] - Object: 'Object Repository/Site creation/input_system_Schedule' is clicked on

2023-05-17 19:56:06 - [TEST_STEP][PASSED] - click(findTestObject("Site creation/SA_ON")): Object: 'Object Repository/Site creation/SA_ON' is clicked on

2023-05-17 19:56:06 - [MESSAGE][PASSED] - Object: 'Object Repository/Site creation/SA_ON' is clicked on

2023-05-17 19:56:06 - [TEST_STEP][PASSED] - click(findTestObject("Site creation/SU_ON")): Object: 'Object Repository/Site creation/SU_ON' is clicked on

2023-05-17 19:56:07 - [MESSAGE][PASSED] - Object: 'Object Repository/Site creation/SU_ON' is clicked on

2023-05-17 19:56:07 - [TEST_STEP][PASSED] - click(findTestObject("Site creation/button_Save")): Object: 'Object Repository/Site creation/button_Save' is clicked on

2023-05-17 19:56:07 - [MESSAGE][PASSED] - Object: 'Object Repository/Site creation/button_Save' is clicked on

2023-05-17 19:56:07 - [TEST_STEP][PASSED] - verifyElementPresent(findTestObject("Site creation/div_Success  Site added successfully"), 0): Object 'Object Repository/Site creation/div_Success  Site added successfully' is present

2023-05-17 19:56:07 - [MESSAGE][WARNING] - Timeout '0' is invalid. Using default page load timeout: '30'

2023-05-17 19:56:10 - [MESSAGE][PASSED] - Object 'Object Repository/Site creation/div_Success  Site added successfully' is present

2023-05-17 19:56:10 - [TEST_STEP][PASSED] - c = getText(findTestObject("Site creation/div_Success  Site added successfully")): Text of object 'Object Repository/Site creation/div_Success  Site added successfully' is: 'Success!
Site added successfully.'

2023-05-17 19:56:10 - [MESSAGE][PASSED] - Text of object 'Object Repository/Site creation/div_Success  Site added successfully' is: 'Success!
Site added successfully.'

2023-05-17 19:56:10 - [TEST_STEP][PASSED] - println(c): null

2023-05-17 19:56:10 - [TEST_STEP][PASSED] - logInfo(c): Success!
Site added successfully.

2023-05-17 19:56:10 - [MESSAGE][INFO] - Success!
Site added successfully.

2023-05-17 19:56:10 - [TEST_STEP][PASSED] - click(findTestObject("Site creation/div_click")): Object: 'Object Repository/Site creation/div_click' is clicked on

2023-05-17 19:56:11 - [MESSAGE][PASSED] - Object: 'Object Repository/Site creation/div_click' is clicked on

2023-05-17 19:56:11 - [TEST_STEP][PASSED] - driver = getWebDriver(): null

2023-05-17 19:56:11 - [TEST_STEP][PASSED] - executor = driver: null

2023-05-17 19:56:11 - [TEST_STEP][PASSED] - li = driver.findElements(By.xpath("//div[@class=" + "'col']")): null

2023-05-17 19:56:11 - [TEST_STEP][PASSED] - op = li.size(): null

2023-05-17 19:56:11 - [TEST_STEP][PASSED] - println(op): null

2023-05-17 19:56:11 - [TEST_STEP][PASSED] - for ([i = 0, i < li.size(), (i++)]): null

2023-05-17 19:56:11 - [TEST_STEP][PASSED] - x2 = li.get(i): null

2023-05-17 19:56:11 - [TEST_STEP][PASSED] - x3 = x2.getText(): null

2023-05-17 19:56:11 - [TEST_STEP][PASSED] - println(x3): null

2023-05-17 19:56:11 - [TEST_STEP][PASSED] - if (Site.equals(x3)): null

2023-05-17 19:56:11 - [TEST_STEP][PASSED] - x2 = li.get(i): null

2023-05-17 19:56:11 - [TEST_STEP][PASSED] - x3 = x2.getText(): null

2023-05-17 19:56:11 - [TEST_STEP][PASSED] - println(x3): null

2023-05-17 19:56:11 - [TEST_STEP][PASSED] - if (Site.equals(x3)): null

2023-05-17 19:56:11 - [TEST_STEP][PASSED] - x2 = li.get(i): null

2023-05-17 19:56:11 - [TEST_STEP][PASSED] - x3 = x2.getText(): null

2023-05-17 19:56:11 - [TEST_STEP][PASSED] - println(x3): null

2023-05-17 19:56:11 - [TEST_STEP][PASSED] - if (Site.equals(x3)): null

2023-05-17 19:56:11 - [TEST_STEP][PASSED] - x2 = li.get(i): null

2023-05-17 19:56:11 - [TEST_STEP][PASSED] - x3 = x2.getText(): null

2023-05-17 19:56:11 - [TEST_STEP][PASSED] - println(x3): null

2023-05-17 19:56:11 - [TEST_STEP][PASSED] - if (Site.equals(x3)): null

2023-05-17 19:56:11 - [TEST_STEP][PASSED] - x2 = li.get(i): null

2023-05-17 19:56:11 - [TEST_STEP][PASSED] - x3 = x2.getText(): null

2023-05-17 19:56:11 - [TEST_STEP][PASSED] - println(x3): null

2023-05-17 19:56:11 - [TEST_STEP][PASSED] - if (Site.equals(x3)): null

2023-05-17 19:56:11 - [TEST_STEP][PASSED] - x2 = li.get(i): null

2023-05-17 19:56:11 - [TEST_STEP][PASSED] - x3 = x2.getText(): null

2023-05-17 19:56:11 - [TEST_STEP][PASSED] - println(x3): null

2023-05-17 19:56:11 - [TEST_STEP][PASSED] - if (Site.equals(x3)): null

2023-05-17 19:56:11 - [TEST_STEP][PASSED] - x2 = li.get(i): null

2023-05-17 19:56:11 - [TEST_STEP][PASSED] - x3 = x2.getText(): null

2023-05-17 19:56:11 - [TEST_STEP][PASSED] - println(x3): null

2023-05-17 19:56:11 - [TEST_STEP][PASSED] - if (Site.equals(x3)): null

2023-05-17 19:56:11 - [TEST_STEP][PASSED] - x2 = li.get(i): null

2023-05-17 19:56:11 - [TEST_STEP][PASSED] - x3 = x2.getText(): null

2023-05-17 19:56:11 - [TEST_STEP][PASSED] - println(x3): null

2023-05-17 19:56:11 - [TEST_STEP][PASSED] - if (Site.equals(x3)): null

2023-05-17 19:56:11 - [TEST_STEP][PASSED] - x2 = li.get(i): null

2023-05-17 19:56:11 - [TEST_STEP][PASSED] - x3 = x2.getText(): null

2023-05-17 19:56:11 - [TEST_STEP][PASSED] - println(x3): null

2023-05-17 19:56:11 - [TEST_STEP][PASSED] - if (Site.equals(x3)): null

2023-05-17 19:56:11 - [TEST_STEP][PASSED] - x2 = li.get(i): null

2023-05-17 19:56:12 - [TEST_STEP][PASSED] - x3 = x2.getText(): null

2023-05-17 19:56:12 - [TEST_STEP][PASSED] - println(x3): null

2023-05-17 19:56:12 - [TEST_STEP][PASSED] - if (Site.equals(x3)): null

2023-05-17 19:56:12 - [TEST_STEP][PASSED] - x2 = li.get(i): null

2023-05-17 19:56:12 - [TEST_STEP][PASSED] - x3 = x2.getText(): null

2023-05-17 19:56:12 - [TEST_STEP][PASSED] - println(x3): null

2023-05-17 19:56:12 - [TEST_STEP][PASSED] - if (Site.equals(x3)): null

2023-05-17 19:56:12 - [TEST_STEP][PASSED] - x2 = li.get(i): null

2023-05-17 19:56:12 - [TEST_STEP][PASSED] - x3 = x2.getText(): null

2023-05-17 19:56:12 - [TEST_STEP][PASSED] - println(x3): null

2023-05-17 19:56:12 - [TEST_STEP][PASSED] - if (Site.equals(x3)): null

2023-05-17 19:56:12 - [TEST_STEP][PASSED] - x2 = li.get(i): null

2023-05-17 19:56:12 - [TEST_STEP][PASSED] - x3 = x2.getText(): null

2023-05-17 19:56:12 - [TEST_STEP][PASSED] - println(x3): null

2023-05-17 19:56:12 - [TEST_STEP][PASSED] - if (Site.equals(x3)): null

2023-05-17 19:56:12 - [TEST_STEP][PASSED] - x2 = li.get(i): null

2023-05-17 19:56:12 - [TEST_STEP][PASSED] - x3 = x2.getText(): null

2023-05-17 19:56:12 - [TEST_STEP][PASSED] - println(x3): null

2023-05-17 19:56:12 - [TEST_STEP][PASSED] - if (Site.equals(x3)): null

2023-05-17 19:56:12 - [TEST_STEP][PASSED] - x2 = li.get(i): null

2023-05-17 19:56:12 - [TEST_STEP][PASSED] - x3 = x2.getText(): null

2023-05-17 19:56:12 - [TEST_STEP][PASSED] - println(x3): null

2023-05-17 19:56:12 - [TEST_STEP][PASSED] - if (Site.equals(x3)): null

2023-05-17 19:56:12 - [TEST_STEP][PASSED] - x2 = li.get(i): null

2023-05-17 19:56:12 - [TEST_STEP][PASSED] - x3 = x2.getText(): null

2023-05-17 19:56:12 - [TEST_STEP][PASSED] - println(x3): null

2023-05-17 19:56:12 - [TEST_STEP][PASSED] - if (Site.equals(x3)): null

2023-05-17 19:56:12 - [TEST_STEP][PASSED] - x2 = li.get(i): null

2023-05-17 19:56:12 - [TEST_STEP][PASSED] - x3 = x2.getText(): null

2023-05-17 19:56:12 - [TEST_STEP][PASSED] - println(x3): null

2023-05-17 19:56:12 - [TEST_STEP][PASSED] - if (Site.equals(x3)): null

2023-05-17 19:56:12 - [TEST_STEP][PASSED] - x2 = li.get(i): null

2023-05-17 19:56:12 - [TEST_STEP][PASSED] - x3 = x2.getText(): null

2023-05-17 19:56:12 - [TEST_STEP][PASSED] - println(x3): null

2023-05-17 19:56:12 - [TEST_STEP][PASSED] - if (Site.equals(x3)): null

2023-05-17 19:56:12 - [TEST_STEP][PASSED] - x2 = li.get(i): null

2023-05-17 19:56:12 - [TEST_STEP][PASSED] - x3 = x2.getText(): null

2023-05-17 19:56:12 - [TEST_STEP][PASSED] - println(x3): null

2023-05-17 19:56:12 - [TEST_STEP][PASSED] - if (Site.equals(x3)): null

2023-05-17 19:56:12 - [TEST_STEP][PASSED] - x2 = li.get(i): null

2023-05-17 19:56:12 - [TEST_STEP][PASSED] - x3 = x2.getText(): null

2023-05-17 19:56:12 - [TEST_STEP][PASSED] - println(x3): null

2023-05-17 19:56:12 - [TEST_STEP][PASSED] - if (Site.equals(x3)): null

2023-05-17 19:56:12 - [TEST_STEP][PASSED] - x2 = li.get(i): null

2023-05-17 19:56:12 - [TEST_STEP][PASSED] - x3 = x2.getText(): null

2023-05-17 19:56:12 - [TEST_STEP][PASSED] - println(x3): null

2023-05-17 19:56:12 - [TEST_STEP][PASSED] - if (Site.equals(x3)): null

2023-05-17 19:56:12 - [TEST_STEP][PASSED] - x2 = li.get(i): null

2023-05-17 19:56:12 - [TEST_STEP][PASSED] - x3 = x2.getText(): null

2023-05-17 19:56:12 - [TEST_STEP][PASSED] - println(x3): null

2023-05-17 19:56:12 - [TEST_STEP][PASSED] - if (Site.equals(x3)): null

2023-05-17 19:56:12 - [TEST_STEP][PASSED] - x2 = li.get(i): null

2023-05-17 19:56:12 - [TEST_STEP][PASSED] - x3 = x2.getText(): null

2023-05-17 19:56:12 - [TEST_STEP][PASSED] - println(x3): null

2023-05-17 19:56:12 - [TEST_STEP][PASSED] - if (Site.equals(x3)): null

2023-05-17 19:56:12 - [TEST_STEP][PASSED] - x2 = li.get(i): null

2023-05-17 19:56:12 - [TEST_STEP][PASSED] - x3 = x2.getText(): null

2023-05-17 19:56:12 - [TEST_STEP][PASSED] - println(x3): null

2023-05-17 19:56:12 - [TEST_STEP][PASSED] - if (Site.equals(x3)): null

2023-05-17 19:56:12 - [TEST_STEP][PASSED] - x2 = li.get(i): null

2023-05-17 19:56:12 - [TEST_STEP][PASSED] - x3 = x2.getText(): null

2023-05-17 19:56:12 - [TEST_STEP][PASSED] - println(x3): null

2023-05-17 19:56:12 - [TEST_STEP][PASSED] - if (Site.equals(x3)): null

2023-05-17 19:56:12 - [TEST_STEP][PASSED] - x2 = li.get(i): null

2023-05-17 19:56:12 - [TEST_STEP][PASSED] - x3 = x2.getText(): null

2023-05-17 19:56:12 - [TEST_STEP][PASSED] - println(x3): null

2023-05-17 19:56:12 - [TEST_STEP][PASSED] - if (Site.equals(x3)): null

2023-05-17 19:56:12 - [TEST_STEP][PASSED] - x2 = li.get(i): null

2023-05-17 19:56:12 - [TEST_STEP][PASSED] - x3 = x2.getText(): null

2023-05-17 19:56:12 - [TEST_STEP][PASSED] - println(x3): null

2023-05-17 19:56:12 - [TEST_STEP][PASSED] - if (Site.equals(x3)): null

2023-05-17 19:56:12 - [TEST_STEP][PASSED] - x2 = li.get(i): null

2023-05-17 19:56:12 - [TEST_STEP][PASSED] - x3 = x2.getText(): null

2023-05-17 19:56:12 - [TEST_STEP][PASSED] - println(x3): null

2023-05-17 19:56:12 - [TEST_STEP][PASSED] - if (Site.equals(x3)): null

2023-05-17 19:56:12 - [TEST_STEP][PASSED] - x2 = li.get(i): null

2023-05-17 19:56:12 - [TEST_STEP][PASSED] - x3 = x2.getText(): null

2023-05-17 19:56:12 - [TEST_STEP][PASSED] - println(x3): null

2023-05-17 19:56:12 - [TEST_STEP][PASSED] - if (Site.equals(x3)): null

2023-05-17 19:56:12 - [TEST_STEP][PASSED] - x2 = li.get(i): null

2023-05-17 19:56:12 - [TEST_STEP][PASSED] - x3 = x2.getText(): null

2023-05-17 19:56:12 - [TEST_STEP][PASSED] - println(x3): null

2023-05-17 19:56:12 - [TEST_STEP][PASSED] - if (Site.equals(x3)): null

2023-05-17 19:56:12 - [TEST_STEP][PASSED] - x2 = li.get(i): null

2023-05-17 19:56:12 - [TEST_STEP][PASSED] - x3 = x2.getText(): null

2023-05-17 19:56:12 - [TEST_STEP][PASSED] - println(x3): null

2023-05-17 19:56:12 - [TEST_STEP][PASSED] - if (Site.equals(x3)): null

2023-05-17 19:56:12 - [TEST_STEP][PASSED] - x2 = li.get(i): null

2023-05-17 19:56:12 - [TEST_STEP][PASSED] - x3 = x2.getText(): null

2023-05-17 19:56:12 - [TEST_STEP][PASSED] - println(x3): null

2023-05-17 19:56:12 - [TEST_STEP][PASSED] - if (Site.equals(x3)): null

2023-05-17 19:56:12 - [TEST_STEP][PASSED] - x2 = li.get(i): null

2023-05-17 19:56:12 - [TEST_STEP][PASSED] - x3 = x2.getText(): null

2023-05-17 19:56:12 - [TEST_STEP][PASSED] - println(x3): null

2023-05-17 19:56:12 - [TEST_STEP][PASSED] - if (Site.equals(x3)): null

2023-05-17 19:56:12 - [TEST_STEP][PASSED] - x2 = li.get(i): null

2023-05-17 19:56:12 - [TEST_STEP][PASSED] - x3 = x2.getText(): null

2023-05-17 19:56:12 - [TEST_STEP][PASSED] - println(x3): null

2023-05-17 19:56:12 - [TEST_STEP][PASSED] - if (Site.equals(x3)): null

2023-05-17 19:56:12 - [TEST_STEP][PASSED] - x2 = li.get(i): null

2023-05-17 19:56:12 - [TEST_STEP][PASSED] - x3 = x2.getText(): null

2023-05-17 19:56:12 - [TEST_STEP][PASSED] - println(x3): null

2023-05-17 19:56:12 - [TEST_STEP][PASSED] - if (Site.equals(x3)): null

2023-05-17 19:56:12 - [TEST_STEP][PASSED] - x2 = li.get(i): null

2023-05-17 19:56:12 - [TEST_STEP][PASSED] - x3 = x2.getText(): null

2023-05-17 19:56:12 - [TEST_STEP][PASSED] - println(x3): null

2023-05-17 19:56:12 - [TEST_STEP][PASSED] - if (Site.equals(x3)): null

2023-05-17 19:56:12 - [TEST_STEP][PASSED] - x2 = li.get(i): null

2023-05-17 19:56:12 - [TEST_STEP][PASSED] - x3 = x2.getText(): null

2023-05-17 19:56:12 - [TEST_STEP][PASSED] - println(x3): null

2023-05-17 19:56:12 - [TEST_STEP][PASSED] - if (Site.equals(x3)): null

2023-05-17 19:56:12 - [TEST_STEP][PASSED] - x2 = li.get(i): null

2023-05-17 19:56:12 - [TEST_STEP][PASSED] - x3 = x2.getText(): null

2023-05-17 19:56:12 - [TEST_STEP][PASSED] - println(x3): null

2023-05-17 19:56:12 - [TEST_STEP][PASSED] - if (Site.equals(x3)): null

2023-05-17 19:56:12 - [TEST_STEP][PASSED] - x2 = li.get(i): null

2023-05-17 19:56:12 - [TEST_STEP][PASSED] - x3 = x2.getText(): null

2023-05-17 19:56:12 - [TEST_STEP][PASSED] - println(x3): null

2023-05-17 19:56:12 - [TEST_STEP][PASSED] - if (Site.equals(x3)): null

2023-05-17 19:56:12 - [TEST_STEP][PASSED] - x2 = li.get(i): null

2023-05-17 19:56:12 - [TEST_STEP][PASSED] - x3 = x2.getText(): null

2023-05-17 19:56:12 - [TEST_STEP][PASSED] - println(x3): null

2023-05-17 19:56:12 - [TEST_STEP][PASSED] - if (Site.equals(x3)): null

2023-05-17 19:56:12 - [TEST_STEP][PASSED] - x2 = li.get(i): null

2023-05-17 19:56:12 - [TEST_STEP][PASSED] - x3 = x2.getText(): null

2023-05-17 19:56:12 - [TEST_STEP][PASSED] - println(x3): null

2023-05-17 19:56:12 - [TEST_STEP][PASSED] - if (Site.equals(x3)): null

2023-05-17 19:56:12 - [TEST_STEP][PASSED] - x2 = li.get(i): null

2023-05-17 19:56:12 - [TEST_STEP][PASSED] - x3 = x2.getText(): null

2023-05-17 19:56:12 - [TEST_STEP][PASSED] - println(x3): null

2023-05-17 19:56:12 - [TEST_STEP][PASSED] - if (Site.equals(x3)): null

2023-05-17 19:56:12 - [TEST_STEP][PASSED] - x2 = li.get(i): null

2023-05-17 19:56:12 - [TEST_STEP][PASSED] - x3 = x2.getText(): null

2023-05-17 19:56:12 - [TEST_STEP][PASSED] - println(x3): null

2023-05-17 19:56:12 - [TEST_STEP][PASSED] - if (Site.equals(x3)): null

2023-05-17 19:56:12 - [TEST_STEP][PASSED] - x2 = li.get(i): null

2023-05-17 19:56:12 - [TEST_STEP][PASSED] - x3 = x2.getText(): null

2023-05-17 19:56:12 - [TEST_STEP][PASSED] - println(x3): null

2023-05-17 19:56:12 - [TEST_STEP][PASSED] - if (Site.equals(x3)): null

2023-05-17 19:56:12 - [TEST_STEP][PASSED] - x2 = li.get(i): null

2023-05-17 19:56:12 - [TEST_STEP][PASSED] - x3 = x2.getText(): null

2023-05-17 19:56:12 - [TEST_STEP][PASSED] - println(x3): null

2023-05-17 19:56:12 - [TEST_STEP][PASSED] - if (Site.equals(x3)): null

2023-05-17 19:56:12 - [TEST_STEP][PASSED] - x2 = li.get(i): null

2023-05-17 19:56:12 - [TEST_STEP][PASSED] - x3 = x2.getText(): null

2023-05-17 19:56:12 - [TEST_STEP][PASSED] - println(x3): null

2023-05-17 19:56:12 - [TEST_STEP][PASSED] - if (Site.equals(x3)): null

2023-05-17 19:56:12 - [TEST_STEP][PASSED] - x2 = li.get(i): null

2023-05-17 19:56:12 - [TEST_STEP][PASSED] - x3 = x2.getText(): null

2023-05-17 19:56:12 - [TEST_STEP][PASSED] - println(x3): null

2023-05-17 19:56:12 - [TEST_STEP][PASSED] - if (Site.equals(x3)): null

2023-05-17 19:56:12 - [TEST_STEP][PASSED] - x2 = li.get(i): null

2023-05-17 19:56:12 - [TEST_STEP][PASSED] - x3 = x2.getText(): null

2023-05-17 19:56:12 - [TEST_STEP][PASSED] - println(x3): null

2023-05-17 19:56:12 - [TEST_STEP][PASSED] - if (Site.equals(x3)): null

2023-05-17 19:56:12 - [TEST_STEP][PASSED] - x2 = li.get(i): null

2023-05-17 19:56:12 - [TEST_STEP][PASSED] - x3 = x2.getText(): null

2023-05-17 19:56:12 - [TEST_STEP][PASSED] - println(x3): null

2023-05-17 19:56:12 - [TEST_STEP][PASSED] - if (Site.equals(x3)): null

2023-05-17 19:56:12 - [TEST_STEP][PASSED] - x2 = li.get(i): null

2023-05-17 19:56:12 - [TEST_STEP][PASSED] - x3 = x2.getText(): null

2023-05-17 19:56:12 - [TEST_STEP][PASSED] - println(x3): null

2023-05-17 19:56:12 - [TEST_STEP][PASSED] - if (Site.equals(x3)): null

2023-05-17 19:56:12 - [TEST_STEP][PASSED] - x2 = li.get(i): null

2023-05-17 19:56:12 - [TEST_STEP][PASSED] - x3 = x2.getText(): null

2023-05-17 19:56:12 - [TEST_STEP][PASSED] - println(x3): null

2023-05-17 19:56:12 - [TEST_STEP][PASSED] - if (Site.equals(x3)): null

2023-05-17 19:56:12 - [TEST_STEP][PASSED] - x2 = li.get(i): null

2023-05-17 19:56:12 - [TEST_STEP][PASSED] - x3 = x2.getText(): null

2023-05-17 19:56:12 - [TEST_STEP][PASSED] - println(x3): null

2023-05-17 19:56:12 - [TEST_STEP][PASSED] - if (Site.equals(x3)): null

2023-05-17 19:56:12 - [TEST_STEP][PASSED] - x2 = li.get(i): null

2023-05-17 19:56:12 - [TEST_STEP][PASSED] - x3 = x2.getText(): null

2023-05-17 19:56:12 - [TEST_STEP][PASSED] - println(x3): null

2023-05-17 19:56:12 - [TEST_STEP][PASSED] - if (Site.equals(x3)): null

2023-05-17 19:56:12 - [TEST_STEP][PASSED] - x2 = li.get(i): null

2023-05-17 19:56:12 - [TEST_STEP][PASSED] - x3 = x2.getText(): null

2023-05-17 19:56:12 - [TEST_STEP][PASSED] - println(x3): null

2023-05-17 19:56:12 - [TEST_STEP][PASSED] - if (Site.equals(x3)): null

2023-05-17 19:56:12 - [TEST_STEP][PASSED] - x2 = li.get(i): null

2023-05-17 19:56:12 - [TEST_STEP][PASSED] - x3 = x2.getText(): null

2023-05-17 19:56:12 - [TEST_STEP][PASSED] - println(x3): null

2023-05-17 19:56:12 - [TEST_STEP][PASSED] - if (Site.equals(x3)): null

2023-05-17 19:56:12 - [TEST_STEP][PASSED] - x2 = li.get(i): null

2023-05-17 19:56:12 - [TEST_STEP][PASSED] - x3 = x2.getText(): null

2023-05-17 19:56:12 - [TEST_STEP][PASSED] - println(x3): null

2023-05-17 19:56:12 - [TEST_STEP][PASSED] - if (Site.equals(x3)): null

2023-05-17 19:56:12 - [TEST_STEP][PASSED] - x2 = li.get(i): null

2023-05-17 19:56:12 - [TEST_STEP][PASSED] - x3 = x2.getText(): null

2023-05-17 19:56:13 - [TEST_STEP][PASSED] - println(x3): null

2023-05-17 19:56:13 - [TEST_STEP][PASSED] - if (Site.equals(x3)): null

2023-05-17 19:56:13 - [TEST_STEP][PASSED] - x2 = li.get(i): null

2023-05-17 19:56:13 - [TEST_STEP][PASSED] - x3 = x2.getText(): null

2023-05-17 19:56:13 - [TEST_STEP][PASSED] - println(x3): null

2023-05-17 19:56:13 - [TEST_STEP][PASSED] - if (Site.equals(x3)): null

2023-05-17 19:56:13 - [TEST_STEP][PASSED] - x2 = li.get(i): null

2023-05-17 19:56:13 - [TEST_STEP][PASSED] - x3 = x2.getText(): null

2023-05-17 19:56:13 - [TEST_STEP][PASSED] - println(x3): null

2023-05-17 19:56:13 - [TEST_STEP][PASSED] - if (Site.equals(x3)): null

2023-05-17 19:56:13 - [TEST_STEP][PASSED] - x2 = li.get(i): null

2023-05-17 19:56:13 - [TEST_STEP][PASSED] - x3 = x2.getText(): null

2023-05-17 19:56:13 - [TEST_STEP][PASSED] - println(x3): null

2023-05-17 19:56:13 - [TEST_STEP][PASSED] - if (Site.equals(x3)): null

2023-05-17 19:56:13 - [TEST_STEP][PASSED] - x2 = li.get(i): null

2023-05-17 19:56:13 - [TEST_STEP][PASSED] - x3 = x2.getText(): null

2023-05-17 19:56:13 - [TEST_STEP][PASSED] - println(x3): null

2023-05-17 19:56:13 - [TEST_STEP][PASSED] - if (Site.equals(x3)): null

2023-05-17 19:56:13 - [TEST_STEP][PASSED] - x2 = li.get(i): null

2023-05-17 19:56:13 - [TEST_STEP][PASSED] - x3 = x2.getText(): null

2023-05-17 19:56:13 - [TEST_STEP][PASSED] - println(x3): null

2023-05-17 19:56:13 - [TEST_STEP][PASSED] - if (Site.equals(x3)): null

2023-05-17 19:56:13 - [TEST_STEP][PASSED] - x2 = li.get(i): null

2023-05-17 19:56:13 - [TEST_STEP][PASSED] - x3 = x2.getText(): null

2023-05-17 19:56:13 - [TEST_STEP][PASSED] - println(x3): null

2023-05-17 19:56:13 - [TEST_STEP][PASSED] - if (Site.equals(x3)): null

2023-05-17 19:56:13 - [TEST_STEP][PASSED] - x2 = li.get(i): null

2023-05-17 19:56:13 - [TEST_STEP][PASSED] - x3 = x2.getText(): null

2023-05-17 19:56:13 - [TEST_STEP][PASSED] - println(x3): null

2023-05-17 19:56:13 - [TEST_STEP][PASSED] - if (Site.equals(x3)): null

2023-05-17 19:56:13 - [TEST_STEP][PASSED] - x2 = li.get(i): null

2023-05-17 19:56:13 - [TEST_STEP][PASSED] - x3 = x2.getText(): null

2023-05-17 19:56:13 - [TEST_STEP][PASSED] - println(x3): null

2023-05-17 19:56:13 - [TEST_STEP][PASSED] - if (Site.equals(x3)): null

2023-05-17 19:56:13 - [TEST_STEP][PASSED] - x2 = li.get(i): null

2023-05-17 19:56:13 - [TEST_STEP][PASSED] - x3 = x2.getText(): null

2023-05-17 19:56:13 - [TEST_STEP][PASSED] - println(x3): null

2023-05-17 19:56:13 - [TEST_STEP][PASSED] - if (Site.equals(x3)): null

2023-05-17 19:56:13 - [TEST_STEP][PASSED] - x2 = li.get(i): null

2023-05-17 19:56:13 - [TEST_STEP][PASSED] - x3 = x2.getText(): null

2023-05-17 19:56:13 - [TEST_STEP][PASSED] - println(x3): null

2023-05-17 19:56:13 - [TEST_STEP][PASSED] - if (Site.equals(x3)): null

2023-05-17 19:56:13 - [TEST_STEP][PASSED] - x2 = li.get(i): null

2023-05-17 19:56:13 - [TEST_STEP][PASSED] - x3 = x2.getText(): null

2023-05-17 19:56:13 - [TEST_STEP][PASSED] - println(x3): null

2023-05-17 19:56:13 - [TEST_STEP][PASSED] - if (Site.equals(x3)): null

2023-05-17 19:56:13 - [TEST_STEP][PASSED] - x2 = li.get(i): null

2023-05-17 19:56:13 - [TEST_STEP][PASSED] - x3 = x2.getText(): null

2023-05-17 19:56:13 - [TEST_STEP][PASSED] - println(x3): null

2023-05-17 19:56:13 - [TEST_STEP][PASSED] - if (Site.equals(x3)): null

2023-05-17 19:56:13 - [TEST_STEP][PASSED] - x2 = li.get(i): null

2023-05-17 19:56:13 - [TEST_STEP][PASSED] - x3 = x2.getText(): null

2023-05-17 19:56:13 - [TEST_STEP][PASSED] - println(x3): null

2023-05-17 19:56:13 - [TEST_STEP][PASSED] - if (Site.equals(x3)): null

2023-05-17 19:56:13 - [TEST_STEP][PASSED] - x2 = li.get(i): null

2023-05-17 19:56:13 - [TEST_STEP][PASSED] - x3 = x2.getText(): null

2023-05-17 19:56:13 - [TEST_STEP][PASSED] - println(x3): null

2023-05-17 19:56:13 - [TEST_STEP][PASSED] - if (Site.equals(x3)): null

2023-05-17 19:56:13 - [TEST_STEP][PASSED] - x2 = li.get(i): null

2023-05-17 19:56:13 - [TEST_STEP][PASSED] - x3 = x2.getText(): null

2023-05-17 19:56:13 - [TEST_STEP][PASSED] - println(x3): null

2023-05-17 19:56:13 - [TEST_STEP][PASSED] - if (Site.equals(x3)): null

2023-05-17 19:56:13 - [TEST_STEP][PASSED] - x2 = li.get(i): null

2023-05-17 19:56:13 - [TEST_STEP][PASSED] - x3 = x2.getText(): null

2023-05-17 19:56:13 - [TEST_STEP][PASSED] - println(x3): null

2023-05-17 19:56:13 - [TEST_STEP][PASSED] - if (Site.equals(x3)): null

2023-05-17 19:56:13 - [TEST_STEP][PASSED] - x2 = li.get(i): null

2023-05-17 19:56:13 - [TEST_STEP][PASSED] - x3 = x2.getText(): null

2023-05-17 19:56:13 - [TEST_STEP][PASSED] - println(x3): null

2023-05-17 19:56:13 - [TEST_STEP][PASSED] - if (Site.equals(x3)): null

2023-05-17 19:56:13 - [TEST_STEP][PASSED] - x2 = li.get(i): null

2023-05-17 19:56:13 - [TEST_STEP][PASSED] - x3 = x2.getText(): null

2023-05-17 19:56:13 - [TEST_STEP][PASSED] - println(x3): null

2023-05-17 19:56:13 - [TEST_STEP][PASSED] - if (Site.equals(x3)): null

2023-05-17 19:56:13 - [TEST_STEP][PASSED] - x2 = li.get(i): null

2023-05-17 19:56:13 - [TEST_STEP][PASSED] - x3 = x2.getText(): null

2023-05-17 19:56:13 - [TEST_STEP][PASSED] - println(x3): null

2023-05-17 19:56:13 - [TEST_STEP][PASSED] - if (Site.equals(x3)): null

2023-05-17 19:56:13 - [TEST_STEP][PASSED] - x2 = li.get(i): null

2023-05-17 19:56:13 - [TEST_STEP][PASSED] - x3 = x2.getText(): null

2023-05-17 19:56:13 - [TEST_STEP][PASSED] - println(x3): null

2023-05-17 19:56:13 - [TEST_STEP][PASSED] - if (Site.equals(x3)): null

2023-05-17 19:56:13 - [TEST_STEP][PASSED] - x2 = li.get(i): null

2023-05-17 19:56:13 - [TEST_STEP][PASSED] - x3 = x2.getText(): null

2023-05-17 19:56:13 - [TEST_STEP][PASSED] - println(x3): null

2023-05-17 19:56:13 - [TEST_STEP][PASSED] - if (Site.equals(x3)): null

2023-05-17 19:56:13 - [TEST_STEP][PASSED] - x2 = li.get(i): null

2023-05-17 19:56:13 - [TEST_STEP][PASSED] - x3 = x2.getText(): null

2023-05-17 19:56:13 - [TEST_STEP][PASSED] - println(x3): null

2023-05-17 19:56:13 - [TEST_STEP][PASSED] - if (Site.equals(x3)): null

2023-05-17 19:56:13 - [TEST_STEP][PASSED] - x2 = li.get(i): null

2023-05-17 19:56:13 - [TEST_STEP][PASSED] - x3 = x2.getText(): null

2023-05-17 19:56:13 - [TEST_STEP][PASSED] - println(x3): null

2023-05-17 19:56:13 - [TEST_STEP][PASSED] - if (Site.equals(x3)): null

2023-05-17 19:56:13 - [TEST_STEP][PASSED] - x2 = li.get(i): null

2023-05-17 19:56:13 - [TEST_STEP][PASSED] - x3 = x2.getText(): null

2023-05-17 19:56:13 - [TEST_STEP][PASSED] - println(x3): null

2023-05-17 19:56:13 - [TEST_STEP][PASSED] - if (Site.equals(x3)): null

2023-05-17 19:56:13 - [TEST_STEP][PASSED] - x2 = li.get(i): null

2023-05-17 19:56:13 - [TEST_STEP][PASSED] - x3 = x2.getText(): null

2023-05-17 19:56:13 - [TEST_STEP][PASSED] - println(x3): null

2023-05-17 19:56:13 - [TEST_STEP][PASSED] - if (Site.equals(x3)): null

2023-05-17 19:56:13 - [TEST_STEP][PASSED] - x2 = li.get(i): null

2023-05-17 19:56:13 - [TEST_STEP][PASSED] - x3 = x2.getText(): null

2023-05-17 19:56:13 - [TEST_STEP][PASSED] - println(x3): null

2023-05-17 19:56:13 - [TEST_STEP][PASSED] - if (Site.equals(x3)): null

2023-05-17 19:56:13 - [TEST_STEP][PASSED] - x2 = li.get(i): null

2023-05-17 19:56:13 - [TEST_STEP][PASSED] - x3 = x2.getText(): null

2023-05-17 19:56:13 - [TEST_STEP][PASSED] - println(x3): null

2023-05-17 19:56:13 - [TEST_STEP][PASSED] - if (Site.equals(x3)): null

2023-05-17 19:56:13 - [TEST_STEP][PASSED] - x2 = li.get(i): null

2023-05-17 19:56:13 - [TEST_STEP][PASSED] - x3 = x2.getText(): null

2023-05-17 19:56:13 - [TEST_STEP][PASSED] - println(x3): null

2023-05-17 19:56:13 - [TEST_STEP][PASSED] - if (Site.equals(x3)): null

2023-05-17 19:56:13 - [TEST_STEP][PASSED] - x2 = li.get(i): null

2023-05-17 19:56:13 - [TEST_STEP][PASSED] - x3 = x2.getText(): null

2023-05-17 19:56:13 - [TEST_STEP][PASSED] - println(x3): null

2023-05-17 19:56:13 - [TEST_STEP][PASSED] - if (Site.equals(x3)): null

2023-05-17 19:56:13 - [TEST_STEP][PASSED] - x2 = li.get(i): null

2023-05-17 19:56:13 - [TEST_STEP][PASSED] - x3 = x2.getText(): null

2023-05-17 19:56:13 - [TEST_STEP][PASSED] - println(x3): null

2023-05-17 19:56:13 - [TEST_STEP][PASSED] - if (Site.equals(x3)): null

2023-05-17 19:56:13 - [TEST_STEP][PASSED] - x2 = li.get(i): null

2023-05-17 19:56:13 - [TEST_STEP][PASSED] - x3 = x2.getText(): null

2023-05-17 19:56:13 - [TEST_STEP][PASSED] - println(x3): null

2023-05-17 19:56:13 - [TEST_STEP][PASSED] - if (Site.equals(x3)): null

2023-05-17 19:56:13 - [TEST_STEP][PASSED] - x2 = li.get(i): null

2023-05-17 19:56:13 - [TEST_STEP][PASSED] - x3 = x2.getText(): null

2023-05-17 19:56:13 - [TEST_STEP][PASSED] - println(x3): null

2023-05-17 19:56:13 - [TEST_STEP][PASSED] - if (Site.equals(x3)): null

2023-05-17 19:56:13 - [TEST_STEP][PASSED] - x2 = li.get(i): null

2023-05-17 19:56:13 - [TEST_STEP][PASSED] - x3 = x2.getText(): null

2023-05-17 19:56:13 - [TEST_STEP][PASSED] - println(x3): null

2023-05-17 19:56:13 - [TEST_STEP][PASSED] - if (Site.equals(x3)): null

2023-05-17 19:56:13 - [TEST_STEP][PASSED] - x2 = li.get(i): null

2023-05-17 19:56:13 - [TEST_STEP][PASSED] - x3 = x2.getText(): null

2023-05-17 19:56:13 - [TEST_STEP][PASSED] - println(x3): null

2023-05-17 19:56:13 - [TEST_STEP][PASSED] - if (Site.equals(x3)): null

2023-05-17 19:56:13 - [TEST_STEP][PASSED] - x2 = li.get(i): null

2023-05-17 19:56:13 - [TEST_STEP][PASSED] - x3 = x2.getText(): null

2023-05-17 19:56:13 - [TEST_STEP][PASSED] - println(x3): null

2023-05-17 19:56:13 - [TEST_STEP][PASSED] - if (Site.equals(x3)): null

2023-05-17 19:56:13 - [TEST_STEP][PASSED] - x2 = li.get(i): null

2023-05-17 19:56:13 - [TEST_STEP][PASSED] - x3 = x2.getText(): null

2023-05-17 19:56:13 - [TEST_STEP][PASSED] - println(x3): null

2023-05-17 19:56:13 - [TEST_STEP][PASSED] - if (Site.equals(x3)): null

2023-05-17 19:56:13 - [TEST_STEP][PASSED] - x2 = li.get(i): null

2023-05-17 19:56:13 - [TEST_STEP][PASSED] - x3 = x2.getText(): null

2023-05-17 19:56:13 - [TEST_STEP][PASSED] - println(x3): null

2023-05-17 19:56:13 - [TEST_STEP][PASSED] - if (Site.equals(x3)): null

2023-05-17 19:56:13 - [TEST_STEP][PASSED] - x2 = li.get(i): null

2023-05-17 19:56:13 - [TEST_STEP][PASSED] - x3 = x2.getText(): null

2023-05-17 19:56:13 - [TEST_STEP][PASSED] - println(x3): null

2023-05-17 19:56:13 - [TEST_STEP][PASSED] - if (Site.equals(x3)): null

2023-05-17 19:56:13 - [TEST_STEP][PASSED] - x2 = li.get(i): null

2023-05-17 19:56:13 - [TEST_STEP][PASSED] - x3 = x2.getText(): null

2023-05-17 19:56:13 - [TEST_STEP][PASSED] - println(x3): null

2023-05-17 19:56:13 - [TEST_STEP][PASSED] - if (Site.equals(x3)): null

2023-05-17 19:56:13 - [TEST_STEP][PASSED] - x2 = li.get(i): null

2023-05-17 19:56:13 - [TEST_STEP][PASSED] - x3 = x2.getText(): null

2023-05-17 19:56:13 - [TEST_STEP][PASSED] - println(x3): null

2023-05-17 19:56:13 - [TEST_STEP][PASSED] - if (Site.equals(x3)): null

2023-05-17 19:56:13 - [TEST_STEP][PASSED] - x2 = li.get(i): null

2023-05-17 19:56:13 - [TEST_STEP][PASSED] - x3 = x2.getText(): null

2023-05-17 19:56:13 - [TEST_STEP][PASSED] - println(x3): null

2023-05-17 19:56:13 - [TEST_STEP][PASSED] - if (Site.equals(x3)): null

2023-05-17 19:56:13 - [TEST_STEP][PASSED] - x2 = li.get(i): null

2023-05-17 19:56:13 - [TEST_STEP][PASSED] - x3 = x2.getText(): null

2023-05-17 19:56:13 - [TEST_STEP][PASSED] - println(x3): null

2023-05-17 19:56:13 - [TEST_STEP][PASSED] - if (Site.equals(x3)): null

2023-05-17 19:56:13 - [TEST_STEP][PASSED] - x2 = li.get(i): null

2023-05-17 19:56:13 - [TEST_STEP][PASSED] - x3 = x2.getText(): null

2023-05-17 19:56:13 - [TEST_STEP][PASSED] - println(x3): null

2023-05-17 19:56:13 - [TEST_STEP][PASSED] - if (Site.equals(x3)): null

2023-05-17 19:56:13 - [TEST_STEP][PASSED] - x2 = li.get(i): null

2023-05-17 19:56:13 - [TEST_STEP][PASSED] - x3 = x2.getText(): null

2023-05-17 19:56:13 - [TEST_STEP][PASSED] - println(x3): null

2023-05-17 19:56:13 - [TEST_STEP][PASSED] - if (Site.equals(x3)): null

2023-05-17 19:56:13 - [TEST_STEP][PASSED] - x2 = li.get(i): null

2023-05-17 19:56:13 - [TEST_STEP][PASSED] - x3 = x2.getText(): null

2023-05-17 19:56:14 - [TEST_STEP][PASSED] - println(x3): null

2023-05-17 19:56:14 - [TEST_STEP][PASSED] - if (Site.equals(x3)): null

2023-05-17 19:56:14 - [TEST_STEP][PASSED] - x2 = li.get(i): null

2023-05-17 19:56:14 - [TEST_STEP][PASSED] - x3 = x2.getText(): null

2023-05-17 19:56:14 - [TEST_STEP][PASSED] - println(x3): null

2023-05-17 19:56:14 - [TEST_STEP][PASSED] - if (Site.equals(x3)): null

2023-05-17 19:56:14 - [TEST_STEP][PASSED] - x2 = li.get(i): null

2023-05-17 19:56:14 - [TEST_STEP][PASSED] - x3 = x2.getText(): null

2023-05-17 19:56:14 - [TEST_STEP][PASSED] - println(x3): null

2023-05-17 19:56:14 - [TEST_STEP][PASSED] - if (Site.equals(x3)): null

2023-05-17 19:56:14 - [TEST_STEP][PASSED] - x2 = li.get(i): null

2023-05-17 19:56:14 - [TEST_STEP][PASSED] - x3 = x2.getText(): null

2023-05-17 19:56:14 - [TEST_STEP][PASSED] - println(x3): null

2023-05-17 19:56:14 - [TEST_STEP][PASSED] - if (Site.equals(x3)): null

2023-05-17 19:56:14 - [TEST_STEP][PASSED] - x2 = li.get(i): null

2023-05-17 19:56:14 - [TEST_STEP][PASSED] - x3 = x2.getText(): null

2023-05-17 19:56:14 - [TEST_STEP][PASSED] - println(x3): null

2023-05-17 19:56:14 - [TEST_STEP][PASSED] - if (Site.equals(x3)): null

2023-05-17 19:56:14 - [TEST_STEP][PASSED] - x2 = li.get(i): null

2023-05-17 19:56:14 - [TEST_STEP][PASSED] - x3 = x2.getText(): null

2023-05-17 19:56:14 - [TEST_STEP][PASSED] - println(x3): null

2023-05-17 19:56:14 - [TEST_STEP][PASSED] - if (Site.equals(x3)): null

2023-05-17 19:56:14 - [TEST_STEP][PASSED] - x2 = li.get(i): null

2023-05-17 19:56:14 - [TEST_STEP][PASSED] - x3 = x2.getText(): null

2023-05-17 19:56:14 - [TEST_STEP][PASSED] - println(x3): null

2023-05-17 19:56:14 - [TEST_STEP][PASSED] - if (Site.equals(x3)): null

2023-05-17 19:56:14 - [TEST_STEP][PASSED] - x2 = li.get(i): null

2023-05-17 19:56:14 - [TEST_STEP][PASSED] - x3 = x2.getText(): null

2023-05-17 19:56:14 - [TEST_STEP][PASSED] - println(x3): null

2023-05-17 19:56:14 - [TEST_STEP][PASSED] - if (Site.equals(x3)): null

2023-05-17 19:56:14 - [TEST_STEP][PASSED] - x2 = li.get(i): null

2023-05-17 19:56:14 - [TEST_STEP][PASSED] - x3 = x2.getText(): null

2023-05-17 19:56:14 - [TEST_STEP][PASSED] - println(x3): null

2023-05-17 19:56:14 - [TEST_STEP][PASSED] - if (Site.equals(x3)): null

2023-05-17 19:56:14 - [TEST_STEP][PASSED] - x2 = li.get(i): null

2023-05-17 19:56:14 - [TEST_STEP][PASSED] - x3 = x2.getText(): null

2023-05-17 19:56:14 - [TEST_STEP][PASSED] - println(x3): null

2023-05-17 19:56:14 - [TEST_STEP][PASSED] - if (Site.equals(x3)): null

2023-05-17 19:56:14 - [TEST_STEP][PASSED] - x2 = li.get(i): null

2023-05-17 19:56:14 - [TEST_STEP][PASSED] - x3 = x2.getText(): null

2023-05-17 19:56:14 - [TEST_STEP][PASSED] - println(x3): null

2023-05-17 19:56:14 - [TEST_STEP][PASSED] - if (Site.equals(x3)): null

2023-05-17 19:56:14 - [TEST_STEP][PASSED] - x2 = li.get(i): null

2023-05-17 19:56:14 - [TEST_STEP][PASSED] - x3 = x2.getText(): null

2023-05-17 19:56:14 - [TEST_STEP][PASSED] - println(x3): null

2023-05-17 19:56:14 - [TEST_STEP][PASSED] - if (Site.equals(x3)): null

2023-05-17 19:56:14 - [TEST_STEP][PASSED] - x2 = li.get(i): null

2023-05-17 19:56:14 - [TEST_STEP][PASSED] - x3 = x2.getText(): null

2023-05-17 19:56:14 - [TEST_STEP][PASSED] - println(x3): null

2023-05-17 19:56:14 - [TEST_STEP][PASSED] - if (Site.equals(x3)): null

2023-05-17 19:56:14 - [TEST_STEP][PASSED] - x2 = li.get(i): null

2023-05-17 19:56:14 - [TEST_STEP][PASSED] - x3 = x2.getText(): null

2023-05-17 19:56:14 - [TEST_STEP][PASSED] - println(x3): null

2023-05-17 19:56:14 - [TEST_STEP][PASSED] - if (Site.equals(x3)): null

2023-05-17 19:56:14 - [TEST_STEP][PASSED] - x2 = li.get(i): null

2023-05-17 19:56:14 - [TEST_STEP][PASSED] - x3 = x2.getText(): null

2023-05-17 19:56:14 - [TEST_STEP][PASSED] - println(x3): null

2023-05-17 19:56:14 - [TEST_STEP][PASSED] - if (Site.equals(x3)): null

2023-05-17 19:56:14 - [TEST_STEP][PASSED] - x2 = li.get(i): null

2023-05-17 19:56:14 - [TEST_STEP][PASSED] - x3 = x2.getText(): null

2023-05-17 19:56:14 - [TEST_STEP][PASSED] - println(x3): null

2023-05-17 19:56:14 - [TEST_STEP][PASSED] - if (Site.equals(x3)): null

2023-05-17 19:56:14 - [TEST_STEP][PASSED] - x2 = li.get(i): null

2023-05-17 19:56:14 - [TEST_STEP][PASSED] - x3 = x2.getText(): null

2023-05-17 19:56:14 - [TEST_STEP][PASSED] - println(x3): null

2023-05-17 19:56:14 - [TEST_STEP][PASSED] - if (Site.equals(x3)): null

2023-05-17 19:56:14 - [TEST_STEP][PASSED] - x2 = li.get(i): null

2023-05-17 19:56:14 - [TEST_STEP][PASSED] - x3 = x2.getText(): null

2023-05-17 19:56:14 - [TEST_STEP][PASSED] - println(x3): null

2023-05-17 19:56:14 - [TEST_STEP][PASSED] - if (Site.equals(x3)): null

2023-05-17 19:56:14 - [TEST_STEP][PASSED] - x2 = li.get(i): null

2023-05-17 19:56:14 - [TEST_STEP][PASSED] - x3 = x2.getText(): null

2023-05-17 19:56:14 - [TEST_STEP][PASSED] - println(x3): null

2023-05-17 19:56:14 - [TEST_STEP][PASSED] - if (Site.equals(x3)): null

2023-05-17 19:56:14 - [TEST_STEP][PASSED] - x2 = li.get(i): null

2023-05-17 19:56:14 - [TEST_STEP][PASSED] - x3 = x2.getText(): null

2023-05-17 19:56:14 - [TEST_STEP][PASSED] - println(x3): null

2023-05-17 19:56:14 - [TEST_STEP][PASSED] - if (Site.equals(x3)): null

2023-05-17 19:56:14 - [TEST_STEP][PASSED] - x2 = li.get(i): null

2023-05-17 19:56:14 - [TEST_STEP][PASSED] - x3 = x2.getText(): null

2023-05-17 19:56:14 - [TEST_STEP][PASSED] - println(x3): null

2023-05-17 19:56:14 - [TEST_STEP][PASSED] - if (Site.equals(x3)): null

2023-05-17 19:56:14 - [TEST_STEP][PASSED] - x2 = li.get(i): null

2023-05-17 19:56:14 - [TEST_STEP][PASSED] - x3 = x2.getText(): null

2023-05-17 19:56:14 - [TEST_STEP][PASSED] - println(x3): null

2023-05-17 19:56:14 - [TEST_STEP][PASSED] - if (Site.equals(x3)): null

2023-05-17 19:56:14 - [TEST_STEP][PASSED] - x2 = li.get(i): null

2023-05-17 19:56:14 - [TEST_STEP][PASSED] - x3 = x2.getText(): null

2023-05-17 19:56:14 - [TEST_STEP][PASSED] - println(x3): null

2023-05-17 19:56:14 - [TEST_STEP][PASSED] - if (Site.equals(x3)): null

2023-05-17 19:56:14 - [TEST_STEP][PASSED] - x2 = li.get(i): null

2023-05-17 19:56:14 - [TEST_STEP][PASSED] - x3 = x2.getText(): null

2023-05-17 19:56:14 - [TEST_STEP][PASSED] - println(x3): null

2023-05-17 19:56:14 - [TEST_STEP][PASSED] - if (Site.equals(x3)): null

2023-05-17 19:56:14 - [TEST_STEP][PASSED] - x2 = li.get(i): null

2023-05-17 19:56:14 - [TEST_STEP][PASSED] - x3 = x2.getText(): null

2023-05-17 19:56:14 - [TEST_STEP][PASSED] - println(x3): null

2023-05-17 19:56:14 - [TEST_STEP][PASSED] - if (Site.equals(x3)): null

2023-05-17 19:56:14 - [TEST_STEP][PASSED] - x2 = li.get(i): null

2023-05-17 19:56:14 - [TEST_STEP][PASSED] - x3 = x2.getText(): null

2023-05-17 19:56:14 - [TEST_STEP][PASSED] - println(x3): null

2023-05-17 19:56:14 - [TEST_STEP][PASSED] - if (Site.equals(x3)): null

2023-05-17 19:56:14 - [TEST_STEP][PASSED] - x2 = li.get(i): null

2023-05-17 19:56:14 - [TEST_STEP][PASSED] - x3 = x2.getText(): null

2023-05-17 19:56:14 - [TEST_STEP][PASSED] - println(x3): null

2023-05-17 19:56:14 - [TEST_STEP][PASSED] - if (Site.equals(x3)): null

2023-05-17 19:56:14 - [TEST_STEP][PASSED] - x2 = li.get(i): null

2023-05-17 19:56:14 - [TEST_STEP][PASSED] - x3 = x2.getText(): null

2023-05-17 19:56:14 - [TEST_STEP][PASSED] - println(x3): null

2023-05-17 19:56:14 - [TEST_STEP][PASSED] - if (Site.equals(x3)): null

2023-05-17 19:56:14 - [TEST_STEP][PASSED] - x2 = li.get(i): null

2023-05-17 19:56:14 - [TEST_STEP][PASSED] - x3 = x2.getText(): null

2023-05-17 19:56:14 - [TEST_STEP][PASSED] - println(x3): null

2023-05-17 19:56:14 - [TEST_STEP][PASSED] - if (Site.equals(x3)): null

2023-05-17 19:56:14 - [TEST_STEP][PASSED] - x2 = li.get(i): null

2023-05-17 19:56:14 - [TEST_STEP][PASSED] - x3 = x2.getText(): null

2023-05-17 19:56:14 - [TEST_STEP][PASSED] - println(x3): null

2023-05-17 19:56:14 - [TEST_STEP][PASSED] - if (Site.equals(x3)): null

2023-05-17 19:56:14 - [TEST_STEP][PASSED] - x2 = li.get(i): null

2023-05-17 19:56:14 - [TEST_STEP][PASSED] - x3 = x2.getText(): null

2023-05-17 19:56:14 - [TEST_STEP][PASSED] - println(x3): null

2023-05-17 19:56:14 - [TEST_STEP][PASSED] - if (Site.equals(x3)): null

2023-05-17 19:56:14 - [TEST_STEP][PASSED] - x2 = li.get(i): null

2023-05-17 19:56:14 - [TEST_STEP][PASSED] - x3 = x2.getText(): null

2023-05-17 19:56:14 - [TEST_STEP][PASSED] - println(x3): null

2023-05-17 19:56:14 - [TEST_STEP][PASSED] - if (Site.equals(x3)): null

2023-05-17 19:56:14 - [TEST_STEP][PASSED] - x2 = li.get(i): null

2023-05-17 19:56:14 - [TEST_STEP][PASSED] - x3 = x2.getText(): null

2023-05-17 19:56:14 - [TEST_STEP][PASSED] - println(x3): null

2023-05-17 19:56:14 - [TEST_STEP][PASSED] - if (Site.equals(x3)): null

2023-05-17 19:56:14 - [TEST_STEP][PASSED] - x2 = li.get(i): null

2023-05-17 19:56:14 - [TEST_STEP][PASSED] - x3 = x2.getText(): null

2023-05-17 19:56:14 - [TEST_STEP][PASSED] - println(x3): null

2023-05-17 19:56:14 - [TEST_STEP][PASSED] - if (Site.equals(x3)): null

2023-05-17 19:56:14 - [TEST_STEP][PASSED] - x2 = li.get(i): null

2023-05-17 19:56:14 - [TEST_STEP][PASSED] - x3 = x2.getText(): null

2023-05-17 19:56:14 - [TEST_STEP][PASSED] - println(x3): null

2023-05-17 19:56:14 - [TEST_STEP][PASSED] - if (Site.equals(x3)): null

2023-05-17 19:56:14 - [TEST_STEP][PASSED] - x2 = li.get(i): null

2023-05-17 19:56:14 - [TEST_STEP][PASSED] - x3 = x2.getText(): null

2023-05-17 19:56:14 - [TEST_STEP][PASSED] - println(x3): null

2023-05-17 19:56:14 - [TEST_STEP][PASSED] - if (Site.equals(x3)): null

2023-05-17 19:56:14 - [TEST_STEP][PASSED] - x2 = li.get(i): null

2023-05-17 19:56:14 - [TEST_STEP][PASSED] - x3 = x2.getText(): null

2023-05-17 19:56:14 - [TEST_STEP][PASSED] - println(x3): null

2023-05-17 19:56:14 - [TEST_STEP][PASSED] - if (Site.equals(x3)): null

2023-05-17 19:56:14 - [TEST_STEP][PASSED] - x2 = li.get(i): null

2023-05-17 19:56:14 - [TEST_STEP][PASSED] - x3 = x2.getText(): null

2023-05-17 19:56:14 - [TEST_STEP][PASSED] - println(x3): null

2023-05-17 19:56:14 - [TEST_STEP][PASSED] - if (Site.equals(x3)): null

2023-05-17 19:56:14 - [TEST_STEP][PASSED] - x2 = li.get(i): null

2023-05-17 19:56:14 - [TEST_STEP][PASSED] - x3 = x2.getText(): null

2023-05-17 19:56:14 - [TEST_STEP][PASSED] - println(x3): null

2023-05-17 19:56:14 - [TEST_STEP][PASSED] - if (Site.equals(x3)): null

2023-05-17 19:56:14 - [TEST_STEP][PASSED] - x2 = li.get(i): null

2023-05-17 19:56:14 - [TEST_STEP][PASSED] - x3 = x2.getText(): null

2023-05-17 19:56:14 - [TEST_STEP][PASSED] - println(x3): null

2023-05-17 19:56:14 - [TEST_STEP][PASSED] - if (Site.equals(x3)): null

2023-05-17 19:56:14 - [TEST_STEP][PASSED] - x2 = li.get(i): null

2023-05-17 19:56:14 - [TEST_STEP][PASSED] - x3 = x2.getText(): null

2023-05-17 19:56:14 - [TEST_STEP][PASSED] - println(x3): null

2023-05-17 19:56:14 - [TEST_STEP][PASSED] - if (Site.equals(x3)): null

2023-05-17 19:56:14 - [TEST_STEP][PASSED] - x2 = li.get(i): null

2023-05-17 19:56:14 - [TEST_STEP][PASSED] - x3 = x2.getText(): null

2023-05-17 19:56:14 - [TEST_STEP][PASSED] - println(x3): null

2023-05-17 19:56:14 - [TEST_STEP][PASSED] - if (Site.equals(x3)): null

2023-05-17 19:56:14 - [TEST_STEP][PASSED] - x2 = li.get(i): null

2023-05-17 19:56:14 - [TEST_STEP][PASSED] - x3 = x2.getText(): null

2023-05-17 19:56:14 - [TEST_STEP][PASSED] - println(x3): null

2023-05-17 19:56:14 - [TEST_STEP][PASSED] - if (Site.equals(x3)): null

2023-05-17 19:56:14 - [TEST_STEP][PASSED] - x2 = li.get(i): null

2023-05-17 19:56:14 - [TEST_STEP][PASSED] - x3 = x2.getText(): null

2023-05-17 19:56:14 - [TEST_STEP][PASSED] - println(x3): null

2023-05-17 19:56:14 - [TEST_STEP][PASSED] - if (Site.equals(x3)): null

2023-05-17 19:56:14 - [TEST_STEP][PASSED] - x2 = li.get(i): null

2023-05-17 19:56:14 - [TEST_STEP][PASSED] - x3 = x2.getText(): null

2023-05-17 19:56:14 - [TEST_STEP][PASSED] - println(x3): null

2023-05-17 19:56:14 - [TEST_STEP][PASSED] - if (Site.equals(x3)): null

2023-05-17 19:56:14 - [TEST_STEP][PASSED] - x2 = li.get(i): null

2023-05-17 19:56:14 - [TEST_STEP][PASSED] - x3 = x2.getText(): null

2023-05-17 19:56:15 - [TEST_STEP][PASSED] - println(x3): null

2023-05-17 19:56:15 - [TEST_STEP][PASSED] - if (Site.equals(x3)): null

2023-05-17 19:56:15 - [TEST_STEP][PASSED] - x2 = li.get(i): null

2023-05-17 19:56:15 - [TEST_STEP][PASSED] - x3 = x2.getText(): null

2023-05-17 19:56:15 - [TEST_STEP][PASSED] - println(x3): null

2023-05-17 19:56:15 - [TEST_STEP][PASSED] - if (Site.equals(x3)): null

2023-05-17 19:56:15 - [TEST_STEP][PASSED] - x2 = li.get(i): null

2023-05-17 19:56:15 - [TEST_STEP][PASSED] - x3 = x2.getText(): null

2023-05-17 19:56:15 - [TEST_STEP][PASSED] - println(x3): null

2023-05-17 19:56:15 - [TEST_STEP][PASSED] - if (Site.equals(x3)): null

2023-05-17 19:56:15 - [TEST_STEP][PASSED] - x2 = li.get(i): null

2023-05-17 19:56:15 - [TEST_STEP][PASSED] - x3 = x2.getText(): null

2023-05-17 19:56:15 - [TEST_STEP][PASSED] - println(x3): null

2023-05-17 19:56:15 - [TEST_STEP][PASSED] - if (Site.equals(x3)): null

2023-05-17 19:56:15 - [TEST_STEP][PASSED] - x2 = li.get(i): null

2023-05-17 19:56:15 - [TEST_STEP][PASSED] - x3 = x2.getText(): null

2023-05-17 19:56:15 - [TEST_STEP][PASSED] - println(x3): null

2023-05-17 19:56:15 - [TEST_STEP][PASSED] - if (Site.equals(x3)): null

2023-05-17 19:56:15 - [TEST_STEP][PASSED] - x2 = li.get(i): null

2023-05-17 19:56:15 - [TEST_STEP][PASSED] - x3 = x2.getText(): null

2023-05-17 19:56:15 - [TEST_STEP][PASSED] - println(x3): null

2023-05-17 19:56:15 - [TEST_STEP][PASSED] - if (Site.equals(x3)): null

2023-05-17 19:56:15 - [TEST_STEP][PASSED] - x2 = li.get(i): null

2023-05-17 19:56:15 - [TEST_STEP][PASSED] - x3 = x2.getText(): null

2023-05-17 19:56:15 - [TEST_STEP][PASSED] - println(x3): null

2023-05-17 19:56:15 - [TEST_STEP][PASSED] - if (Site.equals(x3)): null

2023-05-17 19:56:15 - [TEST_STEP][PASSED] - x2 = li.get(i): null

2023-05-17 19:56:15 - [TEST_STEP][PASSED] - x3 = x2.getText(): null

2023-05-17 19:56:15 - [TEST_STEP][PASSED] - println(x3): null

2023-05-17 19:56:15 - [TEST_STEP][PASSED] - if (Site.equals(x3)): null

2023-05-17 19:56:15 - [TEST_STEP][PASSED] - x2 = li.get(i): null

2023-05-17 19:56:15 - [TEST_STEP][PASSED] - x3 = x2.getText(): null

2023-05-17 19:56:15 - [TEST_STEP][PASSED] - println(x3): null

2023-05-17 19:56:15 - [TEST_STEP][PASSED] - if (Site.equals(x3)): null

2023-05-17 19:56:15 - [TEST_STEP][PASSED] - x2 = li.get(i): null

2023-05-17 19:56:15 - [TEST_STEP][PASSED] - x3 = x2.getText(): null

2023-05-17 19:56:15 - [TEST_STEP][PASSED] - println(x3): null

2023-05-17 19:56:15 - [TEST_STEP][PASSED] - if (Site.equals(x3)): null

2023-05-17 19:56:15 - [TEST_STEP][PASSED] - x2 = li.get(i): null

2023-05-17 19:56:15 - [TEST_STEP][PASSED] - x3 = x2.getText(): null

2023-05-17 19:56:15 - [TEST_STEP][PASSED] - println(x3): null

2023-05-17 19:56:15 - [TEST_STEP][PASSED] - if (Site.equals(x3)): null

2023-05-17 19:56:15 - [TEST_STEP][PASSED] - x2 = li.get(i): null

2023-05-17 19:56:15 - [TEST_STEP][PASSED] - x3 = x2.getText(): null

2023-05-17 19:56:15 - [TEST_STEP][PASSED] - println(x3): null

2023-05-17 19:56:15 - [TEST_STEP][PASSED] - if (Site.equals(x3)): null

2023-05-17 19:56:15 - [TEST_STEP][PASSED] - x2 = li.get(i): null

2023-05-17 19:56:15 - [TEST_STEP][PASSED] - x3 = x2.getText(): null

2023-05-17 19:56:15 - [TEST_STEP][PASSED] - println(x3): null

2023-05-17 19:56:15 - [TEST_STEP][PASSED] - if (Site.equals(x3)): null

2023-05-17 19:56:15 - [TEST_STEP][PASSED] - x2 = li.get(i): null

2023-05-17 19:56:15 - [TEST_STEP][PASSED] - x3 = x2.getText(): null

2023-05-17 19:56:15 - [TEST_STEP][PASSED] - println(x3): null

2023-05-17 19:56:15 - [TEST_STEP][PASSED] - if (Site.equals(x3)): null

2023-05-17 19:56:15 - [TEST_STEP][PASSED] - x2 = li.get(i): null

2023-05-17 19:56:15 - [TEST_STEP][PASSED] - x3 = x2.getText(): null

2023-05-17 19:56:15 - [TEST_STEP][PASSED] - println(x3): null

2023-05-17 19:56:15 - [TEST_STEP][PASSED] - if (Site.equals(x3)): null

2023-05-17 19:56:15 - [TEST_STEP][PASSED] - x2 = li.get(i): null

2023-05-17 19:56:15 - [TEST_STEP][PASSED] - x3 = x2.getText(): null

2023-05-17 19:56:15 - [TEST_STEP][PASSED] - println(x3): null

2023-05-17 19:56:15 - [TEST_STEP][PASSED] - if (Site.equals(x3)): null

2023-05-17 19:56:15 - [TEST_STEP][PASSED] - x2 = li.get(i): null

2023-05-17 19:56:15 - [TEST_STEP][PASSED] - x3 = x2.getText(): null

2023-05-17 19:56:15 - [TEST_STEP][PASSED] - println(x3): null

2023-05-17 19:56:15 - [TEST_STEP][PASSED] - if (Site.equals(x3)): null

2023-05-17 19:56:15 - [TEST_STEP][PASSED] - x2 = li.get(i): null

2023-05-17 19:56:15 - [TEST_STEP][PASSED] - x3 = x2.getText(): null

2023-05-17 19:56:15 - [TEST_STEP][PASSED] - println(x3): null

2023-05-17 19:56:15 - [TEST_STEP][PASSED] - if (Site.equals(x3)): null

2023-05-17 19:56:15 - [TEST_STEP][PASSED] - x2 = li.get(i): null

2023-05-17 19:56:15 - [TEST_STEP][PASSED] - x3 = x2.getText(): null

2023-05-17 19:56:15 - [TEST_STEP][PASSED] - println(x3): null

2023-05-17 19:56:15 - [TEST_STEP][PASSED] - if (Site.equals(x3)): null

2023-05-17 19:56:15 - [TEST_STEP][PASSED] - x2 = li.get(i): null

2023-05-17 19:56:15 - [TEST_STEP][PASSED] - x3 = x2.getText(): null

2023-05-17 19:56:15 - [TEST_STEP][PASSED] - println(x3): null

2023-05-17 19:56:15 - [TEST_STEP][PASSED] - if (Site.equals(x3)): null

2023-05-17 19:56:15 - [TEST_STEP][PASSED] - x2 = li.get(i): null

2023-05-17 19:56:15 - [TEST_STEP][PASSED] - x3 = x2.getText(): null

2023-05-17 19:56:15 - [TEST_STEP][PASSED] - println(x3): null

2023-05-17 19:56:15 - [TEST_STEP][PASSED] - if (Site.equals(x3)): null

2023-05-17 19:56:15 - [TEST_STEP][PASSED] - x2 = li.get(i): null

2023-05-17 19:56:15 - [TEST_STEP][PASSED] - x3 = x2.getText(): null

2023-05-17 19:56:15 - [TEST_STEP][PASSED] - println(x3): null

2023-05-17 19:56:15 - [TEST_STEP][PASSED] - if (Site.equals(x3)): null

2023-05-17 19:56:15 - [TEST_STEP][PASSED] - x2 = li.get(i): null

2023-05-17 19:56:15 - [TEST_STEP][PASSED] - x3 = x2.getText(): null

2023-05-17 19:56:15 - [TEST_STEP][PASSED] - println(x3): null

2023-05-17 19:56:15 - [TEST_STEP][PASSED] - if (Site.equals(x3)): null

2023-05-17 19:56:15 - [TEST_STEP][PASSED] - x2 = li.get(i): null

2023-05-17 19:56:15 - [TEST_STEP][PASSED] - x3 = x2.getText(): null

2023-05-17 19:56:15 - [TEST_STEP][PASSED] - println(x3): null

2023-05-17 19:56:15 - [TEST_STEP][PASSED] - if (Site.equals(x3)): null

2023-05-17 19:56:15 - [TEST_STEP][PASSED] - x2 = li.get(i): null

2023-05-17 19:56:15 - [TEST_STEP][PASSED] - x3 = x2.getText(): null

2023-05-17 19:56:15 - [TEST_STEP][PASSED] - println(x3): null

2023-05-17 19:56:15 - [TEST_STEP][PASSED] - if (Site.equals(x3)): null

2023-05-17 19:56:15 - [TEST_STEP][PASSED] - x2 = li.get(i): null

2023-05-17 19:56:15 - [TEST_STEP][PASSED] - x3 = x2.getText(): null

2023-05-17 19:56:15 - [TEST_STEP][PASSED] - println(x3): null

2023-05-17 19:56:15 - [TEST_STEP][PASSED] - if (Site.equals(x3)): null

2023-05-17 19:56:15 - [TEST_STEP][PASSED] - x2 = li.get(i): null

2023-05-17 19:56:15 - [TEST_STEP][PASSED] - x3 = x2.getText(): null

2023-05-17 19:56:15 - [TEST_STEP][PASSED] - println(x3): null

2023-05-17 19:56:15 - [TEST_STEP][PASSED] - if (Site.equals(x3)): null

2023-05-17 19:56:15 - [TEST_STEP][PASSED] - x2 = li.get(i): null

2023-05-17 19:56:15 - [TEST_STEP][PASSED] - x3 = x2.getText(): null

2023-05-17 19:56:15 - [TEST_STEP][PASSED] - println(x3): null

2023-05-17 19:56:15 - [TEST_STEP][PASSED] - if (Site.equals(x3)): null

2023-05-17 19:56:15 - [TEST_STEP][PASSED] - x2 = li.get(i): null

2023-05-17 19:56:15 - [TEST_STEP][PASSED] - x3 = x2.getText(): null

2023-05-17 19:56:15 - [TEST_STEP][PASSED] - println(x3): null

2023-05-17 19:56:15 - [TEST_STEP][PASSED] - if (Site.equals(x3)): null

2023-05-17 19:56:15 - [TEST_STEP][PASSED] - x2 = li.get(i): null

2023-05-17 19:56:15 - [TEST_STEP][PASSED] - x3 = x2.getText(): null

2023-05-17 19:56:15 - [TEST_STEP][PASSED] - println(x3): null

2023-05-17 19:56:15 - [TEST_STEP][PASSED] - if (Site.equals(x3)): null

2023-05-17 19:56:15 - [TEST_STEP][PASSED] - x2 = li.get(i): null

2023-05-17 19:56:15 - [TEST_STEP][PASSED] - x3 = x2.getText(): null

2023-05-17 19:56:15 - [TEST_STEP][PASSED] - println(x3): null

2023-05-17 19:56:15 - [TEST_STEP][PASSED] - if (Site.equals(x3)): null

2023-05-17 19:56:15 - [TEST_STEP][PASSED] - x2 = li.get(i): null

2023-05-17 19:56:15 - [TEST_STEP][PASSED] - x3 = x2.getText(): null

2023-05-17 19:56:15 - [TEST_STEP][PASSED] - println(x3): null

2023-05-17 19:56:15 - [TEST_STEP][PASSED] - if (Site.equals(x3)): null

2023-05-17 19:56:15 - [TEST_STEP][PASSED] - x2 = li.get(i): null

2023-05-17 19:56:15 - [TEST_STEP][PASSED] - x3 = x2.getText(): null

2023-05-17 19:56:15 - [TEST_STEP][PASSED] - println(x3): null

2023-05-17 19:56:15 - [TEST_STEP][PASSED] - if (Site.equals(x3)): null

2023-05-17 19:56:15 - [TEST_STEP][PASSED] - x2 = li.get(i): null

2023-05-17 19:56:15 - [TEST_STEP][PASSED] - x3 = x2.getText(): null

2023-05-17 19:56:15 - [TEST_STEP][PASSED] - println(x3): null

2023-05-17 19:56:15 - [TEST_STEP][PASSED] - if (Site.equals(x3)): null

2023-05-17 19:56:15 - [TEST_STEP][PASSED] - x2 = li.get(i): null

2023-05-17 19:56:15 - [TEST_STEP][PASSED] - x3 = x2.getText(): null

2023-05-17 19:56:15 - [TEST_STEP][PASSED] - println(x3): null

2023-05-17 19:56:15 - [TEST_STEP][PASSED] - if (Site.equals(x3)): null

2023-05-17 19:56:15 - [TEST_STEP][PASSED] - x2 = li.get(i): null

2023-05-17 19:56:15 - [TEST_STEP][PASSED] - x3 = x2.getText(): null

2023-05-17 19:56:15 - [TEST_STEP][PASSED] - println(x3): null

2023-05-17 19:56:15 - [TEST_STEP][PASSED] - if (Site.equals(x3)): null

2023-05-17 19:56:15 - [TEST_STEP][PASSED] - x2 = li.get(i): null

2023-05-17 19:56:15 - [TEST_STEP][PASSED] - x3 = x2.getText(): null

2023-05-17 19:56:15 - [TEST_STEP][PASSED] - println(x3): null

2023-05-17 19:56:15 - [TEST_STEP][PASSED] - if (Site.equals(x3)): null

2023-05-17 19:56:15 - [TEST_STEP][PASSED] - x2 = li.get(i): null

2023-05-17 19:56:15 - [TEST_STEP][PASSED] - x3 = x2.getText(): null

2023-05-17 19:56:15 - [TEST_STEP][PASSED] - println(x3): null

2023-05-17 19:56:15 - [TEST_STEP][PASSED] - if (Site.equals(x3)): null

2023-05-17 19:56:15 - [TEST_STEP][PASSED] - x2 = li.get(i): null

2023-05-17 19:56:15 - [TEST_STEP][PASSED] - x3 = x2.getText(): null

2023-05-17 19:56:15 - [TEST_STEP][PASSED] - println(x3): null

2023-05-17 19:56:15 - [TEST_STEP][PASSED] - if (Site.equals(x3)): null

2023-05-17 19:56:15 - [TEST_STEP][PASSED] - x2 = li.get(i): null

2023-05-17 19:56:15 - [TEST_STEP][PASSED] - x3 = x2.getText(): null

2023-05-17 19:56:15 - [TEST_STEP][PASSED] - println(x3): null

2023-05-17 19:56:15 - [TEST_STEP][PASSED] - if (Site.equals(x3)): null

2023-05-17 19:56:15 - [TEST_STEP][PASSED] - x2 = li.get(i): null

2023-05-17 19:56:15 - [TEST_STEP][PASSED] - x3 = x2.getText(): null

2023-05-17 19:56:15 - [TEST_STEP][PASSED] - println(x3): null

2023-05-17 19:56:15 - [TEST_STEP][PASSED] - if (Site.equals(x3)): null

2023-05-17 19:56:15 - [TEST_STEP][PASSED] - x2 = li.get(i): null

2023-05-17 19:56:15 - [TEST_STEP][PASSED] - x3 = x2.getText(): null

2023-05-17 19:56:15 - [TEST_STEP][PASSED] - println(x3): null

2023-05-17 19:56:15 - [TEST_STEP][PASSED] - if (Site.equals(x3)): null

2023-05-17 19:56:15 - [TEST_STEP][PASSED] - x2 = li.get(i): null

2023-05-17 19:56:15 - [TEST_STEP][PASSED] - x3 = x2.getText(): null

2023-05-17 19:56:15 - [TEST_STEP][PASSED] - println(x3): null

2023-05-17 19:56:15 - [TEST_STEP][PASSED] - if (Site.equals(x3)): null

2023-05-17 19:56:15 - [TEST_STEP][PASSED] - x2 = li.get(i): null

2023-05-17 19:56:15 - [TEST_STEP][PASSED] - x3 = x2.getText(): null

2023-05-17 19:56:15 - [TEST_STEP][PASSED] - println(x3): null

2023-05-17 19:56:15 - [TEST_STEP][PASSED] - if (Site.equals(x3)): null

2023-05-17 19:56:15 - [TEST_STEP][PASSED] - x2 = li.get(i): null

2023-05-17 19:56:15 - [TEST_STEP][PASSED] - x3 = x2.getText(): null

2023-05-17 19:56:15 - [TEST_STEP][PASSED] - println(x3): null

2023-05-17 19:56:15 - [TEST_STEP][PASSED] - if (Site.equals(x3)): null

2023-05-17 19:56:15 - [TEST_STEP][PASSED] - x2 = li.get(i): null

2023-05-17 19:56:15 - [TEST_STEP][PASSED] - x3 = x2.getText(): null

2023-05-17 19:56:15 - [TEST_STEP][PASSED] - println(x3): null

2023-05-17 19:56:15 - [TEST_STEP][PASSED] - if (Site.equals(x3)): null

2023-05-17 19:56:15 - [TEST_STEP][PASSED] - x2 = li.get(i): null

2023-05-17 19:56:15 - [TEST_STEP][PASSED] - x3 = x2.getText(): null

2023-05-17 19:56:15 - [TEST_STEP][PASSED] - println(x3): null

2023-05-17 19:56:15 - [TEST_STEP][PASSED] - if (Site.equals(x3)): null

2023-05-17 19:56:15 - [TEST_STEP][PASSED] - x2 = li.get(i): null

2023-05-17 19:56:15 - [TEST_STEP][PASSED] - x3 = x2.getText(): null

2023-05-17 19:56:15 - [TEST_STEP][PASSED] - println(x3): null

2023-05-17 19:56:15 - [TEST_STEP][PASSED] - if (Site.equals(x3)): null

2023-05-17 19:56:15 - [TEST_STEP][PASSED] - x2 = li.get(i): null

2023-05-17 19:56:15 - [TEST_STEP][PASSED] - x3 = x2.getText(): null

2023-05-17 19:56:15 - [TEST_STEP][PASSED] - println(x3): null

2023-05-17 19:56:15 - [TEST_STEP][PASSED] - if (Site.equals(x3)): null

2023-05-17 19:56:15 - [TEST_STEP][PASSED] - x2 = li.get(i): null

2023-05-17 19:56:15 - [TEST_STEP][PASSED] - x3 = x2.getText(): null

2023-05-17 19:56:15 - [TEST_STEP][PASSED] - println(x3): null

2023-05-17 19:56:15 - [TEST_STEP][PASSED] - if (Site.equals(x3)): null

2023-05-17 19:56:15 - [TEST_STEP][PASSED] - x2 = li.get(i): null

2023-05-17 19:56:16 - [TEST_STEP][PASSED] - x3 = x2.getText(): null

2023-05-17 19:56:16 - [TEST_STEP][PASSED] - println(x3): null

2023-05-17 19:56:16 - [TEST_STEP][PASSED] - if (Site.equals(x3)): null

2023-05-17 19:56:16 - [TEST_STEP][PASSED] - x2 = li.get(i): null

2023-05-17 19:56:16 - [TEST_STEP][PASSED] - x3 = x2.getText(): null

2023-05-17 19:56:16 - [TEST_STEP][PASSED] - println(x3): null

2023-05-17 19:56:16 - [TEST_STEP][PASSED] - if (Site.equals(x3)): null

2023-05-17 19:56:16 - [TEST_STEP][PASSED] - x2 = li.get(i): null

2023-05-17 19:56:16 - [TEST_STEP][PASSED] - x3 = x2.getText(): null

2023-05-17 19:56:16 - [TEST_STEP][PASSED] - println(x3): null

2023-05-17 19:56:16 - [TEST_STEP][PASSED] - if (Site.equals(x3)): null

2023-05-17 19:56:16 - [TEST_STEP][PASSED] - x2 = li.get(i): null

2023-05-17 19:56:16 - [TEST_STEP][PASSED] - x3 = x2.getText(): null

2023-05-17 19:56:16 - [TEST_STEP][PASSED] - println(x3): null

2023-05-17 19:56:16 - [TEST_STEP][PASSED] - if (Site.equals(x3)): null

2023-05-17 19:56:16 - [TEST_STEP][PASSED] - x2 = li.get(i): null

2023-05-17 19:56:16 - [TEST_STEP][PASSED] - x3 = x2.getText(): null

2023-05-17 19:56:16 - [TEST_STEP][PASSED] - println(x3): null

2023-05-17 19:56:16 - [TEST_STEP][PASSED] - if (Site.equals(x3)): null

2023-05-17 19:56:16 - [TEST_STEP][PASSED] - x2 = li.get(i): null

2023-05-17 19:56:16 - [TEST_STEP][PASSED] - x3 = x2.getText(): null

2023-05-17 19:56:16 - [TEST_STEP][PASSED] - println(x3): null

2023-05-17 19:56:16 - [TEST_STEP][PASSED] - if (Site.equals(x3)): null

2023-05-17 19:56:16 - [TEST_STEP][PASSED] - x2 = li.get(i): null

2023-05-17 19:56:16 - [TEST_STEP][PASSED] - x3 = x2.getText(): null

2023-05-17 19:56:16 - [TEST_STEP][PASSED] - println(x3): null

2023-05-17 19:56:16 - [TEST_STEP][PASSED] - if (Site.equals(x3)): null

2023-05-17 19:56:16 - [TEST_STEP][PASSED] - x2 = li.get(i): null

2023-05-17 19:56:16 - [TEST_STEP][PASSED] - x3 = x2.getText(): null

2023-05-17 19:56:16 - [TEST_STEP][PASSED] - println(x3): null

2023-05-17 19:56:16 - [TEST_STEP][PASSED] - if (Site.equals(x3)): null

2023-05-17 19:56:16 - [TEST_STEP][PASSED] - x2 = li.get(i): null

2023-05-17 19:56:16 - [TEST_STEP][PASSED] - x3 = x2.getText(): null

2023-05-17 19:56:16 - [TEST_STEP][PASSED] - println(x3): null

2023-05-17 19:56:16 - [TEST_STEP][PASSED] - if (Site.equals(x3)): null

2023-05-17 19:56:16 - [TEST_STEP][PASSED] - x2 = li.get(i): null

2023-05-17 19:56:16 - [TEST_STEP][PASSED] - x3 = x2.getText(): null

2023-05-17 19:56:16 - [TEST_STEP][PASSED] - println(x3): null

2023-05-17 19:56:16 - [TEST_STEP][PASSED] - if (Site.equals(x3)): null

2023-05-17 19:56:16 - [TEST_STEP][PASSED] - x2 = li.get(i): null

2023-05-17 19:56:16 - [TEST_STEP][PASSED] - x3 = x2.getText(): null

2023-05-17 19:56:16 - [TEST_STEP][PASSED] - println(x3): null

2023-05-17 19:56:16 - [TEST_STEP][PASSED] - if (Site.equals(x3)): null

2023-05-17 19:56:16 - [TEST_STEP][PASSED] - x2 = li.get(i): null

2023-05-17 19:56:16 - [TEST_STEP][PASSED] - x3 = x2.getText(): null

2023-05-17 19:56:16 - [TEST_STEP][PASSED] - println(x3): null

2023-05-17 19:56:16 - [TEST_STEP][PASSED] - if (Site.equals(x3)): null

2023-05-17 19:56:16 - [TEST_STEP][PASSED] - x2 = li.get(i): null

2023-05-17 19:56:16 - [TEST_STEP][PASSED] - x3 = x2.getText(): null

2023-05-17 19:56:16 - [TEST_STEP][PASSED] - println(x3): null

2023-05-17 19:56:16 - [TEST_STEP][PASSED] - if (Site.equals(x3)): null

2023-05-17 19:56:16 - [TEST_STEP][PASSED] - x2 = li.get(i): null

2023-05-17 19:56:16 - [TEST_STEP][PASSED] - x3 = x2.getText(): null

2023-05-17 19:56:16 - [TEST_STEP][PASSED] - println(x3): null

2023-05-17 19:56:16 - [TEST_STEP][PASSED] - if (Site.equals(x3)): null

2023-05-17 19:56:16 - [TEST_STEP][PASSED] - x2 = li.get(i): null

2023-05-17 19:56:16 - [TEST_STEP][PASSED] - x3 = x2.getText(): null

2023-05-17 19:56:16 - [TEST_STEP][PASSED] - println(x3): null

2023-05-17 19:56:16 - [TEST_STEP][PASSED] - if (Site.equals(x3)): null

2023-05-17 19:56:16 - [TEST_STEP][PASSED] - x2 = li.get(i): null

2023-05-17 19:56:16 - [TEST_STEP][PASSED] - x3 = x2.getText(): null

2023-05-17 19:56:16 - [TEST_STEP][PASSED] - println(x3): null

2023-05-17 19:56:16 - [TEST_STEP][PASSED] - if (Site.equals(x3)): null

2023-05-17 19:56:16 - [TEST_STEP][PASSED] - x2 = li.get(i): null

2023-05-17 19:56:16 - [TEST_STEP][PASSED] - x3 = x2.getText(): null

2023-05-17 19:56:16 - [TEST_STEP][PASSED] - println(x3): null

2023-05-17 19:56:16 - [TEST_STEP][PASSED] - if (Site.equals(x3)): null

2023-05-17 19:56:16 - [TEST_STEP][PASSED] - x2 = li.get(i): null

2023-05-17 19:56:16 - [TEST_STEP][PASSED] - x3 = x2.getText(): null

2023-05-17 19:56:16 - [TEST_STEP][PASSED] - println(x3): null

2023-05-17 19:56:16 - [TEST_STEP][PASSED] - if (Site.equals(x3)): null

2023-05-17 19:56:16 - [TEST_STEP][PASSED] - x2 = li.get(i): null

2023-05-17 19:56:16 - [TEST_STEP][PASSED] - x3 = x2.getText(): null

2023-05-17 19:56:16 - [TEST_STEP][PASSED] - println(x3): null

2023-05-17 19:56:16 - [TEST_STEP][PASSED] - if (Site.equals(x3)): null

2023-05-17 19:56:16 - [TEST_STEP][PASSED] - x2 = li.get(i): null

2023-05-17 19:56:16 - [TEST_STEP][PASSED] - x3 = x2.getText(): null

2023-05-17 19:56:16 - [TEST_STEP][PASSED] - println(x3): null

2023-05-17 19:56:16 - [TEST_STEP][PASSED] - if (Site.equals(x3)): null

2023-05-17 19:56:16 - [TEST_STEP][PASSED] - x2 = li.get(i): null

2023-05-17 19:56:16 - [TEST_STEP][PASSED] - x3 = x2.getText(): null

2023-05-17 19:56:16 - [TEST_STEP][PASSED] - println(x3): null

2023-05-17 19:56:16 - [TEST_STEP][PASSED] - if (Site.equals(x3)): null

2023-05-17 19:56:16 - [TEST_STEP][PASSED] - x2 = li.get(i): null

2023-05-17 19:56:16 - [TEST_STEP][PASSED] - x3 = x2.getText(): null

2023-05-17 19:56:16 - [TEST_STEP][PASSED] - println(x3): null

2023-05-17 19:56:16 - [TEST_STEP][PASSED] - if (Site.equals(x3)): null

2023-05-17 19:56:16 - [TEST_STEP][PASSED] - x2 = li.get(i): null

2023-05-17 19:56:16 - [TEST_STEP][PASSED] - x3 = x2.getText(): null

2023-05-17 19:56:16 - [TEST_STEP][PASSED] - println(x3): null

2023-05-17 19:56:16 - [TEST_STEP][PASSED] - if (Site.equals(x3)): null

2023-05-17 19:56:16 - [TEST_STEP][PASSED] - x2 = li.get(i): null

2023-05-17 19:56:16 - [TEST_STEP][PASSED] - x3 = x2.getText(): null

[...]

2023-05-17 20:03:09 - [MESSAGE][PASSED] - Scroll to object 'Object Repository/Compliance status/scroll_viewInst' successfully

2023-05-17 20:03:09 - [TEST_STEP][PASSED] - click(findTestObject("Compliance status/click_shownCalender")): Object: 'Object Repository/Compliance status/click_shownCalender' is clicked on

2023-05-17 20:03:10 - [MESSAGE][PASSED] - Object: 'Object Repository/Compliance status/click_shownCalender' is clicked on

2023-05-17 20:03:10 - [TEST_STEP][PASSED] - scrollToElement(findTestObject("Compliance status/scrollToCalenderView"), 0): Scroll to object 'Object Repository/Compliance status/scrollToCalenderView' successfully

2023-05-17 20:03:10 - [MESSAGE][WARNING] - Timeout '0' is invalid. Using default page load timeout: '30'

2023-05-17 20:03:11 - [MESSAGE][PASSED] - Scroll to object 'Object Repository/Compliance status/scrollToCalenderView' successfully

2023-05-17 20:03:11 - [TEST_STEP][PASSED] - if (num <= 2 || num <= 1): null

2023-05-17 20:03:11 - [TEST_STEP][PASSED] - else if (num >= 17): null

2023-05-17 20:03:11 - [TEST_STEP][PASSED] - click(findTestObject("Compliance status/click_cal")): Object: 'Object Repository/Compliance status/click_cal' is clicked on

2023-05-17 20:03:11 - [MESSAGE][PASSED] - Object: 'Object Repository/Compliance status/click_cal' is clicked on

2023-05-17 20:03:11 - [TEST_STEP][PASSED] - LogTaskstatus.horizontalScroll(): null

2023-05-17 20:03:11 - [TEST_STEP][PASSED] - println("The current date is equal or above 17"): null

2023-05-17 20:03:11 - [TEST_STEP][PASSED] - expStatus = "NT": null

2023-05-17 20:03:11 - [TEST_STEP][PASSED] - NT = driver.findElements(By.xpath("//span[@class='glyphicon glyphicon-remove text-danger ng-star-inserted'] |//span[@class='glyphicon glyphicon-remove bg-dark ng-star-inserted']")): null

2023-05-17 20:03:11 - [TEST_STEP][PASSED] - for ([k = 0, k < NT.size(), (k++)]): null

2023-05-17 20:03:11 - [TEST_STEP][PASSED] - noTesting = NT.get(k): null

2023-05-17 20:03:11 - [TEST_STEP][PASSED] - noTesting.click(): null

2023-05-17 20:03:12 - [TEST_STEP][PASSED] - break: null

2023-05-17 20:03:12 - [TEST_STEP][PASSED] - NoTesting1 = driver.findElements(By.xpath("//span[contains(@class,'rounded-pill-button p-1')]")): null

2023-05-17 20:03:13 - [TEST_STEP][PASSED] - for ([i = 0, i < NoTesting1.size(), (i++)]): null

2023-05-17 20:03:13 - [TEST_STEP][PASSED] - noTTesting1 = NoTesting1.get(i): null

2023-05-17 20:03:13 - [TEST_STEP][PASSED] - s1 = noTTesting1.getText(): null

2023-05-17 20:03:13 - [TEST_STEP][PASSED] - if (expStatus.equals(s1)): null

2023-05-17 20:03:13 - [TEST_STEP][PASSED] - takeScreenshot(): Taking screenshot successfully

2023-05-17 20:03:13 - [MESSAGE][PASSED] - Taking screenshot successfully
[[ATTACHMENT|C:\\ELL\\Automation\\Reports\\20230517_195423\\Phase-1-Lot\\20230517_195423\\1684333993592.png]]

2023-05-17 20:03:13 - [TEST_STEP][PASSED] - break: null

2023-05-17 20:03:13 - [TEST_STEP][PASSED] - NoTesting2 = driver.findElements(By.xpath("//span[contains(@class,'rounded-pill-button p-1')]")): null

2023-05-17 20:03:14 - [TEST_STEP][PASSED] - for ([j = 0, j < NoTesting2.size(), (j++)]): null

2023-05-17 20:03:14 - [TEST_STEP][PASSED] - NoTTesting2 = NoTesting2.get(j): null

2023-05-17 20:03:14 - [TEST_STEP][PASSED] - s2 = NoTTesting2.getText(): null

2023-05-17 20:03:14 - [TEST_STEP][PASSED] - if (expStatus.equals(s2)): null

2023-05-17 20:03:14 - [TEST_STEP][PASSED] - takeScreenshot(): Taking screenshot successfully

2023-05-17 20:03:14 - [MESSAGE][PASSED] - Taking screenshot successfully
[[ATTACHMENT|C:\\ELL\\Automation\\Reports\\20230517_195423\\Phase-1-Lot\\20230517_195423\\1684333994364.png]]

2023-05-17 20:03:14 - [TEST_STEP][PASSED] - break: null

2023-05-17 20:03:14 - [TEST_STEP][PASSED] - click(findTestObject("Compliance status/click_cancel")): Object: 'Object Repository/Compliance status/click_cancel' is clicked on

2023-05-17 20:03:14 - [MESSAGE][PASSED] - Object: 'Object Repository/Compliance status/click_cancel' is clicked on

2023-05-17 20:03:14 - [TEST_STEP][PASSED] - lol = driver.findElements(By.xpath("//div[@title='Non-Compliance Not Yet Reviewed']")): null

2023-05-17 20:03:15 - [TEST_STEP][PASSED] - for ([i = 0, i < lol.size(), (i++)]): null

2023-05-17 20:03:15 - [TEST_STEP][PASSED] - elem = lol.get(i): null

2023-05-17 20:03:15 - [TEST_STEP][PASSED] - elem.click(): null

2023-05-17 20:03:15 - [TEST_STEP][PASSED] - break: null

2023-05-17 20:03:15 - [TEST_STEP][PASSED] - click(findTestObject("Compliance status/click_overdue-Ignore")): Object: 'Object Repository/Compliance status/click_overdue-Ignore' is clicked on

2023-05-17 20:03:16 - [MESSAGE][PASSED] - Object: 'Object Repository/Compliance status/click_overdue-Ignore' is clicked on

2023-05-17 20:03:16 - [TEST_STEP][PASSED] - click(findTestObject("Compliance status/click_Ignore")): Object: 'Object Repository/Compliance status/click_Ignore' is clicked on

2023-05-17 20:03:17 - [MESSAGE][PASSED] - Object: 'Object Repository/Compliance status/click_Ignore' is clicked on

2023-05-17 20:03:17 - [TEST_STEP][PASSED] - takeScreenshot(): Taking screenshot successfully

2023-05-17 20:03:17 - [MESSAGE][PASSED] - Taking screenshot successfully
[[ATTACHMENT|C:\\ELL\\Automation\\Reports\\20230517_195423\\Phase-1-Lot\\20230517_195423\\1684333997685.png]]

2023-05-17 20:03:17 - [TEST_STEP][PASSED] - setText(findTestObject("Compliance status/setTextForReason-Ignore"), "Checking Ignore Status"): Text 'Checking Ignore Status' is set on object 'Object Repository/Compliance status/setTextForReason-Ignore'

2023-05-17 20:03:18 - [MESSAGE][PASSED] - Text 'Checking Ignore Status' is set on object 'Object Repository/Compliance status/setTextForReason-Ignore'

2023-05-17 20:03:18 - [TEST_STEP][PASSED] - click(findTestObject("Compliance status/btn_MarkasOverride-Ignore")): Object: 'Object Repository/Compliance status/btn_MarkasOverride-Ignore' is clicked on

2023-05-17 20:03:19 - [MESSAGE][PASSED] - Object: 'Object Repository/Compliance status/btn_MarkasOverride-Ignore' is clicked on

2023-05-17 20:03:19 - [TEST_STEP][PASSED] - delay(2): Delayed 2 second(s)

2023-05-17 20:03:21 - [MESSAGE][PASSED] - Delayed 2 second(s)

2023-05-17 20:03:21 - [TEST_STEP][PASSED] - scrollTop = driver.findElement(By.xpath("//a//span[text()='Non-Compliance']")): null

2023-05-17 20:03:21 - [TEST_STEP][PASSED] - js.executeScript("arguments[0].scrollIntoView(false)", scrollTop): null

2023-05-17 20:03:21 - [TEST_STEP][PASSED] - click(findTestObject("Compliance status/scrollToNoncompliance(Top)")): Object: 'Object Repository/Compliance status/scrollToNoncompliance(Top)' is clicked on

2023-05-17 20:03:22 - [MESSAGE][PASSED] - Object: 'Object Repository/Compliance status/scrollToNoncompliance(Top)' is clicked on

2023-05-17 20:03:22 - [TEST_STEP][PASSED] - setText(findTestObject("Compliance status/input_SearchString"), findTestData("Add Inst-Type Data").getValue("Created-InsType_Name", 1)): Text 'Test1.1 - 2023/17/05 19:57:56' is set on object 'Object Repository/Compliance status/input_SearchString'

2023-05-17 20:03:26 - [MESSAGE][PASSED] - Text 'Test1.1 - 2023/17/05 19:57:56' is set on object 'Object Repository/Compliance status/input_SearchString'

2023-05-17 20:03:26 - [TEST_STEP][PASSED] - verifyEqual(Actual, expected): Actual object 'Test1.1 - 2023/17/05 19:57:56' and expected object 'Test1.1 - 2023/17/05 19:57:56' are equal

2023-05-17 20:03:26 - [MESSAGE][PASSED] - Actual object 'Test1.1 - 2023/17/05 19:57:56' and expected object 'Test1.1 - 2023/17/05 19:57:56' are equal

2023-05-17 20:03:26 - [TEST_STEP][PASSED] - setText(findTestObject("Compliance status/fromDate"), OverdueDate): Text '05/14/2023' is set on object 'Object Repository/Compliance status/fromDate'

2023-05-17 20:03:27 - [MESSAGE][PASSED] - Text '05/14/2023' is set on object 'Object Repository/Compliance status/fromDate'

2023-05-17 20:03:27 - [TEST_STEP][PASSED] - setText(findTestObject("Compliance status/toDate"), endDate): Text '05/17/2023' is set on object 'Object Repository/Compliance status/toDate'

2023-05-17 20:03:29 - [MESSAGE][PASSED] - Text '05/17/2023' is set on object 'Object Repository/Compliance status/toDate'

2023-05-17 20:03:29 - [TEST_STEP][PASSED] - click(findTestObject("Compliance status/click_submit")): Object: 'Object Repository/Compliance status/click_submit' is clicked on

2023-05-17 20:03:29 - [MESSAGE][PASSED] - Object: 'Object Repository/Compliance status/click_submit' is clicked on

2023-05-17 20:03:29 - [TEST_STEP][PASSED] - executeJavaScript("window.scrollBy(0,document.body.scrollHeight)", null): Execute JavaScript 'window.scrollBy(0,document.body.scrollHeight)' successfully

2023-05-17 20:03:29 - [MESSAGE][PASSED] - Execute JavaScript 'window.scrollBy(0,document.body.scrollHeight)' successfully

2023-05-17 20:03:29 - [TEST_STEP][PASSED] - delay(2): Delayed 2 second(s)

2023-05-17 20:03:31 - [MESSAGE][PASSED] - Delayed 2 second(s)

2023-05-17 20:03:31 - [TEST_STEP][PASSED] - click(findTestObject("Compliance status/click_Confirm")): Object: 'Object Repository/Compliance status/click_Confirm' is clicked on

2023-05-17 20:03:32 - [MESSAGE][PASSED] - Object: 'Object Repository/Compliance status/click_Confirm' is clicked on

2023-05-17 20:03:32 - [TEST_STEP][PASSED] - takeScreenshot(): Taking screenshot successfully

2023-05-17 20:03:32 - [MESSAGE][PASSED] - Taking screenshot successfully
[[ATTACHMENT|C:\\ELL\\Automation\\Reports\\20230517_195423\\Phase-1-Lot\\20230517_195423\\1684334012621.png]]

2023-05-17 20:03:32 - [TEST_STEP][PASSED] - setText(findTestObject("Compliance status/setTextForReason-Confirm"), "Checking Confirm Status"): Text 'Checking Confirm Status' is set on object 'Object Repository/Compliance status/setTextForReason-Confirm'

2023-05-17 20:03:33 - [MESSAGE][PASSED] - Text 'Checking Confirm Status' is set on object 'Object Repository/Compliance status/setTextForReason-Confirm'

2023-05-17 20:03:33 - [TEST_STEP][PASSED] - click(findTestObject("Compliance status/click_btnConfirm")): Object: 'Object Repository/Compliance status/click_btnConfirm' is clicked on

2023-05-17 20:03:34 - [MESSAGE][PASSED] - Object: 'Object Repository/Compliance status/click_btnConfirm' is clicked on

2023-05-17 20:03:34 - [TEST_STEP][PASSED] - scrollToTask = driver.findElement(By.xpath("//a//span[text()='Tasks']")): null

2023-05-17 20:03:35 - [TEST_STEP][PASSED] - js.executeScript("arguments[0].scrollIntoView(false)", scrollToTask): null

2023-05-17 20:03:35 - [TEST_STEP][PASSED] - click(findTestObject("Compliance status/click_Top-Task")): Object: 'Object Repository/Compliance status/click_Top-Task' is clicked on

2023-05-17 20:03:36 - [MESSAGE][PASSED] - Object: 'Object Repository/Compliance status/click_Top-Task' is clicked on

2023-05-17 20:03:36 - [TEST_STEP][PASSED] - setText(findTestObject("Compliance status/input_SearchString"), findTestData("Add Inst-Type Data").getValue("Created-InsType_Name", 1)): Text 'Test1.1 - 2023/17/05 19:57:56' is set on object 'Object Repository/Compliance status/input_SearchString'

2023-05-17 20:03:45 - [MESSAGE][PASSED] - Text 'Test1.1 - 2023/17/05 19:57:56' is set on object 'Object Repository/Compliance status/input_SearchString'

2023-05-17 20:03:45 - [TEST_STEP][PASSED] - verifyEqual(Actual, expected): Actual object 'Test1.1 - 2023/17/05 19:57:56' and expected object 'Test1.1 - 2023/17/05 19:57:56' are equal

2023-05-17 20:03:45 - [MESSAGE][PASSED] - Actual object 'Test1.1 - 2023/17/05 19:57:56' and expected object 'Test1.1 - 2023/17/05 19:57:56' are equal

2023-05-17 20:03:45 - [TEST_STEP][PASSED] - delay(2): Delayed 2 second(s)

2023-05-17 20:03:47 - [MESSAGE][PASSED] - Delayed 2 second(s)

2023-05-17 20:03:47 - [TEST_STEP][PASSED] - click(findTestObject("Compliance status/click_Confirm")): Object: 'Object Repository/Compliance status/click_Confirm' is clicked on

2023-05-17 20:03:50 - [MESSAGE][PASSED] - Object: 'Object Repository/Compliance status/click_Confirm' is clicked on

2023-05-17 20:03:50 - [TEST_STEP][PASSED] - setText(findTestObject("Compliance status/setTextForReason-Confirm"), "Checking extra Confirm Status"): Text 'Checking extra Confirm Status' is set on object 'Object Repository/Compliance status/setTextForReason-Confirm'

2023-05-17 20:03:50 - [MESSAGE][PASSED] - Text 'Checking extra Confirm Status' is set on object 'Object Repository/Compliance status/setTextForReason-Confirm'

2023-05-17 20:03:50 - [TEST_STEP][PASSED] - click(findTestObject("Compliance status/click_btnConfirm")): Object: 'Object Repository/Compliance status/click_btnConfirm' is clicked on

2023-05-17 20:03:54 - [MESSAGE][PASSED] - Object: 'Object Repository/Compliance status/click_btnConfirm' is clicked on

2023-05-17 20:03:54 - [TEST_STEP][PASSED] - scrollToElement(findTestObject("Compliance status/scroll_viewInst"), 0): Scroll to object 'Object Repository/Compliance status/scroll_viewInst' successfully

2023-05-17 20:03:54 - [MESSAGE][WARNING] - Timeout '0' is invalid. Using default page load timeout: '30'

2023-05-17 20:03:56 - [MESSAGE][PASSED] - Scroll to object 'Object Repository/Compliance status/scroll_viewInst' successfully

2023-05-17 20:03:56 - [TEST_STEP][PASSED] - waitForElementClickable(findTestObject("Compliance status/scroll_shownCalender"), 0): Object 'Object Repository/Compliance status/scroll_shownCalender' is clickable

2023-05-17 20:03:57 - [MESSAGE][WARNING] - Timeout '0' is invalid. Using default page load timeout: '30'

2023-05-17 20:03:57 - [MESSAGE][PASSED] - Object 'Object Repository/Compliance status/scroll_shownCalender' is clickable

2023-05-17 20:03:57 - [TEST_STEP][PASSED] - click(findTestObject("Compliance status/scroll_shownCalender")): Object: 'Object Repository/Compliance status/scroll_shownCalender' is clicked on

2023-05-17 20:03:57 - [MESSAGE][PASSED] - Object: 'Object Repository/Compliance status/scroll_shownCalender' is clicked on

2023-05-17 20:03:57 - [TEST_STEP][PASSED] - if (num == 1): null

2023-05-17 20:03:57 - [TEST_STEP][PASSED] - else if (num >= 17): null

2023-05-17 20:03:57 - [TEST_STEP][PASSED] - click(findTestObject("Compliance status/click_cal")): Object: 'Object Repository/Compliance status/click_cal' is clicked on

2023-05-17 20:03:58 - [MESSAGE][PASSED] - Object: 'Object Repository/Compliance status/click_cal' is clicked on

2023-05-17 20:03:58 - [TEST_STEP][PASSED] - LogTaskstatus.horizontalScroll(): null

2023-05-17 20:03:58 - [TEST_STEP][PASSED] - println("The current date is equal or above 17"): null

2023-05-17 20:03:58 - [TEST_STEP][PASSED] - NC = driver.findElements(By.xpath("//span[@class='glyphicon glyphicon-remove text-danger ng-star-inserted'] |//span[@class='glyphicon glyphicon-remove bg-dark ng-star-inserted']")): null

2023-05-17 20:03:58 - [TEST_STEP][PASSED] - for ([i = 0, i < NC.size(), (i++)]): null

2023-05-17 20:03:58 - [TEST_STEP][PASSED] - elemen = NC.get(i): null

2023-05-17 20:03:58 - [TEST_STEP][PASSED] - elemen.click(): null

2023-05-17 20:03:58 - [TEST_STEP][PASSED] - break: null

2023-05-17 20:03:58 - [TEST_STEP][PASSED] - takeScreenshot(): Taking screenshot successfully

2023-05-17 20:04:00 - [MESSAGE][PASSED] - Taking screenshot successfully
[[ATTACHMENT|C:\\ELL\\Automation\\Reports\\20230517_195423\\Phase-1-Lot\\20230517_195423\\1684334040152.png]]

2023-05-17 20:04:00 - [TEST_STEP][PASSED] - click(findTestObject("Compliance status/click_cancel")): Object: 'Object Repository/Compliance status/click_cancel' is clicked on

2023-05-17 20:04:00 - [MESSAGE][PASSED] - Object: 'Object Repository/Compliance status/click_cancel' is clicked on

2023-05-17 20:04:00 - [TEST_STEP][PASSED] - if (num <= 2 || num <= 1): null

2023-05-17 20:04:00 - [TEST_STEP][PASSED] - else if (num == 3): null

2023-05-17 20:04:00 - [TEST_STEP][PASSED] - else: Object: 'Object Repository/Compliance status/click_cancel' is clicked on

2023-05-17 20:04:00 - [TEST_STEP][PASSED] - missing = driver.findElements(By.xpath("//span[@class='glyphicon glyphicon-remove text-danger ng-star-inserted']|//span[@class='glyphicon glyphicon-remove bg-dark ng-star-inserted']")): null

2023-05-17 20:04:01 - [TEST_STEP][PASSED] - for ([i = 0, i < missing.size(), (i++)]): null

2023-05-17 20:04:01 - [TEST_STEP][PASSED] - eln = missing.get(i): null

2023-05-17 20:04:01 - [TEST_STEP][PASSED] - eln.click(): null

2023-05-17 20:04:01 - [TEST_STEP][PASSED] - break: null

2023-05-17 20:04:01 - [TEST_STEP][PASSED] - takeScreenshot(): Taking screenshot successfully

2023-05-17 20:04:02 - [MESSAGE][PASSED] - Taking screenshot successfully
[[ATTACHMENT|C:\\ELL\\Automation\\Reports\\20230517_195423\\Phase-1-Lot\\20230517_195423\\1684334042030.png]]

2023-05-17 20:04:02 - [TEST_STEP][PASSED] - click(findTestObject("Compliance status/dateChanger")): Object: 'Object Repository/Compliance status/dateChanger' is clicked on

2023-05-17 20:04:02 - [MESSAGE][PASSED] - Object: 'Object Repository/Compliance status/dateChanger' is clicked on

2023-05-17 20:04:02 - [TEST_STEP][PASSED] - takeScreenshot(): Taking screenshot successfully

2023-05-17 20:04:03 - [MESSAGE][PASSED] - Taking screenshot successfully
[[ATTACHMENT|C:\\ELL\\Automation\\Reports\\20230517_195423\\Phase-1-Lot\\20230517_195423\\1684334043592.png]]

2023-05-17 20:04:03 - [TEST_STEP][PASSED] - click(findTestObject("Compliance status/dateChanger")): Object: 'Object Repository/Compliance status/dateChanger' is clicked on

2023-05-17 20:04:04 - [MESSAGE][PASSED] - Object: 'Object Repository/Compliance status/dateChanger' is clicked on

2023-05-17 20:04:04 - [TEST_STEP][PASSED] - takeScreenshot(): Taking screenshot successfully

2023-05-17 20:04:05 - [MESSAGE][PASSED] - Taking screenshot successfully
[[ATTACHMENT|C:\\ELL\\Automation\\Reports\\20230517_195423\\Phase-1-Lot\\20230517_195423\\1684334045469.png]]

2023-05-17 20:04:05 - [TEST_STEP][PASSED] - click(findTestObject("Compliance status/click_cancel")): Object: 'Object Repository/Compliance status/click_cancel' is clicked on

2023-05-17 20:04:06 - [MESSAGE][PASSED] - Object: 'Object Repository/Compliance status/click_cancel' is clicked on

2023-05-17 20:04:06 - [TEST_STEP][PASSED] - executeJavaScript("window.scrollBy(0,document.body.scrollHeight)", null): Execute JavaScript 'window.scrollBy(0,document.body.scrollHeight)' successfully

2023-05-17 20:04:06 - [MESSAGE][PASSED] - Execute JavaScript 'window.scrollBy(0,document.body.scrollHeight)' successfully

2023-05-17 20:04:06 - [TEST_STEP][PASSED] - click(findTestObject("Compliance status/click_HideCalender")): Object: 'Object Repository/Compliance status/click_HideCalender' is clicked on

2023-05-17 20:04:06 - [MESSAGE][PASSED] - Object: 'Object Repository/Compliance status/click_HideCalender' is clicked on

2023-05-17 20:04:06 - [TEST_STEP][PASSED] - scrollToElement(findTestObject("Compliance status/scroll_shownCalender"), 0): Scroll to object 'Object Repository/Compliance status/scroll_shownCalender' successfully

2023-05-17 20:04:06 - [MESSAGE][WARNING] - Timeout '0' is invalid. Using default page load timeout: '30'

2023-05-17 20:04:10 - [MESSAGE][PASSED] - Scroll to object 'Object Repository/Compliance status/scroll_shownCalender' successfully

2023-05-17 20:04:10 - [TEST_STEP][PASSED] - scrollToOvrdue = driver.findElement(By.xpath("//strong[text()='Overdue']")): null

2023-05-17 20:04:10 - [TEST_STEP][PASSED] - js.executeScript("arguments[0].scrollIntoView(false)", scrollToOvrdue): null

2023-05-17 20:04:10 - [TEST_STEP][PASSED] - takeScreenshot(): Taking screenshot successfully

2023-05-17 20:04:11 - [MESSAGE][PASSED] - Taking screenshot successfully
[[ATTACHMENT|C:\\ELL\\Automation\\Reports\\20230517_195423\\Phase-1-Lot\\20230517_195423\\1684334051244.png]]]]></system-out>
         <system-err><![CDATA[]]></system-err>
      </testcase>
      <system-out><![CDATA[2023-05-17 19:54:31 - [TEST_SUITE][PASSED] - Phase-1-Lot: Test Cases/Compliance status - Suite]]></system-out>
      <system-err><![CDATA[]]></system-err>
   </testsuite>
</testsuites>
