<?xml version="1.0" encoding="UTF-8"?>
<testsuites name="Phase-1-Lot" time="544.568" tests="6" failures="1" errors="0">
   <testsuite name="Phase-1-Lot" tests="6" failures="1" errors="0" time="544.568" skipped="0" timestamp="2023-05-17 19:40:36" hostname="Alphi-MohamedRazul - Alphi-MohamedRazul" id="Test Suites/Phase-1-Lot">
      <properties>
[...]
</properties>
      <testcase name="Test Cases/Login_Select Database" time="24.791" classname="Test Cases/Login_Select Database" status="PASSED">
         <system-out><![CDATA[2023-05-17 19:40:37 - [TEST_CASE][PASSED] - Test Cases/Login_Select Database: Test Cases/Login_Select Database

2023-05-17 19:40:38 - [TEST_STEP][PASSED] - openBrowser("https://test.lablogs.co/#/login"): Browser is opened with url: 'https://test.lablogs.co/#/login'

2023-05-17 19:40:39 - [MESSAGE][INFO] - Starting 'Chrome' driver

2023-05-17 19:40:39 - [MESSAGE][INFO] - Action delay is set to 0 milliseconds

2023-05-17 19:40:49 - [MESSAGE][PASSED] - Browser is opened with url: 'https://test.lablogs.co/#/login'

2023-05-17 19:40:49 - [TEST_STEP][PASSED] - maximizeWindow(): Current window maximized

2023-05-17 19:40:49 - [MESSAGE][PASSED] - Current window maximized

2023-05-17 19:40:49 - [TEST_STEP][PASSED] - setText(findTestObject("Login_SelectDatabase/input_Sign in to your account_ng-untouched _b61fc2"), findTestData("Login").getValue("UserName", 1)): Text 'admin@lablogs.co' is set on object 'Object Repository/Login_SelectDatabase/input_Sign in to your account_ng-untouched _b61fc2'

2023-05-17 19:40:52 - [MESSAGE][PASSED] - Text 'admin@lablogs.co' is set on object 'Object Repository/Login_SelectDatabase/input_Sign in to your account_ng-untouched _b61fc2'

2023-05-17 19:40:52 - [TEST_STEP][PASSED] - setEncryptedText(findTestObject("Login_SelectDatabase/input_Email_ng-touched ng-dirty ng-valid"), findTestData("Login").getValue("Password", 1)): Text ****** has been set on object 'Object Repository/Login_SelectDatabase/input_Email_ng-touched ng-dirty ng-valid'

2023-05-17 19:40:53 - [MESSAGE][PASSED] - Text ****** has been set on object 'Object Repository/Login_SelectDatabase/input_Email_ng-touched ng-dirty ng-valid'

2023-05-17 19:40:53 - [TEST_STEP][PASSED] - click(findTestObject("Login_SelectDatabase/button_SIGN IN")): Object: 'Object Repository/Login_SelectDatabase/button_SIGN IN' is clicked on

2023-05-17 19:40:54 - [MESSAGE][PASSED] - Object: 'Object Repository/Login_SelectDatabase/button_SIGN IN' is clicked on

2023-05-17 19:40:54 - [TEST_STEP][PASSED] - delay(5): Delayed 5 second(s)

2023-05-17 19:40:59 - [MESSAGE][PASSED] - Delayed 5 second(s)

2023-05-17 19:40:59 - [TEST_STEP][PASSED] - d = getWebDriver(): null

2023-05-17 19:40:59 - [TEST_STEP][PASSED] - b = d.findElements(By.xpath("//p[@class='card-text mb-0']")): null

2023-05-17 19:40:59 - [TEST_STEP][PASSED] - r = b.size(): null

2023-05-17 19:40:59 - [TEST_STEP][PASSED] - println(r): null

2023-05-17 19:40:59 - [TEST_STEP][PASSED] - for ([i = 0, i < b.size(), (i++)]): null

2023-05-17 19:40:59 - [TEST_STEP][PASSED] - x1 = b.get(i): null

2023-05-17 19:40:59 - [TEST_STEP][PASSED] - out.println(x1.getText()): null

2023-05-17 19:40:59 - [TEST_STEP][PASSED] - x1 = b.get(i): null

2023-05-17 19:40:59 - [TEST_STEP][PASSED] - out.println(x1.getText()): null

2023-05-17 19:40:59 - [TEST_STEP][PASSED] - x1 = b.get(i): null

2023-05-17 19:40:59 - [TEST_STEP][PASSED] - out.println(x1.getText()): null

2023-05-17 19:40:59 - [TEST_STEP][PASSED] - x1 = b.get(i): null

2023-05-17 19:40:59 - [TEST_STEP][PASSED] - out.println(x1.getText()): null

2023-05-17 19:40:59 - [TEST_STEP][PASSED] - x1 = b.get(i): null

2023-05-17 19:40:59 - [TEST_STEP][PASSED] - out.println(x1.getText()): null

2023-05-17 19:40:59 - [TEST_STEP][PASSED] - fis = new java.io.FileInputStream(C://ELL//Automation//Excel//DataBase Selection.xlsx): null

2023-05-17 19:40:59 - [TEST_STEP][PASSED] - k = 1: null

2023-05-17 19:40:59 - [TEST_STEP][PASSED] - wb = new org.apache.poi.xssf.usermodel.XSSFWorkbook(fis): null

2023-05-17 19:40:59 - [TEST_STEP][PASSED] - s = wb.getSheet("Select Database"): null

2023-05-17 19:40:59 - [TEST_STEP][PASSED] - for ([i = 0, i < b.size(), (i++)]): null

2023-05-17 19:40:59 - [TEST_STEP][PASSED] - x1 = b.get(i): null

2023-05-17 19:40:59 - [TEST_STEP][PASSED] - createCell(0).setCellValue(x1.getText()): null

2023-05-17 19:41:00 - [TEST_STEP][PASSED] - (k++): null

2023-05-17 19:41:00 - [TEST_STEP][PASSED] - x1 = b.get(i): null

2023-05-17 19:41:00 - [TEST_STEP][PASSED] - createCell(0).setCellValue(x1.getText()): null

2023-05-17 19:41:00 - [TEST_STEP][PASSED] - (k++): null

2023-05-17 19:41:00 - [TEST_STEP][PASSED] - x1 = b.get(i): null

2023-05-17 19:41:00 - [TEST_STEP][PASSED] - createCell(0).setCellValue(x1.getText()): null

2023-05-17 19:41:00 - [TEST_STEP][PASSED] - (k++): null

2023-05-17 19:41:00 - [TEST_STEP][PASSED] - x1 = b.get(i): null

2023-05-17 19:41:00 - [TEST_STEP][PASSED] - createCell(0).setCellValue(x1.getText()): null

2023-05-17 19:41:00 - [TEST_STEP][PASSED] - (k++): null

2023-05-17 19:41:00 - [TEST_STEP][PASSED] - x1 = b.get(i): null

2023-05-17 19:41:00 - [TEST_STEP][PASSED] - createCell(0).setCellValue(x1.getText()): null

2023-05-17 19:41:00 - [TEST_STEP][PASSED] - (k++): null

2023-05-17 19:41:00 - [TEST_STEP][PASSED] - fos = new java.io.FileOutputStream(C://ELL//Automation//Excel//DataBase Selection.xlsx): null

2023-05-17 19:41:00 - [TEST_STEP][PASSED] - wb.write(fos): null

2023-05-17 19:41:01 - [TEST_STEP][PASSED] - P1 = findTestData("Select_Database").getValue("Database", 1): null

2023-05-17 19:41:01 - [TEST_STEP][PASSED] - out.println(P1): null

2023-05-17 19:41:01 - [TEST_STEP][PASSED] - for ([i = 0, i < b.size(), (i++)]): null

2023-05-17 19:41:01 - [TEST_STEP][PASSED] - y1 = b.get(i): null

2023-05-17 19:41:01 - [TEST_STEP][PASSED] - z1 = y1.getText(): null

2023-05-17 19:41:01 - [TEST_STEP][PASSED] - out.println(z1): null

2023-05-17 19:41:01 - [TEST_STEP][PASSED] - if (z1.equals(P1)): null

2023-05-17 19:41:01 - [TEST_STEP][PASSED] - y1 = b.get(i): null

2023-05-17 19:41:01 - [TEST_STEP][PASSED] - z1 = y1.getText(): null

2023-05-17 19:41:01 - [TEST_STEP][PASSED] - out.println(z1): null

2023-05-17 19:41:01 - [TEST_STEP][PASSED] - if (z1.equals(P1)): null

2023-05-17 19:41:01 - [TEST_STEP][PASSED] - y1 = b.get(i): null

2023-05-17 19:41:01 - [TEST_STEP][PASSED] - z1 = y1.getText(): null

2023-05-17 19:41:01 - [TEST_STEP][PASSED] - out.println(z1): null

2023-05-17 19:41:01 - [TEST_STEP][PASSED] - if (z1.equals(P1)): null

2023-05-17 19:41:01 - [TEST_STEP][PASSED] - y1 = b.get(i): null

2023-05-17 19:41:01 - [TEST_STEP][PASSED] - z1 = y1.getText(): null

2023-05-17 19:41:01 - [TEST_STEP][PASSED] - out.println(z1): null

2023-05-17 19:41:01 - [TEST_STEP][PASSED] - if (z1.equals(P1)): null

2023-05-17 19:41:01 - [TEST_STEP][PASSED] - y1 = b.get(i): null

2023-05-17 19:41:01 - [TEST_STEP][PASSED] - z1 = y1.getText(): null

2023-05-17 19:41:01 - [TEST_STEP][PASSED] - out.println(z1): null

2023-05-17 19:41:01 - [TEST_STEP][PASSED] - if (z1.equals(P1)): null

2023-05-17 19:41:01 - [TEST_STEP][PASSED] - y1.click(): null

2023-05-17 19:41:01 - [TEST_STEP][PASSED] - break: null

2023-05-17 19:41:01 - [TEST_STEP][PASSED] - out.print("good"): null

2023-05-17 19:41:01 - [TEST_STEP][PASSED] - click(findTestObject("Login_SelectDatabase/button_Use Selected Database")): Object: 'Object Repository/Login_SelectDatabase/button_Use Selected Database' is clicked on

2023-05-17 19:41:02 - [MESSAGE][PASSED] - Object: 'Object Repository/Login_SelectDatabase/button_Use Selected Database' is clicked on]]></system-out>
         <system-err><![CDATA[]]></system-err>
      </testcase>
      <testcase name="Test Cases/Site creation - Suite" time="74.681" classname="Test Cases/Site creation - Suite" status="PASSED">
         <system-out><![CDATA[2023-05-17 19:41:02 - [TEST_CASE][PASSED] - Test Cases/Site creation - Suite: Test Cases/Site creation - Suite

2023-05-17 19:41:06 - [TEST_STEP][PASSED] - delay(5): Delayed 5 second(s)

2023-05-17 19:41:11 - [MESSAGE][PASSED] - Delayed 5 second(s)

2023-05-17 19:41:11 - [TEST_STEP][PASSED] - click(findTestObject("ELL Menu/Select_MenuIcon")): Object: 'Object Repository/ELL Menu/Select_MenuIcon' is clicked on

2023-05-17 19:41:13 - [MESSAGE][PASSED] - Object: 'Object Repository/ELL Menu/Select_MenuIcon' is clicked on

2023-05-17 19:41:13 - [TEST_STEP][PASSED] - click(findTestObject("ELL Menu/a_ADMINISTRATION")): Object: 'Object Repository/ELL Menu/a_ADMINISTRATION' is clicked on

2023-05-17 19:41:14 - [MESSAGE][PASSED] - Object: 'Object Repository/ELL Menu/a_ADMINISTRATION' is clicked on

2023-05-17 19:41:14 - [TEST_STEP][PASSED] - click(findTestObject("Site creation/button_Add Site")): Object: 'Object Repository/Site creation/button_Add Site' is clicked on

2023-05-17 19:41:16 - [MESSAGE][PASSED] - Object: 'Object Repository/Site creation/button_Add Site' is clicked on

2023-05-17 19:41:16 - [TEST_STEP][PASSED] - click(findTestObject("Site creation/input_Site Name")): Object: 'Object Repository/Site creation/input_Site Name' is clicked on

2023-05-17 19:41:16 - [MESSAGE][PASSED] - Object: 'Object Repository/Site creation/input_Site Name' is clicked on

2023-05-17 19:41:16 - [TEST_STEP][PASSED] - dateFormat = new java.text.SimpleDateFormat(yyyy/dd/MM HH:mm:ss): null

2023-05-17 19:41:16 - [TEST_STEP][PASSED] - date = new java.util.Date(): null

2023-05-17 19:41:16 - [TEST_STEP][PASSED] - a = dateFormat.format(date): null

2023-05-17 19:41:16 - [TEST_STEP][PASSED] - println(a): null

2023-05-17 19:41:16 - [TEST_STEP][PASSED] - b = " - ": null

2023-05-17 19:41:16 - [TEST_STEP][PASSED] - Site = findTestData("Site Data").getValue("Site Name", 1) + b + a: null

2023-05-17 19:41:16 - [TEST_STEP][PASSED] - println(Site): null

2023-05-17 19:41:16 - [TEST_STEP][PASSED] - logInfo(Site): Madurai - 2023/17/05 19:41:16

2023-05-17 19:41:16 - [MESSAGE][INFO] - Madurai - 2023/17/05 19:41:16

2023-05-17 19:41:16 - [TEST_STEP][PASSED] - Excel.writeData("ELL_Departments & Units", "Add D&U", 1, 1, Site): null

2023-05-17 19:41:17 - [TEST_STEP][PASSED] - setText(findTestObject("Site creation/input_Site Name"), Site): Text 'Madurai - 2023/17/05 19:41:16' is set on object 'Object Repository/Site creation/input_Site Name'

2023-05-17 19:41:18 - [MESSAGE][PASSED] - Text 'Madurai - 2023/17/05 19:41:16' is set on object 'Object Repository/Site creation/input_Site Name'

2023-05-17 19:41:18 - [TEST_STEP][PASSED] - s1 = getAttribute(findTestObject("Site creation/input_Site Name"), "value"): Attribute 'value' of object 'Object Repository/Site creation/input_Site Name' is: 'Madurai - 2023/17/05 19:41:16'

2023-05-17 19:41:18 - [MESSAGE][PASSED] - Attribute 'value' of object 'Object Repository/Site creation/input_Site Name' is: 'Madurai - 2023/17/05 19:41:16'

2023-05-17 19:41:18 - [TEST_STEP][PASSED] - println(s1): null

2023-05-17 19:41:18 - [TEST_STEP][PASSED] - verifyEqual(Site, s1): Actual object 'Madurai - 2023/17/05 19:41:16' and expected object 'Madurai - 2023/17/05 19:41:16' are equal

2023-05-17 19:41:18 - [MESSAGE][PASSED] - Actual object 'Madurai - 2023/17/05 19:41:16' and expected object 'Madurai - 2023/17/05 19:41:16' are equal

2023-05-17 19:41:18 - [TEST_STEP][PASSED] - A1 = findTestData("Site Data").getValue("Address", 1): null

2023-05-17 19:41:19 - [TEST_STEP][PASSED] - setText(findTestObject("Site creation/input_Address"), A1): Text '221 Hudson Street' is set on object 'Object Repository/Site creation/input_Address'

2023-05-17 19:41:19 - [MESSAGE][PASSED] - Text '221 Hudson Street' is set on object 'Object Repository/Site creation/input_Address'

2023-05-17 19:41:19 - [TEST_STEP][PASSED] - A2 = getAttribute(findTestObject("Site creation/input_Address"), "value"): Attribute 'value' of object 'Object Repository/Site creation/input_Address' is: '221 Hudson Street'

2023-05-17 19:41:20 - [MESSAGE][PASSED] - Attribute 'value' of object 'Object Repository/Site creation/input_Address' is: '221 Hudson Street'

2023-05-17 19:41:20 - [TEST_STEP][PASSED] - println(A2): null

2023-05-17 19:41:20 - [TEST_STEP][PASSED] - verifyEqual(A1, A2): Actual object '221 Hudson Street' and expected object '221 Hudson Street' are equal

2023-05-17 19:41:20 - [MESSAGE][PASSED] - Actual object '221 Hudson Street' and expected object '221 Hudson Street' are equal

2023-05-17 19:41:20 - [TEST_STEP][PASSED] - c1 = findTestData("Site Data").getValue("City", 1): null

2023-05-17 19:41:20 - [TEST_STEP][PASSED] - setText(findTestObject("Site creation/input_City_city"), c1): Text 'NY' is set on object 'Object Repository/Site creation/input_City_city'

2023-05-17 19:41:21 - [MESSAGE][PASSED] - Text 'NY' is set on object 'Object Repository/Site creation/input_City_city'

2023-05-17 19:41:21 - [TEST_STEP][PASSED] - c2 = getAttribute(findTestObject("Site creation/input_City_city"), "value"): Attribute 'value' of object 'Object Repository/Site creation/input_City_city' is: 'NY'

2023-05-17 19:41:21 - [MESSAGE][PASSED] - Attribute 'value' of object 'Object Repository/Site creation/input_City_city' is: 'NY'

2023-05-17 19:41:21 - [TEST_STEP][PASSED] - verifyEqual(c1, c2): Actual object 'NY' and expected object 'NY' are equal

2023-05-17 19:41:21 - [MESSAGE][PASSED] - Actual object 'NY' and expected object 'NY' are equal

2023-05-17 19:41:21 - [TEST_STEP][PASSED] - S5 = findTestData("Site Data").getValue("State", 1): null

2023-05-17 19:41:21 - [TEST_STEP][PASSED] - setText(findTestObject("Site creation/input_State_state"), S5): Text 'Rochester' is set on object 'Object Repository/Site creation/input_State_state'

2023-05-17 19:41:22 - [MESSAGE][PASSED] - Text 'Rochester' is set on object 'Object Repository/Site creation/input_State_state'

2023-05-17 19:41:22 - [TEST_STEP][PASSED] - S6 = getAttribute(findTestObject("Site creation/input_State_state"), "value"): Attribute 'value' of object 'Object Repository/Site creation/input_State_state' is: 'Rochester'

2023-05-17 19:41:23 - [MESSAGE][PASSED] - Attribute 'value' of object 'Object Repository/Site creation/input_State_state' is: 'Rochester'

2023-05-17 19:41:23 - [TEST_STEP][PASSED] - verifyEqual(S5, S6): Actual object 'Rochester' and expected object 'Rochester' are equal

2023-05-17 19:41:23 - [MESSAGE][PASSED] - Actual object 'Rochester' and expected object 'Rochester' are equal

2023-05-17 19:41:23 - [TEST_STEP][PASSED] - z1 = findTestData("Site Data").getValue("Zip", 1): null

2023-05-17 19:41:23 - [TEST_STEP][PASSED] - setText(findTestObject("Site creation/input_Zip_zip"), z1): Text '14609' is set on object 'Object Repository/Site creation/input_Zip_zip'

2023-05-17 19:41:24 - [MESSAGE][PASSED] - Text '14609' is set on object 'Object Repository/Site creation/input_Zip_zip'

2023-05-17 19:41:24 - [TEST_STEP][PASSED] - z2 = getAttribute(findTestObject("Site creation/input_Zip_zip"), "value"): Attribute 'value' of object 'Object Repository/Site creation/input_Zip_zip' is: '14609'

2023-05-17 19:41:24 - [MESSAGE][PASSED] - Attribute 'value' of object 'Object Repository/Site creation/input_Zip_zip' is: '14609'

2023-05-17 19:41:24 - [TEST_STEP][PASSED] - verifyEqual(z1, z2): Actual object '14609' and expected object '14609' are equal

2023-05-17 19:41:24 - [MESSAGE][PASSED] - Actual object '14609' and expected object '14609' are equal

2023-05-17 19:41:24 - [TEST_STEP][PASSED] - selectOptionByLabel(findTestObject("Site creation/select_country"), findTestData("Site Data").getValue("Country", 1), true): All options with label 'United States' are selected in object 'Object Repository/Site creation/select_country'  using regular expression

2023-05-17 19:41:32 - [MESSAGE][PASSED] - All options with label 'United States' are selected in object 'Object Repository/Site creation/select_country'  using regular expression

2023-05-17 19:41:32 - [TEST_STEP][PASSED] - verifyOptionPresentByLabel(findTestObject("Site creation/select_country"), findTestData("Site Data").getValue("Country", 1), false, 0): 1 option(s) with label 'United States' is/are present in object 'Object Repository/Site creation/select_country' 

2023-05-17 19:41:32 - [MESSAGE][WARNING] - Timeout '0' is invalid. Using default page load timeout: '30'

2023-05-17 19:41:35 - [MESSAGE][PASSED] - 1 option(s) with label 'United States' is/are present in object 'Object Repository/Site creation/select_country' 

2023-05-17 19:41:35 - [TEST_STEP][PASSED] - setText(findTestObject("Site creation/input_Phone_phone"), findTestData("Site Data").getValue("Phone", 1)): Text '1234567890' is set on object 'Object Repository/Site creation/input_Phone_phone'

2023-05-17 19:41:36 - [MESSAGE][PASSED] - Text '1234567890' is set on object 'Object Repository/Site creation/input_Phone_phone'

2023-05-17 19:41:36 - [TEST_STEP][PASSED] - selectOptionByLabel(findTestObject("Site creation/select_Timezone"), findTestData("Site Data").getValue("Timezone", 1), true): All options with label 'EST' are selected in object 'Object Repository/Site creation/select_Timezone'  using regular expression

2023-05-17 19:41:53 - [MESSAGE][PASSED] - All options with label 'EST' are selected in object 'Object Repository/Site creation/select_Timezone'  using regular expression

2023-05-17 19:41:53 - [TEST_STEP][PASSED] - verifyOptionPresentByLabel(findTestObject("Site creation/select_Timezone"), findTestData("Site Data").getValue("Timezone", 1), false, 0): 1 option(s) with label 'EST' is/are present in object 'Object Repository/Site creation/select_Timezone' 

2023-05-17 19:41:54 - [MESSAGE][WARNING] - Timeout '0' is invalid. Using default page load timeout: '30'

2023-05-17 19:42:00 - [MESSAGE][PASSED] - 1 option(s) with label 'EST' is/are present in object 'Object Repository/Site creation/select_Timezone' 

2023-05-17 19:42:00 - [TEST_STEP][PASSED] - click(findTestObject("Site creation/input_system_Schedule")): Object: 'Object Repository/Site creation/input_system_Schedule' is clicked on

2023-05-17 19:42:01 - [MESSAGE][PASSED] - Object: 'Object Repository/Site creation/input_system_Schedule' is clicked on

2023-05-17 19:42:01 - [TEST_STEP][PASSED] - click(findTestObject("Site creation/SA_ON")): Object: 'Object Repository/Site creation/SA_ON' is clicked on

2023-05-17 19:42:01 - [MESSAGE][PASSED] - Object: 'Object Repository/Site creation/SA_ON' is clicked on

2023-05-17 19:42:01 - [TEST_STEP][PASSED] - click(findTestObject("Site creation/SU_ON")): Object: 'Object Repository/Site creation/SU_ON' is clicked on

2023-05-17 19:42:02 - [MESSAGE][PASSED] - Object: 'Object Repository/Site creation/SU_ON' is clicked on

2023-05-17 19:42:02 - [TEST_STEP][PASSED] - click(findTestObject("Site creation/button_Save")): Object: 'Object Repository/Site creation/button_Save' is clicked on

2023-05-17 19:42:03 - [MESSAGE][PASSED] - Object: 'Object Repository/Site creation/button_Save' is clicked on

2023-05-17 19:42:03 - [TEST_STEP][PASSED] - verifyElementPresent(findTestObject("Site creation/div_Success  Site added successfully"), 0): Object 'Object Repository/Site creation/div_Success  Site added successfully' is present

2023-05-17 19:42:03 - [MESSAGE][WARNING] - Timeout '0' is invalid. Using default page load timeout: '30'

2023-05-17 19:42:05 - [MESSAGE][PASSED] - Object 'Object Repository/Site creation/div_Success  Site added successfully' is present

2023-05-17 19:42:05 - [TEST_STEP][PASSED] - c = getText(findTestObject("Site creation/div_Success  Site added successfully")): Text of object 'Object Repository/Site creation/div_Success  Site added successfully' is: 'Success!
Site added successfully.'

2023-05-17 19:42:06 - [MESSAGE][PASSED] - Text of object 'Object Repository/Site creation/div_Success  Site added successfully' is: 'Success!
Site added successfully.'

2023-05-17 19:42:06 - [TEST_STEP][PASSED] - println(c): null

2023-05-17 19:42:06 - [TEST_STEP][PASSED] - logInfo(c): Success!
Site added successfully.

2023-05-17 19:42:06 - [MESSAGE][INFO] - Success!
Site added successfully.

2023-05-17 19:42:06 - [TEST_STEP][PASSED] - click(findTestObject("Site creation/div_click")): Object: 'Object Repository/Site creation/div_click' is clicked on

2023-05-17 19:42:06 - [MESSAGE][PASSED] - Object: 'Object Repository/Site creation/div_click' is clicked on

2023-05-17 19:42:06 - [TEST_STEP][PASSED] - driver = getWebDriver(): null

2023-05-17 19:42:06 - [TEST_STEP][PASSED] - executor = driver: null

2023-05-17 19:42:06 - [TEST_STEP][PASSED] - li = driver.findElements(By.xpath("//div[@class=" + "'col']")): null

2023-05-17 19:42:07 - [TEST_STEP][PASSED] - op = li.size(): null

2023-05-17 19:42:07 - [TEST_STEP][PASSED] - println(op): null

2023-05-17 19:42:07 - [TEST_STEP][PASSED] - for ([i = 0, i < li.size(), (i++)]): null

2023-05-17 19:42:07 - [TEST_STEP][PASSED] - x2 = li.get(i): null

2023-05-17 19:42:07 - [TEST_STEP][PASSED] - x3 = x2.getText(): null

2023-05-17 19:42:07 - [TEST_STEP][PASSED] - println(x3): null

2023-05-17 19:42:07 - [TEST_STEP][PASSED] - if (Site.equals(x3)): null

2023-05-17 19:42:07 - [TEST_STEP][PASSED] - x2 = li.get(i): null

2023-05-17 19:42:07 - [TEST_STEP][PASSED] - x3 = x2.getText(): null

2023-05-17 19:42:07 - [TEST_STEP][PASSED] - println(x3): null

2023-05-17 19:42:07 - [TEST_STEP][PASSED] - if (Site.equals(x3)): null

2023-05-17 19:42:07 - [TEST_STEP][PASSED] - x2 = li.get(i): null

2023-05-17 19:42:07 - [TEST_STEP][PASSED] - x3 = x2.getText(): null

2023-05-17 19:42:07 - [TEST_STEP][PASSED] - println(x3): null

2023-05-17 19:42:07 - [TEST_STEP][PASSED] - if (Site.equals(x3)): null

2023-05-17 19:42:07 - [TEST_STEP][PASSED] - x2 = li.get(i): null

2023-05-17 19:42:07 - [TEST_STEP][PASSED] - x3 = x2.getText(): null

2023-05-17 19:42:07 - [TEST_STEP][PASSED] - println(x3): null

2023-05-17 19:42:07 - [TEST_STEP][PASSED] - if (Site.equals(x3)): null

2023-05-17 19:42:07 - [TEST_STEP][PASSED] - x2 = li.get(i): null

2023-05-17 19:42:07 - [TEST_STEP][PASSED] - x3 = x2.getText(): null

2023-05-17 19:42:07 - [TEST_STEP][PASSED] - println(x3): null

2023-05-17 19:42:07 - [TEST_STEP][PASSED] - if (Site.equals(x3)): null

2023-05-17 19:42:07 - [TEST_STEP][PASSED] - x2 = li.get(i): null

2023-05-17 19:42:07 - [TEST_STEP][PASSED] - x3 = x2.getText(): null

2023-05-17 19:42:07 - [TEST_STEP][PASSED] - println(x3): null

2023-05-17 19:42:07 - [TEST_STEP][PASSED] - if (Site.equals(x3)): null

2023-05-17 19:42:07 - [TEST_STEP][PASSED] - x2 = li.get(i): null

2023-05-17 19:42:07 - [TEST_STEP][PASSED] - x3 = x2.getText(): null

2023-05-17 19:42:07 - [TEST_STEP][PASSED] - println(x3): null

2023-05-17 19:42:07 - [TEST_STEP][PASSED] - if (Site.equals(x3)): null

2023-05-17 19:42:07 - [TEST_STEP][PASSED] - x2 = li.get(i): null

2023-05-17 19:42:07 - [TEST_STEP][PASSED] - x3 = x2.getText(): null

2023-05-17 19:42:07 - [TEST_STEP][PASSED] - println(x3): null

2023-05-17 19:42:07 - [TEST_STEP][PASSED] - if (Site.equals(x3)): null

2023-05-17 19:42:07 - [TEST_STEP][PASSED] - x2 = li.get(i): null

2023-05-17 19:42:07 - [TEST_STEP][PASSED] - x3 = x2.getText(): null

2023-05-17 19:42:07 - [TEST_STEP][PASSED] - println(x3): null

2023-05-17 19:42:07 - [TEST_STEP][PASSED] - if (Site.equals(x3)): null

2023-05-17 19:42:07 - [TEST_STEP][PASSED] - x2 = li.get(i): null

2023-05-17 19:42:07 - [TEST_STEP][PASSED] - x3 = x2.getText(): null

2023-05-17 19:42:07 - [TEST_STEP][PASSED] - println(x3): null

2023-05-17 19:42:07 - [TEST_STEP][PASSED] - if (Site.equals(x3)): null

2023-05-17 19:42:07 - [TEST_STEP][PASSED] - x2 = li.get(i): null

2023-05-17 19:42:07 - [TEST_STEP][PASSED] - x3 = x2.getText(): null

2023-05-17 19:42:07 - [TEST_STEP][PASSED] - println(x3): null

2023-05-17 19:42:07 - [TEST_STEP][PASSED] - if (Site.equals(x3)): null

2023-05-17 19:42:07 - [TEST_STEP][PASSED] - x2 = li.get(i): null

2023-05-17 19:42:07 - [TEST_STEP][PASSED] - x3 = x2.getText(): null

2023-05-17 19:42:07 - [TEST_STEP][PASSED] - println(x3): null

2023-05-17 19:42:07 - [TEST_STEP][PASSED] - if (Site.equals(x3)): null

2023-05-17 19:42:07 - [TEST_STEP][PASSED] - x2 = li.get(i): null

2023-05-17 19:42:07 - [TEST_STEP][PASSED] - x3 = x2.getText(): null

2023-05-17 19:42:07 - [TEST_STEP][PASSED] - println(x3): null

2023-05-17 19:42:07 - [TEST_STEP][PASSED] - if (Site.equals(x3)): null

2023-05-17 19:42:07 - [TEST_STEP][PASSED] - x2 = li.get(i): null

2023-05-17 19:42:07 - [TEST_STEP][PASSED] - x3 = x2.getText(): null

2023-05-17 19:42:07 - [TEST_STEP][PASSED] - println(x3): null

2023-05-17 19:42:07 - [TEST_STEP][PASSED] - if (Site.equals(x3)): null

2023-05-17 19:42:07 - [TEST_STEP][PASSED] - x2 = li.get(i): null

2023-05-17 19:42:07 - [TEST_STEP][PASSED] - x3 = x2.getText(): null

2023-05-17 19:42:07 - [TEST_STEP][PASSED] - println(x3): null

2023-05-17 19:42:07 - [TEST_STEP][PASSED] - if (Site.equals(x3)): null

2023-05-17 19:42:07 - [TEST_STEP][PASSED] - x2 = li.get(i): null

2023-05-17 19:42:07 - [TEST_STEP][PASSED] - x3 = x2.getText(): null

2023-05-17 19:42:07 - [TEST_STEP][PASSED] - println(x3): null

2023-05-17 19:42:07 - [TEST_STEP][PASSED] - if (Site.equals(x3)): null

2023-05-17 19:42:07 - [TEST_STEP][PASSED] - x2 = li.get(i): null

2023-05-17 19:42:07 - [TEST_STEP][PASSED] - x3 = x2.getText(): null

2023-05-17 19:42:07 - [TEST_STEP][PASSED] - println(x3): null

2023-05-17 19:42:07 - [TEST_STEP][PASSED] - if (Site.equals(x3)): null

2023-05-17 19:42:07 - [TEST_STEP][PASSED] - x2 = li.get(i): null

2023-05-17 19:42:07 - [TEST_STEP][PASSED] - x3 = x2.getText(): null

2023-05-17 19:42:07 - [TEST_STEP][PASSED] - println(x3): null

2023-05-17 19:42:07 - [TEST_STEP][PASSED] - if (Site.equals(x3)): null

2023-05-17 19:42:07 - [TEST_STEP][PASSED] - x2 = li.get(i): null

2023-05-17 19:42:07 - [TEST_STEP][PASSED] - x3 = x2.getText(): null

2023-05-17 19:42:07 - [TEST_STEP][PASSED] - println(x3): null

2023-05-17 19:42:07 - [TEST_STEP][PASSED] - if (Site.equals(x3)): null

2023-05-17 19:42:07 - [TEST_STEP][PASSED] - x2 = li.get(i): null

2023-05-17 19:42:07 - [TEST_STEP][PASSED] - x3 = x2.getText(): null

2023-05-17 19:42:07 - [TEST_STEP][PASSED] - println(x3): null

2023-05-17 19:42:07 - [TEST_STEP][PASSED] - if (Site.equals(x3)): null

2023-05-17 19:42:07 - [TEST_STEP][PASSED] - x2 = li.get(i): null

2023-05-17 19:42:07 - [TEST_STEP][PASSED] - x3 = x2.getText(): null

2023-05-17 19:42:07 - [TEST_STEP][PASSED] - println(x3): null

2023-05-17 19:42:07 - [TEST_STEP][PASSED] - if (Site.equals(x3)): null

2023-05-17 19:42:07 - [TEST_STEP][PASSED] - x2 = li.get(i): null

2023-05-17 19:42:07 - [TEST_STEP][PASSED] - x3 = x2.getText(): null

2023-05-17 19:42:07 - [TEST_STEP][PASSED] - println(x3): null

2023-05-17 19:42:07 - [TEST_STEP][PASSED] - if (Site.equals(x3)): null

2023-05-17 19:42:07 - [TEST_STEP][PASSED] - x2 = li.get(i): null

2023-05-17 19:42:07 - [TEST_STEP][PASSED] - x3 = x2.getText(): null

2023-05-17 19:42:07 - [TEST_STEP][PASSED] - println(x3): null

2023-05-17 19:42:07 - [TEST_STEP][PASSED] - if (Site.equals(x3)): null

2023-05-17 19:42:07 - [TEST_STEP][PASSED] - x2 = li.get(i): null

2023-05-17 19:42:07 - [TEST_STEP][PASSED] - x3 = x2.getText(): null

2023-05-17 19:42:07 - [TEST_STEP][PASSED] - println(x3): null

2023-05-17 19:42:07 - [TEST_STEP][PASSED] - if (Site.equals(x3)): null

2023-05-17 19:42:07 - [TEST_STEP][PASSED] - x2 = li.get(i): null

2023-05-17 19:42:07 - [TEST_STEP][PASSED] - x3 = x2.getText(): null

2023-05-17 19:42:07 - [TEST_STEP][PASSED] - println(x3): null

2023-05-17 19:42:07 - [TEST_STEP][PASSED] - if (Site.equals(x3)): null

2023-05-17 19:42:07 - [TEST_STEP][PASSED] - x2 = li.get(i): null

2023-05-17 19:42:07 - [TEST_STEP][PASSED] - x3 = x2.getText(): null

2023-05-17 19:42:07 - [TEST_STEP][PASSED] - println(x3): null

2023-05-17 19:42:07 - [TEST_STEP][PASSED] - if (Site.equals(x3)): null

2023-05-17 19:42:07 - [TEST_STEP][PASSED] - x2 = li.get(i): null

2023-05-17 19:42:07 - [TEST_STEP][PASSED] - x3 = x2.getText(): null

2023-05-17 19:42:07 - [TEST_STEP][PASSED] - println(x3): null

2023-05-17 19:42:07 - [TEST_STEP][PASSED] - if (Site.equals(x3)): null

2023-05-17 19:42:07 - [TEST_STEP][PASSED] - x2 = li.get(i): null

2023-05-17 19:42:07 - [TEST_STEP][PASSED] - x3 = x2.getText(): null

2023-05-17 19:42:07 - [TEST_STEP][PASSED] - println(x3): null

2023-05-17 19:42:07 - [TEST_STEP][PASSED] - if (Site.equals(x3)): null

2023-05-17 19:42:07 - [TEST_STEP][PASSED] - x2 = li.get(i): null

2023-05-17 19:42:07 - [TEST_STEP][PASSED] - x3 = x2.getText(): null

2023-05-17 19:42:07 - [TEST_STEP][PASSED] - println(x3): null

2023-05-17 19:42:07 - [TEST_STEP][PASSED] - if (Site.equals(x3)): null

2023-05-17 19:42:07 - [TEST_STEP][PASSED] - x2 = li.get(i): null

2023-05-17 19:42:07 - [TEST_STEP][PASSED] - x3 = x2.getText(): null

2023-05-17 19:42:07 - [TEST_STEP][PASSED] - println(x3): null

2023-05-17 19:42:07 - [TEST_STEP][PASSED] - if (Site.equals(x3)): null

2023-05-17 19:42:07 - [TEST_STEP][PASSED] - x2 = li.get(i): null

2023-05-17 19:42:07 - [TEST_STEP][PASSED] - x3 = x2.getText(): null

2023-05-17 19:42:08 - [TEST_STEP][PASSED] - println(x3): null

2023-05-17 19:42:08 - [TEST_STEP][PASSED] - if (Site.equals(x3)): null

2023-05-17 19:42:08 - [TEST_STEP][PASSED] - x2 = li.get(i): null

2023-05-17 19:42:08 - [TEST_STEP][PASSED] - x3 = x2.getText(): null

2023-05-17 19:42:08 - [TEST_STEP][PASSED] - println(x3): null

2023-05-17 19:42:08 - [TEST_STEP][PASSED] - if (Site.equals(x3)): null

2023-05-17 19:42:08 - [TEST_STEP][PASSED] - x2 = li.get(i): null

2023-05-17 19:42:08 - [TEST_STEP][PASSED] - x3 = x2.getText(): null

2023-05-17 19:42:08 - [TEST_STEP][PASSED] - println(x3): null

2023-05-17 19:42:08 - [TEST_STEP][PASSED] - if (Site.equals(x3)): null

2023-05-17 19:42:08 - [TEST_STEP][PASSED] - x2 = li.get(i): null

2023-05-17 19:42:08 - [TEST_STEP][PASSED] - x3 = x2.getText(): null

2023-05-17 19:42:08 - [TEST_STEP][PASSED] - println(x3): null

2023-05-17 19:42:08 - [TEST_STEP][PASSED] - if (Site.equals(x3)): null

2023-05-17 19:42:08 - [TEST_STEP][PASSED] - x2 = li.get(i): null

2023-05-17 19:42:08 - [TEST_STEP][PASSED] - x3 = x2.getText(): null

2023-05-17 19:42:08 - [TEST_STEP][PASSED] - println(x3): null

2023-05-17 19:42:08 - [TEST_STEP][PASSED] - if (Site.equals(x3)): null

2023-05-17 19:42:08 - [TEST_STEP][PASSED] - x2 = li.get(i): null

2023-05-17 19:42:08 - [TEST_STEP][PASSED] - x3 = x2.getText(): null

2023-05-17 19:42:08 - [TEST_STEP][PASSED] - println(x3): null

2023-05-17 19:42:08 - [TEST_STEP][PASSED] - if (Site.equals(x3)): null

2023-05-17 19:42:08 - [TEST_STEP][PASSED] - x2 = li.get(i): null

2023-05-17 19:42:08 - [TEST_STEP][PASSED] - x3 = x2.getText(): null

2023-05-17 19:42:08 - [TEST_STEP][PASSED] - println(x3): null

2023-05-17 19:42:08 - [TEST_STEP][PASSED] - if (Site.equals(x3)): null

2023-05-17 19:42:08 - [TEST_STEP][PASSED] - x2 = li.get(i): null

2023-05-17 19:42:08 - [TEST_STEP][PASSED] - x3 = x2.getText(): null

2023-05-17 19:42:08 - [TEST_STEP][PASSED] - println(x3): null

2023-05-17 19:42:08 - [TEST_STEP][PASSED] - if (Site.equals(x3)): null

2023-05-17 19:42:08 - [TEST_STEP][PASSED] - x2 = li.get(i): null

2023-05-17 19:42:08 - [TEST_STEP][PASSED] - x3 = x2.getText(): null

2023-05-17 19:42:08 - [TEST_STEP][PASSED] - println(x3): null

2023-05-17 19:42:08 - [TEST_STEP][PASSED] - if (Site.equals(x3)): null

2023-05-17 19:42:08 - [TEST_STEP][PASSED] - x2 = li.get(i): null

2023-05-17 19:42:08 - [TEST_STEP][PASSED] - x3 = x2.getText(): null

2023-05-17 19:42:08 - [TEST_STEP][PASSED] - println(x3): null

2023-05-17 19:42:08 - [TEST_STEP][PASSED] - if (Site.equals(x3)): null

2023-05-17 19:42:08 - [TEST_STEP][PASSED] - x2 = li.get(i): null

2023-05-17 19:42:08 - [TEST_STEP][PASSED] - x3 = x2.getText(): null

2023-05-17 19:42:08 - [TEST_STEP][PASSED] - println(x3): null

2023-05-17 19:42:08 - [TEST_STEP][PASSED] - if (Site.equals(x3)): null

2023-05-17 19:42:08 - [TEST_STEP][PASSED] - x2 = li.get(i): null

2023-05-17 19:42:08 - [TEST_STEP][PASSED] - x3 = x2.getText(): null

2023-05-17 19:42:08 - [TEST_STEP][PASSED] - println(x3): null

2023-05-17 19:42:08 - [TEST_STEP][PASSED] - if (Site.equals(x3)): null

2023-05-17 19:42:08 - [TEST_STEP][PASSED] - x2 = li.get(i): null

2023-05-17 19:42:08 - [TEST_STEP][PASSED] - x3 = x2.getText(): null

2023-05-17 19:42:08 - [TEST_STEP][PASSED] - println(x3): null

2023-05-17 19:42:08 - [TEST_STEP][PASSED] - if (Site.equals(x3)): null

2023-05-17 19:42:08 - [TEST_STEP][PASSED] - x2 = li.get(i): null

2023-05-17 19:42:08 - [TEST_STEP][PASSED] - x3 = x2.getText(): null

2023-05-17 19:42:08 - [TEST_STEP][PASSED] - println(x3): null

2023-05-17 19:42:08 - [TEST_STEP][PASSED] - if (Site.equals(x3)): null

2023-05-17 19:42:08 - [TEST_STEP][PASSED] - x2 = li.get(i): null

2023-05-17 19:42:08 - [TEST_STEP][PASSED] - x3 = x2.getText(): null

2023-05-17 19:42:08 - [TEST_STEP][PASSED] - println(x3): null

2023-05-17 19:42:08 - [TEST_STEP][PASSED] - if (Site.equals(x3)): null

2023-05-17 19:42:08 - [TEST_STEP][PASSED] - x2 = li.get(i): null

2023-05-17 19:42:08 - [TEST_STEP][PASSED] - x3 = x2.getText(): null

2023-05-17 19:42:08 - [TEST_STEP][PASSED] - println(x3): null

2023-05-17 19:42:08 - [TEST_STEP][PASSED] - if (Site.equals(x3)): null

2023-05-17 19:42:08 - [TEST_STEP][PASSED] - x2 = li.get(i): null

2023-05-17 19:42:08 - [TEST_STEP][PASSED] - x3 = x2.getText(): null

2023-05-17 19:42:08 - [TEST_STEP][PASSED] - println(x3): null

2023-05-17 19:42:08 - [TEST_STEP][PASSED] - if (Site.equals(x3)): null

2023-05-17 19:42:08 - [TEST_STEP][PASSED] - x2 = li.get(i): null

2023-05-17 19:42:08 - [TEST_STEP][PASSED] - x3 = x2.getText(): null

2023-05-17 19:42:08 - [TEST_STEP][PASSED] - println(x3): null

2023-05-17 19:42:08 - [TEST_STEP][PASSED] - if (Site.equals(x3)): null

2023-05-17 19:42:08 - [TEST_STEP][PASSED] - x2 = li.get(i): null

2023-05-17 19:42:08 - [TEST_STEP][PASSED] - x3 = x2.getText(): null

2023-05-17 19:42:08 - [TEST_STEP][PASSED] - println(x3): null

2023-05-17 19:42:08 - [TEST_STEP][PASSED] - if (Site.equals(x3)): null

2023-05-17 19:42:08 - [TEST_STEP][PASSED] - x2 = li.get(i): null

2023-05-17 19:42:08 - [TEST_STEP][PASSED] - x3 = x2.getText(): null

2023-05-17 19:42:08 - [TEST_STEP][PASSED] - println(x3): null

2023-05-17 19:42:08 - [TEST_STEP][PASSED] - if (Site.equals(x3)): null

2023-05-17 19:42:08 - [TEST_STEP][PASSED] - x2 = li.get(i): null

2023-05-17 19:42:08 - [TEST_STEP][PASSED] - x3 = x2.getText(): null

2023-05-17 19:42:08 - [TEST_STEP][PASSED] - println(x3): null

2023-05-17 19:42:08 - [TEST_STEP][PASSED] - if (Site.equals(x3)): null

2023-05-17 19:42:08 - [TEST_STEP][PASSED] - x2 = li.get(i): null

2023-05-17 19:42:08 - [TEST_STEP][PASSED] - x3 = x2.getText(): null

2023-05-17 19:42:08 - [TEST_STEP][PASSED] - println(x3): null

2023-05-17 19:42:08 - [TEST_STEP][PASSED] - if (Site.equals(x3)): null

2023-05-17 19:42:08 - [TEST_STEP][PASSED] - x2 = li.get(i): null

2023-05-17 19:42:08 - [TEST_STEP][PASSED] - x3 = x2.getText(): null

2023-05-17 19:42:08 - [TEST_STEP][PASSED] - println(x3): null

2023-05-17 19:42:08 - [TEST_STEP][PASSED] - if (Site.equals(x3)): null

2023-05-17 19:42:08 - [TEST_STEP][PASSED] - x2 = li.get(i): null

2023-05-17 19:42:08 - [TEST_STEP][PASSED] - x3 = x2.getText(): null

2023-05-17 19:42:08 - [TEST_STEP][PASSED] - println(x3): null

2023-05-17 19:42:08 - [TEST_STEP][PASSED] - if (Site.equals(x3)): null

2023-05-17 19:42:08 - [TEST_STEP][PASSED] - x2 = li.get(i): null

2023-05-17 19:42:08 - [TEST_STEP][PASSED] - x3 = x2.getText(): null

2023-05-17 19:42:08 - [TEST_STEP][PASSED] - println(x3): null

2023-05-17 19:42:08 - [TEST_STEP][PASSED] - if (Site.equals(x3)): null

2023-05-17 19:42:08 - [TEST_STEP][PASSED] - x2 = li.get(i): null

2023-05-17 19:42:08 - [TEST_STEP][PASSED] - x3 = x2.getText(): null

2023-05-17 19:42:08 - [TEST_STEP][PASSED] - println(x3): null

2023-05-17 19:42:08 - [TEST_STEP][PASSED] - if (Site.equals(x3)): null

2023-05-17 19:42:08 - [TEST_STEP][PASSED] - x2 = li.get(i): null

2023-05-17 19:42:08 - [TEST_STEP][PASSED] - x3 = x2.getText(): null

2023-05-17 19:42:08 - [TEST_STEP][PASSED] - println(x3): null

2023-05-17 19:42:08 - [TEST_STEP][PASSED] - if (Site.equals(x3)): null

2023-05-17 19:42:08 - [TEST_STEP][PASSED] - x2 = li.get(i): null

2023-05-17 19:42:08 - [TEST_STEP][PASSED] - x3 = x2.getText(): null

2023-05-17 19:42:08 - [TEST_STEP][PASSED] - println(x3): null

2023-05-17 19:42:08 - [TEST_STEP][PASSED] - if (Site.equals(x3)): null

2023-05-17 19:42:08 - [TEST_STEP][PASSED] - x2 = li.get(i): null

2023-05-17 19:42:08 - [TEST_STEP][PASSED] - x3 = x2.getText(): null

2023-05-17 19:42:08 - [TEST_STEP][PASSED] - println(x3): null

2023-05-17 19:42:08 - [TEST_STEP][PASSED] - if (Site.equals(x3)): null

2023-05-17 19:42:08 - [TEST_STEP][PASSED] - x2 = li.get(i): null

2023-05-17 19:42:08 - [TEST_STEP][PASSED] - x3 = x2.getText(): null

2023-05-17 19:42:08 - [TEST_STEP][PASSED] - println(x3): null

2023-05-17 19:42:08 - [TEST_STEP][PASSED] - if (Site.equals(x3)): null

2023-05-17 19:42:08 - [TEST_STEP][PASSED] - x2 = li.get(i): null

2023-05-17 19:42:08 - [TEST_STEP][PASSED] - x3 = x2.getText(): null

2023-05-17 19:42:08 - [TEST_STEP][PASSED] - println(x3): null

2023-05-17 19:42:08 - [TEST_STEP][PASSED] - if (Site.equals(x3)): null

2023-05-17 19:42:08 - [TEST_STEP][PASSED] - x2 = li.get(i): null

2023-05-17 19:42:08 - [TEST_STEP][PASSED] - x3 = x2.getText(): null

2023-05-17 19:42:08 - [TEST_STEP][PASSED] - println(x3): null

2023-05-17 19:42:08 - [TEST_STEP][PASSED] - if (Site.equals(x3)): null

2023-05-17 19:42:08 - [TEST_STEP][PASSED] - x2 = li.get(i): null

2023-05-17 19:42:08 - [TEST_STEP][PASSED] - x3 = x2.getText(): null

2023-05-17 19:42:08 - [TEST_STEP][PASSED] - println(x3): null

2023-05-17 19:42:08 - [TEST_STEP][PASSED] - if (Site.equals(x3)): null

2023-05-17 19:42:08 - [TEST_STEP][PASSED] - x2 = li.get(i): null

2023-05-17 19:42:08 - [TEST_STEP][PASSED] - x3 = x2.getText(): null

2023-05-17 19:42:08 - [TEST_STEP][PASSED] - println(x3): null

2023-05-17 19:42:08 - [TEST_STEP][PASSED] - if (Site.equals(x3)): null

2023-05-17 19:42:08 - [TEST_STEP][PASSED] - x2 = li.get(i): null

2023-05-17 19:42:08 - [TEST_STEP][PASSED] - x3 = x2.getText(): null

2023-05-17 19:42:08 - [TEST_STEP][PASSED] - println(x3): null

2023-05-17 19:42:08 - [TEST_STEP][PASSED] - if (Site.equals(x3)): null

2023-05-17 19:42:08 - [TEST_STEP][PASSED] - x2 = li.get(i): null

2023-05-17 19:42:08 - [TEST_STEP][PASSED] - x3 = x2.getText(): null

2023-05-17 19:42:08 - [TEST_STEP][PASSED] - println(x3): null

2023-05-17 19:42:08 - [TEST_STEP][PASSED] - if (Site.equals(x3)): null

2023-05-17 19:42:08 - [TEST_STEP][PASSED] - x2 = li.get(i): null

2023-05-17 19:42:08 - [TEST_STEP][PASSED] - x3 = x2.getText(): null

2023-05-17 19:42:08 - [TEST_STEP][PASSED] - println(x3): null

2023-05-17 19:42:08 - [TEST_STEP][PASSED] - if (Site.equals(x3)): null

2023-05-17 19:42:08 - [TEST_STEP][PASSED] - x2 = li.get(i): null

2023-05-17 19:42:08 - [TEST_STEP][PASSED] - x3 = x2.getText(): null

2023-05-17 19:42:08 - [TEST_STEP][PASSED] - println(x3): null

2023-05-17 19:42:08 - [TEST_STEP][PASSED] - if (Site.equals(x3)): null

2023-05-17 19:42:08 - [TEST_STEP][PASSED] - x2 = li.get(i): null

2023-05-17 19:42:08 - [TEST_STEP][PASSED] - x3 = x2.getText(): null

2023-05-17 19:42:08 - [TEST_STEP][PASSED] - println(x3): null

2023-05-17 19:42:08 - [TEST_STEP][PASSED] - if (Site.equals(x3)): null

2023-05-17 19:42:08 - [TEST_STEP][PASSED] - x2 = li.get(i): null

2023-05-17 19:42:08 - [TEST_STEP][PASSED] - x3 = x2.getText(): null

2023-05-17 19:42:08 - [TEST_STEP][PASSED] - println(x3): null

2023-05-17 19:42:08 - [TEST_STEP][PASSED] - if (Site.equals(x3)): null

2023-05-17 19:42:08 - [TEST_STEP][PASSED] - x2 = li.get(i): null

2023-05-17 19:42:08 - [TEST_STEP][PASSED] - x3 = x2.getText(): null

2023-05-17 19:42:08 - [TEST_STEP][PASSED] - println(x3): null

2023-05-17 19:42:08 - [TEST_STEP][PASSED] - if (Site.equals(x3)): null

2023-05-17 19:42:08 - [TEST_STEP][PASSED] - x2 = li.get(i): null

2023-05-17 19:42:08 - [TEST_STEP][PASSED] - x3 = x2.getText(): null

2023-05-17 19:42:08 - [TEST_STEP][PASSED] - println(x3): null

2023-05-17 19:42:08 - [TEST_STEP][PASSED] - if (Site.equals(x3)): null

2023-05-17 19:42:08 - [TEST_STEP][PASSED] - x2 = li.get(i): null

2023-05-17 19:42:08 - [TEST_STEP][PASSED] - x3 = x2.getText(): null

2023-05-17 19:42:08 - [TEST_STEP][PASSED] - println(x3): null

2023-05-17 19:42:08 - [TEST_STEP][PASSED] - if (Site.equals(x3)): null

2023-05-17 19:42:08 - [TEST_STEP][PASSED] - x2 = li.get(i): null

2023-05-17 19:42:08 - [TEST_STEP][PASSED] - x3 = x2.getText(): null

2023-05-17 19:42:08 - [TEST_STEP][PASSED] - println(x3): null

2023-05-17 19:42:08 - [TEST_STEP][PASSED] - if (Site.equals(x3)): null

2023-05-17 19:42:08 - [TEST_STEP][PASSED] - x2 = li.get(i): null

2023-05-17 19:42:08 - [TEST_STEP][PASSED] - x3 = x2.getText(): null

2023-05-17 19:42:08 - [TEST_STEP][PASSED] - println(x3): null

2023-05-17 19:42:08 - [TEST_STEP][PASSED] - if (Site.equals(x3)): null

2023-05-17 19:42:08 - [TEST_STEP][PASSED] - x2 = li.get(i): null

2023-05-17 19:42:08 - [TEST_STEP][PASSED] - x3 = x2.getText(): null

2023-05-17 19:42:08 - [TEST_STEP][PASSED] - println(x3): null

2023-05-17 19:42:08 - [TEST_STEP][PASSED] - if (Site.equals(x3)): null

2023-05-17 19:42:08 - [TEST_STEP][PASSED] - x2 = li.get(i): null

2023-05-17 19:42:08 - [TEST_STEP][PASSED] - x3 = x2.getText(): null

2023-05-17 19:42:08 - [TEST_STEP][PASSED] - println(x3): null

2023-05-17 19:42:08 - [TEST_STEP][PASSED] - if (Site.equals(x3)): null

2023-05-17 19:42:08 - [TEST_STEP][PASSED] - x2 = li.get(i): null

2023-05-17 19:42:08 - [TEST_STEP][PASSED] - x3 = x2.getText(): null

2023-05-17 19:42:08 - [TEST_STEP][PASSED] - println(x3): null

2023-05-17 19:42:08 - [TEST_STEP][PASSED] - if (Site.equals(x3)): null

2023-05-17 19:42:08 - [TEST_STEP][PASSED] - x2 = li.get(i): null

2023-05-17 19:42:08 - [TEST_STEP][PASSED] - x3 = x2.getText(): null

2023-05-17 19:42:08 - [TEST_STEP][PASSED] - println(x3): null

2023-05-17 19:42:08 - [TEST_STEP][PASSED] - if (Site.equals(x3)): null

2023-05-17 19:42:08 - [TEST_STEP][PASSED] - x2 = li.get(i): null

2023-05-17 19:42:08 - [TEST_STEP][PASSED] - x3 = x2.getText(): null

2023-05-17 19:42:08 - [TEST_STEP][PASSED] - println(x3): null

2023-05-17 19:42:08 - [TEST_STEP][PASSED] - if (Site.equals(x3)): null

2023-05-17 19:42:08 - [TEST_STEP][PASSED] - x2 = li.get(i): null

2023-05-17 19:42:08 - [TEST_STEP][PASSED] - x3 = x2.getText(): null

2023-05-17 19:42:09 - [TEST_STEP][PASSED] - println(x3): null

2023-05-17 19:42:09 - [TEST_STEP][PASSED] - if (Site.equals(x3)): null

2023-05-17 19:42:09 - [TEST_STEP][PASSED] - x2 = li.get(i): null

2023-05-17 19:42:09 - [TEST_STEP][PASSED] - x3 = x2.getText(): null

2023-05-17 19:42:09 - [TEST_STEP][PASSED] - println(x3): null

2023-05-17 19:42:09 - [TEST_STEP][PASSED] - if (Site.equals(x3)): null

2023-05-17 19:42:09 - [TEST_STEP][PASSED] - x2 = li.get(i): null

2023-05-17 19:42:09 - [TEST_STEP][PASSED] - x3 = x2.getText(): null

2023-05-17 19:42:09 - [TEST_STEP][PASSED] - println(x3): null

2023-05-17 19:42:09 - [TEST_STEP][PASSED] - if (Site.equals(x3)): null

2023-05-17 19:42:09 - [TEST_STEP][PASSED] - x2 = li.get(i): null

2023-05-17 19:42:09 - [TEST_STEP][PASSED] - x3 = x2.getText(): null

2023-05-17 19:42:09 - [TEST_STEP][PASSED] - println(x3): null

2023-05-17 19:42:09 - [TEST_STEP][PASSED] - if (Site.equals(x3)): null

2023-05-17 19:42:09 - [TEST_STEP][PASSED] - x2 = li.get(i): null

2023-05-17 19:42:09 - [TEST_STEP][PASSED] - x3 = x2.getText(): null

2023-05-17 19:42:09 - [TEST_STEP][PASSED] - println(x3): null

2023-05-17 19:42:09 - [TEST_STEP][PASSED] - if (Site.equals(x3)): null

2023-05-17 19:42:09 - [TEST_STEP][PASSED] - x2 = li.get(i): null

2023-05-17 19:42:09 - [TEST_STEP][PASSED] - x3 = x2.getText(): null

2023-05-17 19:42:09 - [TEST_STEP][PASSED] - println(x3): null

2023-05-17 19:42:09 - [TEST_STEP][PASSED] - if (Site.equals(x3)): null

2023-05-17 19:42:09 - [TEST_STEP][PASSED] - x2 = li.get(i): null

2023-05-17 19:42:09 - [TEST_STEP][PASSED] - x3 = x2.getText(): null

2023-05-17 19:42:09 - [TEST_STEP][PASSED] - println(x3): null

2023-05-17 19:42:09 - [TEST_STEP][PASSED] - if (Site.equals(x3)): null

2023-05-17 19:42:09 - [TEST_STEP][PASSED] - x2 = li.get(i): null

2023-05-17 19:42:09 - [TEST_STEP][PASSED] - x3 = x2.getText(): null

2023-05-17 19:42:09 - [TEST_STEP][PASSED] - println(x3): null

2023-05-17 19:42:09 - [TEST_STEP][PASSED] - if (Site.equals(x3)): null

2023-05-17 19:42:09 - [TEST_STEP][PASSED] - x2 = li.get(i): null

2023-05-17 19:42:09 - [TEST_STEP][PASSED] - x3 = x2.getText(): null

2023-05-17 19:42:09 - [TEST_STEP][PASSED] - println(x3): null

2023-05-17 19:42:09 - [TEST_STEP][PASSED] - if (Site.equals(x3)): null

2023-05-17 19:42:09 - [TEST_STEP][PASSED] - x2 = li.get(i): null

2023-05-17 19:42:09 - [TEST_STEP][PASSED] - x3 = x2.getText(): null

2023-05-17 19:42:09 - [TEST_STEP][PASSED] - println(x3): null

2023-05-17 19:42:09 - [TEST_STEP][PASSED] - if (Site.equals(x3)): null

2023-05-17 19:42:09 - [TEST_STEP][PASSED] - x2 = li.get(i): null

2023-05-17 19:42:09 - [TEST_STEP][PASSED] - x3 = x2.getText(): null

2023-05-17 19:42:09 - [TEST_STEP][PASSED] - println(x3): null

2023-05-17 19:42:09 - [TEST_STEP][PASSED] - if (Site.equals(x3)): null

2023-05-17 19:42:09 - [TEST_STEP][PASSED] - x2 = li.get(i): null

2023-05-17 19:42:09 - [TEST_STEP][PASSED] - x3 = x2.getText(): null

2023-05-17 19:42:09 - [TEST_STEP][PASSED] - println(x3): null

2023-05-17 19:42:09 - [TEST_STEP][PASSED] - if (Site.equals(x3)): null

2023-05-17 19:42:09 - [TEST_STEP][PASSED] - x2 = li.get(i): null

2023-05-17 19:42:09 - [TEST_STEP][PASSED] - x3 = x2.getText(): null

2023-05-17 19:42:09 - [TEST_STEP][PASSED] - println(x3): null

2023-05-17 19:42:09 - [TEST_STEP][PASSED] - if (Site.equals(x3)): null

2023-05-17 19:42:09 - [TEST_STEP][PASSED] - x2 = li.get(i): null

2023-05-17 19:42:09 - [TEST_STEP][PASSED] - x3 = x2.getText(): null

2023-05-17 19:42:09 - [TEST_STEP][PASSED] - println(x3): null

2023-05-17 19:42:09 - [TEST_STEP][PASSED] - if (Site.equals(x3)): null

2023-05-17 19:42:09 - [TEST_STEP][PASSED] - x2 = li.get(i): null

2023-05-17 19:42:09 - [TEST_STEP][PASSED] - x3 = x2.getText(): null

2023-05-17 19:42:09 - [TEST_STEP][PASSED] - println(x3): null

2023-05-17 19:42:09 - [TEST_STEP][PASSED] - if (Site.equals(x3)): null

2023-05-17 19:42:09 - [TEST_STEP][PASSED] - x2 = li.get(i): null

2023-05-17 19:42:09 - [TEST_STEP][PASSED] - x3 = x2.getText(): null

2023-05-17 19:42:09 - [TEST_STEP][PASSED] - println(x3): null

2023-05-17 19:42:09 - [TEST_STEP][PASSED] - if (Site.equals(x3)): null

2023-05-17 19:42:09 - [TEST_STEP][PASSED] - x2 = li.get(i): null

2023-05-17 19:42:09 - [TEST_STEP][PASSED] - x3 = x2.getText(): null

2023-05-17 19:42:09 - [TEST_STEP][PASSED] - println(x3): null

2023-05-17 19:42:09 - [TEST_STEP][PASSED] - if (Site.equals(x3)): null

2023-05-17 19:42:09 - [TEST_STEP][PASSED] - x2 = li.get(i): null

2023-05-17 19:42:09 - [TEST_STEP][PASSED] - x3 = x2.getText(): null

2023-05-17 19:42:09 - [TEST_STEP][PASSED] - println(x3): null

2023-05-17 19:42:09 - [TEST_STEP][PASSED] - if (Site.equals(x3)): null

2023-05-17 19:42:09 - [TEST_STEP][PASSED] - x2 = li.get(i): null

2023-05-17 19:42:09 - [TEST_STEP][PASSED] - x3 = x2.getText(): null

2023-05-17 19:42:09 - [TEST_STEP][PASSED] - println(x3): null

2023-05-17 19:42:09 - [TEST_STEP][PASSED] - if (Site.equals(x3)): null

2023-05-17 19:42:09 - [TEST_STEP][PASSED] - x2 = li.get(i): null

2023-05-17 19:42:09 - [TEST_STEP][PASSED] - x3 = x2.getText(): null

2023-05-17 19:42:09 - [TEST_STEP][PASSED] - println(x3): null

2023-05-17 19:42:09 - [TEST_STEP][PASSED] - if (Site.equals(x3)): null

2023-05-17 19:42:09 - [TEST_STEP][PASSED] - x2 = li.get(i): null

2023-05-17 19:42:09 - [TEST_STEP][PASSED] - x3 = x2.getText(): null

2023-05-17 19:42:09 - [TEST_STEP][PASSED] - println(x3): null

2023-05-17 19:42:09 - [TEST_STEP][PASSED] - if (Site.equals(x3)): null

2023-05-17 19:42:09 - [TEST_STEP][PASSED] - x2 = li.get(i): null

2023-05-17 19:42:09 - [TEST_STEP][PASSED] - x3 = x2.getText(): null

2023-05-17 19:42:09 - [TEST_STEP][PASSED] - println(x3): null

2023-05-17 19:42:09 - [TEST_STEP][PASSED] - if (Site.equals(x3)): null

2023-05-17 19:42:09 - [TEST_STEP][PASSED] - x2 = li.get(i): null

2023-05-17 19:42:09 - [TEST_STEP][PASSED] - x3 = x2.getText(): null

2023-05-17 19:42:09 - [TEST_STEP][PASSED] - println(x3): null

2023-05-17 19:42:09 - [TEST_STEP][PASSED] - if (Site.equals(x3)): null

2023-05-17 19:42:09 - [TEST_STEP][PASSED] - x2 = li.get(i): null

2023-05-17 19:42:09 - [TEST_STEP][PASSED] - x3 = x2.getText(): null

2023-05-17 19:42:09 - [TEST_STEP][PASSED] - println(x3): null

2023-05-17 19:42:09 - [TEST_STEP][PASSED] - if (Site.equals(x3)): null

2023-05-17 19:42:09 - [TEST_STEP][PASSED] - x2 = li.get(i): null

2023-05-17 19:42:09 - [TEST_STEP][PASSED] - x3 = x2.getText(): null

2023-05-17 19:42:09 - [TEST_STEP][PASSED] - println(x3): null

2023-05-17 19:42:09 - [TEST_STEP][PASSED] - if (Site.equals(x3)): null

2023-05-17 19:42:09 - [TEST_STEP][PASSED] - x2 = li.get(i): null

2023-05-17 19:42:09 - [TEST_STEP][PASSED] - x3 = x2.getText(): null

2023-05-17 19:42:09 - [TEST_STEP][PASSED] - println(x3): null

2023-05-17 19:42:09 - [TEST_STEP][PASSED] - if (Site.equals(x3)): null

2023-05-17 19:42:09 - [TEST_STEP][PASSED] - x2 = li.get(i): null

2023-05-17 19:42:09 - [TEST_STEP][PASSED] - x3 = x2.getText(): null

2023-05-17 19:42:09 - [TEST_STEP][PASSED] - println(x3): null

2023-05-17 19:42:09 - [TEST_STEP][PASSED] - if (Site.equals(x3)): null

2023-05-17 19:42:09 - [TEST_STEP][PASSED] - x2 = li.get(i): null

2023-05-17 19:42:09 - [TEST_STEP][PASSED] - x3 = x2.getText(): null

2023-05-17 19:42:09 - [TEST_STEP][PASSED] - println(x3): null

2023-05-17 19:42:09 - [TEST_STEP][PASSED] - if (Site.equals(x3)): null

2023-05-17 19:42:09 - [TEST_STEP][PASSED] - x2 = li.get(i): null

2023-05-17 19:42:09 - [TEST_STEP][PASSED] - x3 = x2.getText(): null

2023-05-17 19:42:09 - [TEST_STEP][PASSED] - println(x3): null

2023-05-17 19:42:09 - [TEST_STEP][PASSED] - if (Site.equals(x3)): null

2023-05-17 19:42:09 - [TEST_STEP][PASSED] - x2 = li.get(i): null

2023-05-17 19:42:09 - [TEST_STEP][PASSED] - x3 = x2.getText(): null

2023-05-17 19:42:09 - [TEST_STEP][PASSED] - println(x3): null

2023-05-17 19:42:09 - [TEST_STEP][PASSED] - if (Site.equals(x3)): null

2023-05-17 19:42:09 - [TEST_STEP][PASSED] - x2 = li.get(i): null

2023-05-17 19:42:09 - [TEST_STEP][PASSED] - x3 = x2.getText(): null

2023-05-17 19:42:09 - [TEST_STEP][PASSED] - println(x3): null

2023-05-17 19:42:09 - [TEST_STEP][PASSED] - if (Site.equals(x3)): null

2023-05-17 19:42:09 - [TEST_STEP][PASSED] - x2 = li.get(i): null

2023-05-17 19:42:09 - [TEST_STEP][PASSED] - x3 = x2.getText(): null

2023-05-17 19:42:09 - [TEST_STEP][PASSED] - println(x3): null

2023-05-17 19:42:09 - [TEST_STEP][PASSED] - if (Site.equals(x3)): null

2023-05-17 19:42:09 - [TEST_STEP][PASSED] - x2 = li.get(i): null

2023-05-17 19:42:09 - [TEST_STEP][PASSED] - x3 = x2.getText(): null

2023-05-17 19:42:09 - [TEST_STEP][PASSED] - println(x3): null

2023-05-17 19:42:09 - [TEST_STEP][PASSED] - if (Site.equals(x3)): null

2023-05-17 19:42:09 - [TEST_STEP][PASSED] - x2 = li.get(i): null

2023-05-17 19:42:09 - [TEST_STEP][PASSED] - x3 = x2.getText(): null

2023-05-17 19:42:09 - [TEST_STEP][PASSED] - println(x3): null

2023-05-17 19:42:09 - [TEST_STEP][PASSED] - if (Site.equals(x3)): null

2023-05-17 19:42:09 - [TEST_STEP][PASSED] - x2 = li.get(i): null

2023-05-17 19:42:09 - [TEST_STEP][PASSED] - x3 = x2.getText(): null

2023-05-17 19:42:09 - [TEST_STEP][PASSED] - println(x3): null

2023-05-17 19:42:09 - [TEST_STEP][PASSED] - if (Site.equals(x3)): null

2023-05-17 19:42:09 - [TEST_STEP][PASSED] - x2 = li.get(i): null

2023-05-17 19:42:09 - [TEST_STEP][PASSED] - x3 = x2.getText(): null

2023-05-17 19:42:09 - [TEST_STEP][PASSED] - println(x3): null

2023-05-17 19:42:09 - [TEST_STEP][PASSED] - if (Site.equals(x3)): null

2023-05-17 19:42:09 - [TEST_STEP][PASSED] - x2 = li.get(i): null

2023-05-17 19:42:09 - [TEST_STEP][PASSED] - x3 = x2.getText(): null

2023-05-17 19:42:09 - [TEST_STEP][PASSED] - println(x3): null

2023-05-17 19:42:09 - [TEST_STEP][PASSED] - if (Site.equals(x3)): null

2023-05-17 19:42:09 - [TEST_STEP][PASSED] - x2 = li.get(i): null

2023-05-17 19:42:09 - [TEST_STEP][PASSED] - x3 = x2.getText(): null

2023-05-17 19:42:09 - [TEST_STEP][PASSED] - println(x3): null

2023-05-17 19:42:09 - [TEST_STEP][PASSED] - if (Site.equals(x3)): null

2023-05-17 19:42:09 - [TEST_STEP][PASSED] - x2 = li.get(i): null

2023-05-17 19:42:09 - [TEST_STEP][PASSED] - x3 = x2.getText(): null

2023-05-17 19:42:09 - [TEST_STEP][PASSED] - println(x3): null

2023-05-17 19:42:09 - [TEST_STEP][PASSED] - if (Site.equals(x3)): null

2023-05-17 19:42:09 - [TEST_STEP][PASSED] - x2 = li.get(i): null

2023-05-17 19:42:09 - [TEST_STEP][PASSED] - x3 = x2.getText(): null

2023-05-17 19:42:09 - [TEST_STEP][PASSED] - println(x3): null

2023-05-17 19:42:09 - [TEST_STEP][PASSED] - if (Site.equals(x3)): null

2023-05-17 19:42:09 - [TEST_STEP][PASSED] - x2 = li.get(i): null

2023-05-17 19:42:09 - [TEST_STEP][PASSED] - x3 = x2.getText(): null

2023-05-17 19:42:09 - [TEST_STEP][PASSED] - println(x3): null

2023-05-17 19:42:09 - [TEST_STEP][PASSED] - if (Site.equals(x3)): null

2023-05-17 19:42:09 - [TEST_STEP][PASSED] - x2 = li.get(i): null

2023-05-17 19:42:09 - [TEST_STEP][PASSED] - x3 = x2.getText(): null

2023-05-17 19:42:09 - [TEST_STEP][PASSED] - println(x3): null

2023-05-17 19:42:09 - [TEST_STEP][PASSED] - if (Site.equals(x3)): null

2023-05-17 19:42:09 - [TEST_STEP][PASSED] - x2 = li.get(i): null

2023-05-17 19:42:09 - [TEST_STEP][PASSED] - x3 = x2.getText(): null

2023-05-17 19:42:09 - [TEST_STEP][PASSED] - println(x3): null

2023-05-17 19:42:09 - [TEST_STEP][PASSED] - if (Site.equals(x3)): null

2023-05-17 19:42:09 - [TEST_STEP][PASSED] - x2 = li.get(i): null

2023-05-17 19:42:09 - [TEST_STEP][PASSED] - x3 = x2.getText(): null

2023-05-17 19:42:09 - [TEST_STEP][PASSED] - println(x3): null

2023-05-17 19:42:09 - [TEST_STEP][PASSED] - if (Site.equals(x3)): null

2023-05-17 19:42:09 - [TEST_STEP][PASSED] - x2 = li.get(i): null

2023-05-17 19:42:09 - [TEST_STEP][PASSED] - x3 = x2.getText(): null

2023-05-17 19:42:09 - [TEST_STEP][PASSED] - println(x3): null

2023-05-17 19:42:09 - [TEST_STEP][PASSED] - if (Site.equals(x3)): null

2023-05-17 19:42:09 - [TEST_STEP][PASSED] - x2 = li.get(i): null

2023-05-17 19:42:09 - [TEST_STEP][PASSED] - x3 = x2.getText(): null

2023-05-17 19:42:09 - [TEST_STEP][PASSED] - println(x3): null

2023-05-17 19:42:09 - [TEST_STEP][PASSED] - if (Site.equals(x3)): null

2023-05-17 19:42:09 - [TEST_STEP][PASSED] - x2 = li.get(i): null

2023-05-17 19:42:09 - [TEST_STEP][PASSED] - x3 = x2.getText(): null

2023-05-17 19:42:10 - [TEST_STEP][PASSED] - println(x3): null

2023-05-17 19:42:10 - [TEST_STEP][PASSED] - if (Site.equals(x3)): null

2023-05-17 19:42:10 - [TEST_STEP][PASSED] - x2 = li.get(i): null

2023-05-17 19:42:10 - [TEST_STEP][PASSED] - x3 = x2.getText(): null

2023-05-17 19:42:10 - [TEST_STEP][PASSED] - println(x3): null

2023-05-17 19:42:10 - [TEST_STEP][PASSED] - if (Site.equals(x3)): null

2023-05-17 19:42:10 - [TEST_STEP][PASSED] - x2 = li.get(i): null

2023-05-17 19:42:10 - [TEST_STEP][PASSED] - x3 = x2.getText(): null

2023-05-17 19:42:10 - [TEST_STEP][PASSED] - println(x3): null

2023-05-17 19:42:10 - [TEST_STEP][PASSED] - if (Site.equals(x3)): null

2023-05-17 19:42:10 - [TEST_STEP][PASSED] - x2 = li.get(i): null

2023-05-17 19:42:10 - [TEST_STEP][PASSED] - x3 = x2.getText(): null

2023-05-17 19:42:10 - [TEST_STEP][PASSED] - println(x3): null

2023-05-17 19:42:10 - [TEST_STEP][PASSED] - if (Site.equals(x3)): null

2023-05-17 19:42:10 - [TEST_STEP][PASSED] - x2 = li.get(i): null

2023-05-17 19:42:10 - [TEST_STEP][PASSED] - x3 = x2.getText(): null

2023-05-17 19:42:10 - [TEST_STEP][PASSED] - println(x3): null

2023-05-17 19:42:10 - [TEST_STEP][PASSED] - if (Site.equals(x3)): null

2023-05-17 19:42:10 - [TEST_STEP][PASSED] - x2 = li.get(i): null

2023-05-17 19:42:10 - [TEST_STEP][PASSED] - x3 = x2.getText(): null

2023-05-17 19:42:10 - [TEST_STEP][PASSED] - println(x3): null

2023-05-17 19:42:10 - [TEST_STEP][PASSED] - if (Site.equals(x3)): null

2023-05-17 19:42:10 - [TEST_STEP][PASSED] - x2 = li.get(i): null

2023-05-17 19:42:10 - [TEST_STEP][PASSED] - x3 = x2.getText(): null

2023-05-17 19:42:10 - [TEST_STEP][PASSED] - println(x3): null

2023-05-17 19:42:10 - [TEST_STEP][PASSED] - if (Site.equals(x3)): null

2023-05-17 19:42:10 - [TEST_STEP][PASSED] - x2 = li.get(i): null

2023-05-17 19:42:10 - [TEST_STEP][PASSED] - x3 = x2.getText(): null

2023-05-17 19:42:10 - [TEST_STEP][PASSED] - println(x3): null

2023-05-17 19:42:10 - [TEST_STEP][PASSED] - if (Site.equals(x3)): null

2023-05-17 19:42:10 - [TEST_STEP][PASSED] - x2 = li.get(i): null

2023-05-17 19:42:10 - [TEST_STEP][PASSED] - x3 = x2.getText(): null

2023-05-17 19:42:10 - [TEST_STEP][PASSED] - println(x3): null

2023-05-17 19:42:10 - [TEST_STEP][PASSED] - if (Site.equals(x3)): null

2023-05-17 19:42:10 - [TEST_STEP][PASSED] - x2 = li.get(i): null

2023-05-17 19:42:10 - [TEST_STEP][PASSED] - x3 = x2.getText(): null

2023-05-17 19:42:10 - [TEST_STEP][PASSED] - println(x3): null

2023-05-17 19:42:10 - [TEST_STEP][PASSED] - if (Site.equals(x3)): null

2023-05-17 19:42:10 - [TEST_STEP][PASSED] - x2 = li.get(i): null

2023-05-17 19:42:10 - [TEST_STEP][PASSED] - x3 = x2.getText(): null

2023-05-17 19:42:10 - [TEST_STEP][PASSED] - println(x3): null

2023-05-17 19:42:10 - [TEST_STEP][PASSED] - if (Site.equals(x3)): null

2023-05-17 19:42:10 - [TEST_STEP][PASSED] - x2 = li.get(i): null

2023-05-17 19:42:10 - [TEST_STEP][PASSED] - x3 = x2.getText(): null

2023-05-17 19:42:10 - [TEST_STEP][PASSED] - println(x3): null

2023-05-17 19:42:10 - [TEST_STEP][PASSED] - if (Site.equals(x3)): null

2023-05-17 19:42:10 - [TEST_STEP][PASSED] - x2 = li.get(i): null

2023-05-17 19:42:10 - [TEST_STEP][PASSED] - x3 = x2.getText(): null

2023-05-17 19:42:10 - [TEST_STEP][PASSED] - println(x3): null

2023-05-17 19:42:10 - [TEST_STEP][PASSED] - if (Site.equals(x3)): null

2023-05-17 19:42:10 - [TEST_STEP][PASSED] - x2 = li.get(i): null

2023-05-17 19:42:10 - [TEST_STEP][PASSED] - x3 = x2.getText(): null

2023-05-17 19:42:10 - [TEST_STEP][PASSED] - println(x3): null

2023-05-17 19:42:10 - [TEST_STEP][PASSED] - if (Site.equals(x3)): null

2023-05-17 19:42:10 - [TEST_STEP][PASSED] - x2 = li.get(i): null

2023-05-17 19:42:10 - [TEST_STEP][PASSED] - x3 = x2.getText(): null

2023-05-17 19:42:10 - [TEST_STEP][PASSED] - println(x3): null

2023-05-17 19:42:10 - [TEST_STEP][PASSED] - if (Site.equals(x3)): null

2023-05-17 19:42:10 - [TEST_STEP][PASSED] - x2 = li.get(i): null

2023-05-17 19:42:10 - [TEST_STEP][PASSED] - x3 = x2.getText(): null

2023-05-17 19:42:10 - [TEST_STEP][PASSED] - println(x3): null

2023-05-17 19:42:10 - [TEST_STEP][PASSED] - if (Site.equals(x3)): null

2023-05-17 19:42:10 - [TEST_STEP][PASSED] - x2 = li.get(i): null

2023-05-17 19:42:10 - [TEST_STEP][PASSED] - x3 = x2.getText(): null

2023-05-17 19:42:10 - [TEST_STEP][PASSED] - println(x3): null

2023-05-17 19:42:10 - [TEST_STEP][PASSED] - if (Site.equals(x3)): null

2023-05-17 19:42:10 - [TEST_STEP][PASSED] - x2 = li.get(i): null

2023-05-17 19:42:10 - [TEST_STEP][PASSED] - x3 = x2.getText(): null

2023-05-17 19:42:10 - [TEST_STEP][PASSED] - println(x3): null

2023-05-17 19:42:10 - [TEST_STEP][PASSED] - if (Site.equals(x3)): null

2023-05-17 19:42:10 - [TEST_STEP][PASSED] - x2 = li.get(i): null

2023-05-17 19:42:10 - [TEST_STEP][PASSED] - x3 = x2.getText(): null

2023-05-17 19:42:10 - [TEST_STEP][PASSED] - println(x3): null

2023-05-17 19:42:10 - [TEST_STEP][PASSED] - if (Site.equals(x3)): null

2023-05-17 19:42:10 - [TEST_STEP][PASSED] - x2 = li.get(i): null

2023-05-17 19:42:10 - [TEST_STEP][PASSED] - x3 = x2.getText(): null

2023-05-17 19:42:10 - [TEST_STEP][PASSED] - println(x3): null

2023-05-17 19:42:10 - [TEST_STEP][PASSED] - if (Site.equals(x3)): null

2023-05-17 19:42:10 - [TEST_STEP][PASSED] - x2 = li.get(i): null

2023-05-17 19:42:10 - [TEST_STEP][PASSED] - x3 = x2.getText(): null

2023-05-17 19:42:10 - [TEST_STEP][PASSED] - println(x3): null

2023-05-17 19:42:10 - [TEST_STEP][PASSED] - if (Site.equals(x3)): null

2023-05-17 19:42:10 - [TEST_STEP][PASSED] - x2 = li.get(i): null

2023-05-17 19:42:10 - [TEST_STEP][PASSED] - x3 = x2.getText(): null

2023-05-17 19:42:10 - [TEST_STEP][PASSED] - println(x3): null

2023-05-17 19:42:10 - [TEST_STEP][PASSED] - if (Site.equals(x3)): null

2023-05-17 19:42:10 - [TEST_STEP][PASSED] - x2 = li.get(i): null

2023-05-17 19:42:10 - [TEST_STEP][PASSED] - x3 = x2.getText(): null

2023-05-17 19:42:10 - [TEST_STEP][PASSED] - println(x3): null

2023-05-17 19:42:10 - [TEST_STEP][PASSED] - if (Site.equals(x3)): null

2023-05-17 19:42:10 - [TEST_STEP][PASSED] - x2 = li.get(i): null

2023-05-17 19:42:10 - [TEST_STEP][PASSED] - x3 = x2.getText(): null

2023-05-17 19:42:10 - [TEST_STEP][PASSED] - println(x3): null

2023-05-17 19:42:10 - [TEST_STEP][PASSED] - if (Site.equals(x3)): null

2023-05-17 19:42:10 - [TEST_STEP][PASSED] - x2 = li.get(i): null

2023-05-17 19:42:10 - [TEST_STEP][PASSED] - x3 = x2.getText(): null

2023-05-17 19:42:10 - [TEST_STEP][PASSED] - println(x3): null

2023-05-17 19:42:10 - [TEST_STEP][PASSED] - if (Site.equals(x3)): null

2023-05-17 19:42:10 - [TEST_STEP][PASSED] - x2 = li.get(i): null

2023-05-17 19:42:10 - [TEST_STEP][PASSED] - x3 = x2.getText(): null

2023-05-17 19:42:10 - [TEST_STEP][PASSED] - println(x3): null

2023-05-17 19:42:10 - [TEST_STEP][PASSED] - if (Site.equals(x3)): null

2023-05-17 19:42:10 - [TEST_STEP][PASSED] - x2 = li.get(i): null

2023-05-17 19:42:10 - [TEST_STEP][PASSED] - x3 = x2.getText(): null

2023-05-17 19:42:10 - [TEST_STEP][PASSED] - println(x3): null

2023-05-17 19:42:10 - [TEST_STEP][PASSED] - if (Site.equals(x3)): null

2023-05-17 19:42:10 - [TEST_STEP][PASSED] - x2 = li.get(i): null

2023-05-17 19:42:10 - [TEST_STEP][PASSED] - x3 = x2.getText(): null

2023-05-17 19:42:10 - [TEST_STEP][PASSED] - println(x3): null

2023-05-17 19:42:10 - [TEST_STEP][PASSED] - if (Site.equals(x3)): null

2023-05-17 19:42:10 - [TEST_STEP][PASSED] - x2 = li.get(i): null

2023-05-17 19:42:10 - [TEST_STEP][PASSED] - x3 = x2.getText(): null

2023-05-17 19:42:10 - [TEST_STEP][PASSED] - println(x3): null

2023-05-17 19:42:10 - [TEST_STEP][PASSED] - if (Site.equals(x3)): null

2023-05-17 19:42:10 - [TEST_STEP][PASSED] - x2 = li.get(i): null

2023-05-17 19:42:10 - [TEST_STEP][PASSED] - x3 = x2.getText(): null

2023-05-17 19:42:10 - [TEST_STEP][PASSED] - println(x3): null

2023-05-17 19:42:10 - [TEST_STEP][PASSED] - if (Site.equals(x3)): null

2023-05-17 19:42:10 - [TEST_STEP][PASSED] - x2 = li.get(i): null

2023-05-17 19:42:10 - [TEST_STEP][PASSED] - x3 = x2.getText(): null

2023-05-17 19:42:10 - [TEST_STEP][PASSED] - println(x3): null

2023-05-17 19:42:10 - [TEST_STEP][PASSED] - if (Site.equals(x3)): null

2023-05-17 19:42:10 - [TEST_STEP][PASSED] - x2 = li.get(i): null

2023-05-17 19:42:10 - [TEST_STEP][PASSED] - x3 = x2.getText(): null

2023-05-17 19:42:10 - [TEST_STEP][PASSED] - println(x3): null

2023-05-17 19:42:10 - [TEST_STEP][PASSED] - if (Site.equals(x3)): null

2023-05-17 19:42:10 - [TEST_STEP][PASSED] - x2 = li.get(i): null

2023-05-17 19:42:10 - [TEST_STEP][PASSED] - x3 = x2.getText(): null

2023-05-17 19:42:10 - [TEST_STEP][PASSED] - println(x3): null

2023-05-17 19:42:10 - [TEST_STEP][PASSED] - if (Site.equals(x3)): null

2023-05-17 19:42:10 - [TEST_STEP][PASSED] - x2 = li.get(i): null

2023-05-17 19:42:10 - [TEST_STEP][PASSED] - x3 = x2.getText(): null

2023-05-17 19:42:10 - [TEST_STEP][PASSED] - println(x3): null

2023-05-17 19:42:10 - [TEST_STEP][PASSED] - if (Site.equals(x3)): null

2023-05-17 19:42:10 - [TEST_STEP][PASSED] - x2 = li.get(i): null

2023-05-17 19:42:10 - [TEST_STEP][PASSED] - x3 = x2.getText(): null

2023-05-17 19:42:10 - [TEST_STEP][PASSED] - println(x3): null

2023-05-17 19:42:10 - [TEST_STEP][PASSED] - if (Site.equals(x3)): null

2023-05-17 19:42:10 - [TEST_STEP][PASSED] - x2 = li.get(i): null

2023-05-17 19:42:10 - [TEST_STEP][PASSED] - x3 = x2.getText(): null

2023-05-17 19:42:10 - [TEST_STEP][PASSED] - println(x3): null

2023-05-17 19:42:10 - [TEST_STEP][PASSED] - if (Site.equals(x3)): null

2023-05-17 19:42:10 - [TEST_STEP][PASSED] - x2 = li.get(i): null

2023-05-17 19:42:10 - [TEST_STEP][PASSED] - x3 = x2.getText(): null

2023-05-17 19:42:10 - [TEST_STEP][PASSED] - println(x3): null

2023-05-17 19:42:10 - [TEST_STEP][PASSED] - if (Site.equals(x3)): null

2023-05-17 19:42:10 - [TEST_STEP][PASSED] - x2 = li.get(i): null

2023-05-17 19:42:10 - [TEST_STEP][PASSED] - x3 = x2.getText(): null

2023-05-17 19:42:10 - [TEST_STEP][PASSED] - println(x3): null

2023-05-17 19:42:10 - [TEST_STEP][PASSED] - if (Site.equals(x3)): null

2023-05-17 19:42:10 - [TEST_STEP][PASSED] - x2 = li.get(i): null

2023-05-17 19:42:10 - [TEST_STEP][PASSED] - x3 = x2.getText(): null

2023-05-17 19:42:10 - [TEST_STEP][PASSED] - println(x3): null

2023-05-17 19:42:10 - [TEST_STEP][PASSED] - if (Site.equals(x3)): null

2023-05-17 19:42:10 - [TEST_STEP][PASSED] - x2 = li.get(i): null

2023-05-17 19:42:10 - [TEST_STEP][PASSED] - x3 = x2.getText(): null

2023-05-17 19:42:10 - [TEST_STEP][PASSED] - println(x3): null

2023-05-17 19:42:10 - [TEST_STEP][PASSED] - if (Site.equals(x3)): null

2023-05-17 19:42:10 - [TEST_STEP][PASSED] - x2 = li.get(i): null

2023-05-17 19:42:10 - [TEST_STEP][PASSED] - x3 = x2.getText(): null

2023-05-17 19:42:10 - [TEST_STEP][PASSED] - println(x3): null

2023-05-17 19:42:10 - [TEST_STEP][PASSED] - if (Site.equals(x3)): null

2023-05-17 19:42:10 - [TEST_STEP][PASSED] - x2 = li.get(i): null

2023-05-17 19:42:10 - [TEST_STEP][PASSED] - x3 = x2.getText(): null

2023-05-17 19:42:10 - [TEST_STEP][PASSED] - println(x3): null

2023-05-17 19:42:10 - [TEST_STEP][PASSED] - if (Site.equals(x3)): null

2023-05-17 19:42:10 - [TEST_STEP][PASSED] - x2 = li.get(i): null

2023-05-17 19:42:10 - [TEST_STEP][PASSED] - x3 = x2.getText(): null

2023-05-17 19:42:10 - [TEST_STEP][PASSED] - println(x3): null

2023-05-17 19:42:10 - [TEST_STEP][PASSED] - if (Site.equals(x3)): null

2023-05-17 19:42:10 - [TEST_STEP][PASSED] - x2 = li.get(i): null

2023-05-17 19:42:10 - [TEST_STEP][PASSED] - x3 = x2.getText(): null

2023-05-17 19:42:10 - [TEST_STEP][PASSED] - println(x3): null

2023-05-17 19:42:10 - [TEST_STEP][PASSED] - if (Site.equals(x3)): null

2023-05-17 19:42:10 - [TEST_STEP][PASSED] - x2 = li.get(i): null

2023-05-17 19:42:10 - [TEST_STEP][PASSED] - x3 = x2.getText(): null

2023-05-17 19:42:10 - [TEST_STEP][PASSED] - println(x3): null

2023-05-17 19:42:10 - [TEST_STEP][PASSED] - if (Site.equals(x3)): null

2023-05-17 19:42:10 - [TEST_STEP][PASSED] - x2 = li.get(i): null

2023-05-17 19:42:10 - [TEST_STEP][PASSED] - x3 = x2.getText(): null

2023-05-17 19:42:10 - [TEST_STEP][PASSED] - println(x3): null

2023-05-17 19:42:10 - [TEST_STEP][PASSED] - if (Site.equals(x3)): null

2023-05-17 19:42:10 - [TEST_STEP][PASSED] - x2 = li.get(i): null

2023-05-17 19:42:10 - [TEST_STEP][PASSED] - x3 = x2.getText(): null

2023-05-17 19:42:10 - [TEST_STEP][PASSED] - println(x3): null

2023-05-17 19:42:10 - [TEST_STEP][PASSED] - if (Site.equals(x3)): null

2023-05-17 19:42:10 - [TEST_STEP][PASSED] - x2 = li.get(i): null

2023-05-17 19:42:10 - [TEST_STEP][PASSED] - x3 = x2.getText(): null

2023-05-17 19:42:10 - [TEST_STEP][PASSED] - println(x3): null

2023-05-17 19:42:10 - [TEST_STEP][PASSED] - if (Site.equals(x3)): null

2023-05-17 19:42:10 - [TEST_STEP][PASSED] - x2 = li.get(i): null

2023-05-17 19:42:10 - [TEST_STEP][PASSED] - x3 = x2.getText(): null

2023-05-17 19:42:10 - [TEST_STEP][PASSED] - println(x3): null

2023-05-17 19:42:10 - [TEST_STEP][PASSED] - if (Site.equals(x3)): null

2023-05-17 19:42:10 - [TEST_STEP][PASSED] - x2 = li.get(i): null

2023-05-17 19:42:10 - [TEST_STEP][PASSED] - x3 = x2.getText(): null

2023-05-17 19:42:10 - [TEST_STEP][PASSED] - println(x3): null

2023-05-17 19:42:10 - [TEST_STEP][PASSED] - if (Site.equals(x3)): null

2023-05-17 19:42:10 - [TEST_STEP][PASSED] - x2 = li.get(i): null

2023-05-17 19:42:10 - [TEST_STEP][PASSED] - x3 = x2.getText(): null

2023-05-17 19:42:10 - [TEST_STEP][PASSED] - println(x3): null

2023-05-17 19:42:10 - [TEST_STEP][PASSED] - if (Site.equals(x3)): null

2023-05-17 19:42:10 - [TEST_STEP][PASSED] - x2 = li.get(i): null

2023-05-17 19:42:10 - [TEST_STEP][PASSED] - x3 = x2.getText(): null

2023-05-17 19:42:11 - [TEST_STEP][PASSED] - println(x3): null

2023-05-17 19:42:11 - [TEST_STEP][PASSED] - if (Site.equals(x3)): null

2023-05-17 19:42:11 - [TEST_STEP][PASSED] - x2 = li.get(i): null

2023-05-17 19:42:11 - [TEST_STEP][PASSED] - x3 = x2.getText(): null

2023-05-17 19:42:11 - [TEST_STEP][PASSED] - println(x3): null

2023-05-17 19:42:11 - [TEST_STEP][PASSED] - if (Site.equals(x3)): null

2023-05-17 19:42:11 - [TEST_STEP][PASSED] - x2 = li.get(i): null

2023-05-17 19:42:11 - [TEST_STEP][PASSED] - x3 = x2.getText(): null

2023-05-17 19:42:11 - [TEST_STEP][PASSED] - println(x3): null

2023-05-17 19:42:11 - [TEST_STEP][PASSED] - if (Site.equals(x3)): null

2023-05-17 19:42:11 - [TEST_STEP][PASSED] - x2 = li.get(i): null

2023-05-17 19:42:11 - [TEST_STEP][PASSED] - x3 = x2.getText(): null

2023-05-17 19:42:11 - [TEST_STEP][PASSED] - println(x3): null

2023-05-17 19:42:11 - [TEST_STEP][PASSED] - if (Site.equals(x3)): null

2023-05-17 19:42:11 - [TEST_STEP][PASSED] - x2 = li.get(i): null

2023-05-17 19:42:11 - [TEST_STEP][PASSED] - x3 = x2.getText(): null

2023-05-17 19:42:11 - [TEST_STEP][PASSED] - println(x3): null

2023-05-17 19:42:11 - [TEST_STEP][PASSED] - if (Site.equals(x3)): null

2023-05-17 19:42:11 - [TEST_STEP][PASSED] - x2 = li.get(i): null

2023-05-17 19:42:11 - [TEST_STEP][PASSED] - x3 = x2.getText(): null

2023-05-17 19:42:11 - [TEST_STEP][PASSED] - println(x3): null

2023-05-17 19:42:11 - [TEST_STEP][PASSED] - if (Site.equals(x3)): null

2023-05-17 19:42:11 - [TEST_STEP][PASSED] - x2 = li.get(i): null

2023-05-17 19:42:11 - [TEST_STEP][PASSED] - x3 = x2.getText(): null

2023-05-17 19:42:11 - [TEST_STEP][PASSED] - println(x3): null

2023-05-17 19:42:11 - [TEST_STEP][PASSED] - if (Site.equals(x3)): null

2023-05-17 19:42:11 - [TEST_STEP][PASSED] - x2 = li.get(i): null

2023-05-17 19:42:11 - [TEST_STEP][PASSED] - x3 = x2.getText(): null

2023-05-17 19:42:11 - [TEST_STEP][PASSED] - println(x3): null

2023-05-17 19:42:11 - [TEST_STEP][PASSED] - if (Site.equals(x3)): null

2023-05-17 19:42:11 - [TEST_STEP][PASSED] - x2 = li.get(i): null

2023-05-17 19:42:11 - [TEST_STEP][PASSED] - x3 = x2.getText(): null

2023-05-17 19:42:11 - [TEST_STEP][PASSED] - println(x3): null

2023-05-17 19:42:11 - [TEST_STEP][PASSED] - if (Site.equals(x3)): null

2023-05-17 19:42:11 - [TEST_STEP][PASSED] - x2 = li.get(i): null

2023-05-17 19:42:11 - [TEST_STEP][PASSED] - x3 = x2.getText(): null

2023-05-17 19:42:11 - [TEST_STEP][PASSED] - println(x3): null

2023-05-17 19:42:11 - [TEST_STEP][PASSED] - if (Site.equals(x3)): null

2023-05-17 19:42:11 - [TEST_STEP][PASSED] - x2 = li.get(i): null

2023-05-17 19:42:11 - [TEST_STEP][PASSED] - x3 = x2.getText(): null

2023-05-17 19:42:11 - [TEST_STEP][PASSED] - println(x3): null

2023-05-17 19:42:11 - [TEST_STEP][PASSED] - if (Site.equals(x3)): null

2023-05-17 19:42:11 - [TEST_STEP][PASSED] - x2 = li.get(i): null

2023-05-17 19:42:11 - [TEST_STEP][PASSED] - x3 = x2.getText(): null

2023-05-17 19:42:11 - [TEST_STEP][PASSED] - println(x3): null

2023-05-17 19:42:11 - [TEST_STEP][PASSED] - if (Site.equals(x3)): null

2023-05-17 19:42:11 - [TEST_STEP][PASSED] - x2 = li.get(i): null

2023-05-17 19:42:11 - [TEST_STEP][PASSED] - x3 = x2.getText(): null

2023-05-17 19:42:11 - [TEST_STEP][PASSED] - println(x3): null

2023-05-17 19:42:11 - [TEST_STEP][PASSED] - if (Site.equals(x3)): null

2023-05-17 19:42:11 - [TEST_STEP][PASSED] - x2 = li.get(i): null

2023-05-17 19:42:11 - [TEST_STEP][PASSED] - x3 = x2.getText(): null

2023-05-17 19:42:11 - [TEST_STEP][PASSED] - println(x3): null

2023-05-17 19:42:11 - [TEST_STEP][PASSED] - if (Site.equals(x3)): null

2023-05-17 19:42:11 - [TEST_STEP][PASSED] - x2 = li.get(i): null

2023-05-17 19:42:11 - [TEST_STEP][PASSED] - x3 = x2.getText(): null

2023-05-17 19:42:11 - [TEST_STEP][PASSED] - println(x3): null

2023-05-17 19:42:11 - [TEST_STEP][PASSED] - if (Site.equals(x3)): null

2023-05-17 19:42:11 - [TEST_STEP][PASSED] - x2 = li.get(i): null

2023-05-17 19:42:11 - [TEST_STEP][PASSED] - x3 = x2.getText(): null

2023-05-17 19:42:11 - [TEST_STEP][PASSED] - println(x3): null

2023-05-17 19:42:11 - [TEST_STEP][PASSED] - if (Site.equals(x3)): null

2023-05-17 19:42:11 - [TEST_STEP][PASSED] - x2 = li.get(i): null

2023-05-17 19:42:11 - [TEST_STEP][PASSED] - x3 = x2.getText(): null

2023-05-17 19:42:11 - [TEST_STEP][PASSED] - println(x3): null

2023-05-17 19:42:11 - [TEST_STEP][PASSED] - if (Site.equals(x3)): null

2023-05-17 19:42:11 - [TEST_STEP][PASSED] - x2 = li.get(i): null

2023-05-17 19:42:11 - [TEST_STEP][PASSED] - x3 = x2.getText(): null

2023-05-17 19:42:11 - [TEST_STEP][PASSED] - println(x3): null

2023-05-17 19:42:11 - [TEST_STEP][PASSED] - if (Site.equals(x3)): null

2023-05-17 19:42:11 - [TEST_STEP][PASSED] - x2 = li.get(i): null

2023-05-17 19:42:11 - [TEST_STEP][PASSED] - x3 = x2.getText(): null

2023-05-17 19:42:11 - [TEST_STEP][PASSED] - println(x3): null

2023-05-17 19:42:11 - [TEST_STEP][PASSED] - if (Site.equals(x3)): null

2023-05-17 19:42:11 - [TEST_STEP][PASSED] - x2 = li.get(i): null

2023-05-17 19:42:11 - [TEST_STEP][PASSED] - x3 = x2.getText(): null

2023-05-17 19:42:11 - [TEST_STEP][PASSED] - println(x3): null

2023-05-17 19:42:11 - [TEST_STEP][PASSED] - if (Site.equals(x3)): null

2023-05-17 19:42:11 - [TEST_STEP][PASSED] - x2 = li.get(i): null

2023-05-17 19:42:11 - [TEST_STEP][PASSED] - x3 = x2.getText(): null

2023-05-17 19:42:11 - [TEST_STEP][PASSED] - println(x3): null

2023-05-17 19:42:11 - [TEST_STEP][PASSED] - if (Site.equals(x3)): null

2023-05-17 19:42:11 - [TEST_STEP][PASSED] - x2 = li.get(i): null

2023-05-17 19:42:11 - [TEST_STEP][PASSED] - x3 = x2.getText(): null

2023-05-17 19:42:11 - [TEST_STEP][PASSED] - println(x3): null

2023-05-17 19:42:11 - [TEST_STEP][PASSED] - if (Site.equals(x3)): null

2023-05-17 19:42:11 - [TEST_STEP][PASSED] - x2 = li.get(i): null

2023-05-17 19:42:11 - [TEST_STEP][PASSED] - x3 = x2.getText(): null

2023-05-17 19:42:11 - [TEST_STEP][PASSED] - println(x3): null

2023-05-17 19:42:11 - [TEST_STEP][PASSED] - if (Site.equals(x3)): null

2023-05-17 19:42:11 - [TEST_STEP][PASSED] - x2 = li.get(i): null

2023-05-17 19:42:11 - [TEST_STEP][PASSED] - x3 = x2.getText(): null

2023-05-17 19:42:11 - [TEST_STEP][PASSED] - println(x3): null

2023-05-17 19:42:11 - [TEST_STEP][PASSED] - if (Site.equals(x3)): null

2023-05-17 19:42:11 - [TEST_STEP][PASSED] - x2 = li.get(i): null

2023-05-17 19:42:11 - [TEST_STEP][PASSED] - x3 = x2.getText(): null

2023-05-17 19:42:11 - [TEST_STEP][PASSED] - println(x3): null

2023-05-17 19:42:11 - [TEST_STEP][PASSED] - if (Site.equals(x3)): null

2023-05-17 19:42:11 - [TEST_STEP][PASSED] - x2 = li.get(i): null

2023-05-17 19:42:11 - [TEST_STEP][PASSED] - x3 = x2.getText(): null

2023-05-17 19:42:11 - [TEST_STEP][PASSED] - println(x3): null

2023-05-17 19:42:11 - [TEST_STEP][PASSED] - if (Site.equals(x3)): null

2023-05-17 19:42:11 - [TEST_STEP][PASSED] - x2 = li.get(i): null

2023-05-17 19:42:11 - [TEST_STEP][PASSED] - x3 = x2.getText(): null

2023-05-17 19:42:11 - [TEST_STEP][PASSED] - println(x3): null

2023-05-17 19:42:11 - [TEST_STEP][PASSED] - if (Site.equals(x3)): null

2023-05-17 19:42:11 - [TEST_STEP][PASSED] - x2 = li.get(i): null

2023-05-17 19:42:11 - [TEST_STEP][PASSED] - x3 = x2.getText(): null

2023-05-17 19:42:11 - [TEST_STEP][PASSED] - println(x3): null

2023-05-17 19:42:11 - [TEST_STEP][PASSED] - if (Site.equals(x3)): null

2023-05-17 19:42:11 - [TEST_STEP][PASSED] - x2 = li.get(i): null

2023-05-17 19:42:11 - [TEST_STEP][PASSED] - x3 = x2.getText(): null

2023-05-17 19:42:11 - [TEST_STEP][PASSED] - println(x3): null

2023-05-17 19:42:11 - [TEST_STEP][PASSED] - if (Site.equals(x3)): null

2023-05-17 19:42:11 - [TEST_STEP][PASSED] - x2 = li.get(i): null

2023-05-17 19:42:11 - [TEST_STEP][PASSED] - x3 = x2.getText(): null

2023-05-17 19:42:11 - [TEST_STEP][PASSED] - println(x3): null

2023-05-17 19:42:11 - [TEST_STEP][PASSED] - if (Site.equals(x3)): null

2023-05-17 19:42:11 - [TEST_STEP][PASSED] - x2 = li.get(i): null

2023-05-17 19:42:11 - [TEST_STEP][PASSED] - x3 = x2.getText(): null

2023-05-17 19:42:11 - [TEST_STEP][PASSED] - println(x3): null

2023-05-17 19:42:11 - [TEST_STEP][PASSED] - if (Site.equals(x3)): null

2023-05-17 19:42:11 - [TEST_STEP][PASSED] - x2 = li.get(i): null

2023-05-17 19:42:11 - [TEST_STEP][PASSED] - x3 = x2.getText(): null

2023-05-17 19:42:11 - [TEST_STEP][PASSED] - println(x3): null

2023-05-17 19:42:11 - [TEST_STEP][PASSED] - if (Site.equals(x3)): null

2023-05-17 19:42:11 - [TEST_STEP][PASSED] - x2 = li.get(i): null

2023-05-17 19:42:11 - [TEST_STEP][PASSED] - x3 = x2.getText(): null

2023-05-17 19:42:11 - [TEST_STEP][PASSED] - println(x3): null

2023-05-17 19:42:11 - [TEST_STEP][PASSED] - if (Site.equals(x3)): null

2023-05-17 19:42:11 - [TEST_STEP][PASSED] - x2 = li.get(i): null

2023-05-17 19:42:11 - [TEST_STEP][PASSED] - x3 = x2.getText(): null

2023-05-17 19:42:11 - [TEST_STEP][PASSED] - println(x3): null

2023-05-17 19:42:11 - [TEST_STEP][PASSED] - if (Site.equals(x3)): null

2023-05-17 19:42:11 - [TEST_STEP][PASSED] - x2 = li.get(i): null

2023-05-17 19:42:11 - [TEST_STEP][PASSED] - x3 = x2.getText(): null

2023-05-17 19:42:11 - [TEST_STEP][PASSED] - println(x3): null

2023-05-17 19:42:11 - [TEST_STEP][PASSED] - if (Site.equals(x3)): null

2023-05-17 19:42:11 - [TEST_STEP][PASSED] - x2 = li.get(i): null

2023-05-17 19:42:11 - [TEST_STEP][PASSED] - x3 = x2.getText(): null

2023-05-17 19:42:11 - [TEST_STEP][PASSED] - println(x3): null

2023-05-17 19:42:11 - [TEST_STEP][PASSED] - if (Site.equals(x3)): null

2023-05-17 19:42:11 - [TEST_STEP][PASSED] - x2 = li.get(i): null

2023-05-17 19:42:11 - [TEST_STEP][PASSED] - x3 = x2.getText(): null

2023-05-17 19:42:11 - [TEST_STEP][PASSED] - println(x3): null

2023-05-17 19:42:11 - [TEST_STEP][PASSED] - if (Site.equals(x3)): null

2023-05-17 19:42:11 - [TEST_STEP][PASSED] - x2 = li.get(i): null

2023-05-17 19:42:11 - [TEST_STEP][PASSED] - x3 = x2.getText(): null

2023-05-17 19:42:11 - [TEST_STEP][PASSED] - println(x3): null

2023-05-17 19:42:11 - [TEST_STEP][PASSED] - if (Site.equals(x3)): null

2023-05-17 19:42:11 - [TEST_STEP][PASSED] - x2 = li.get(i): null

2023-05-17 19:42:11 - [TEST_STEP][PASSED] - x3 = x2.getText(): null

2023-05-17 19:42:11 - [TEST_STEP][PASSED] - println(x3): null

2023-05-17 19:42:11 - [TEST_STEP][PASSED] - if (Site.equals(x3)): null

2023-05-17 19:42:11 - [TEST_STEP][PASSED] - x2 = li.get(i): null

2023-05-17 19:42:11 - [TEST_STEP][PASSED] - x3 = x2.getText(): null

2023-05-17 19:42:11 - [TEST_STEP][PASSED] - println(x3): null

2023-05-17 19:42:11 - [TEST_STEP][PASSED] - if (Site.equals(x3)): null

2023-05-17 19:42:11 - [TEST_STEP][PASSED] - x2 = li.get(i): null

2023-05-17 19:42:11 - [TEST_STEP][PASSED] - x3 = x2.getText(): null

2023-05-17 19:42:11 - [TEST_STEP][PASSED] - println(x3): null

2023-05-17 19:42:11 - [TEST_STEP][PASSED] - if (Site.equals(x3)): null

2023-05-17 19:42:11 - [TEST_STEP][PASSED] - x2 = li.get(i): null

2023-05-17 19:42:11 - [TEST_STEP][PASSED] - x3 = x2.getText(): null

2023-05-17 19:42:11 - [TEST_STEP][PASSED] - println(x3): null

2023-05-17 19:42:11 - [TEST_STEP][PASSED] - if (Site.equals(x3)): null

2023-05-17 19:42:11 - [TEST_STEP][PASSED] - x2 = li.get(i): null

2023-05-17 19:42:11 - [TEST_STEP][PASSED] - x3 = x2.getText(): null

[...]

2023-05-17 19:49:10 - [MESSAGE][PASSED] - Text 'Checking Confirm Status' is set on object 'Object Repository/Compliance status/setTextForReason-Confirm'

2023-05-17 19:49:10 - [TEST_STEP][PASSED] - click(findTestObject("Compliance status/click_btnConfirm")): Object: 'Object Repository/Compliance status/click_btnConfirm' is clicked on

2023-05-17 19:49:10 - [MESSAGE][PASSED] - Object: 'Object Repository/Compliance status/click_btnConfirm' is clicked on

2023-05-17 19:49:10 - [TEST_STEP][PASSED] - scrollToTask = driver.findElement(By.xpath("//a//span[text()='Tasks']")): null

2023-05-17 19:49:12 - [TEST_STEP][PASSED] - js.executeScript("arguments[0].scrollIntoView(false)", scrollToTask): null

2023-05-17 19:49:12 - [TEST_STEP][PASSED] - click(findTestObject("Compliance status/click_Top-Task")): Object: 'Object Repository/Compliance status/click_Top-Task' is clicked on

2023-05-17 19:49:12 - [MESSAGE][PASSED] - Object: 'Object Repository/Compliance status/click_Top-Task' is clicked on

2023-05-17 19:49:12 - [TEST_STEP][PASSED] - setText(findTestObject("Compliance status/input_SearchString"), findTestData("Add Inst-Type Data").getValue("Created-InsType_Name", 1)): Text 'Test1.1 - 2023/17/05 19:43:49' is set on object 'Object Repository/Compliance status/input_SearchString'

2023-05-17 19:49:19 - [MESSAGE][PASSED] - Text 'Test1.1 - 2023/17/05 19:43:49' is set on object 'Object Repository/Compliance status/input_SearchString'

2023-05-17 19:49:19 - [TEST_STEP][PASSED] - verifyEqual(Actual, expected): Actual object 'Test1.1 - 2023/17/05 19:43:49' and expected object 'Test1.1 - 2023/17/05 19:43:49' are equal

2023-05-17 19:49:19 - [MESSAGE][PASSED] - Actual object 'Test1.1 - 2023/17/05 19:43:49' and expected object 'Test1.1 - 2023/17/05 19:43:49' are equal

2023-05-17 19:49:19 - [TEST_STEP][PASSED] - delay(2): Delayed 2 second(s)

2023-05-17 19:49:21 - [MESSAGE][PASSED] - Delayed 2 second(s)

2023-05-17 19:49:21 - [TEST_STEP][PASSED] - click(findTestObject("Compliance status/click_Confirm")): Object: 'Object Repository/Compliance status/click_Confirm' is clicked on

2023-05-17 19:49:23 - [MESSAGE][PASSED] - Object: 'Object Repository/Compliance status/click_Confirm' is clicked on

2023-05-17 19:49:23 - [TEST_STEP][PASSED] - setText(findTestObject("Compliance status/setTextForReason-Confirm"), "Checking extra Confirm Status"): Text 'Checking extra Confirm Status' is set on object 'Object Repository/Compliance status/setTextForReason-Confirm'

2023-05-17 19:49:24 - [MESSAGE][PASSED] - Text 'Checking extra Confirm Status' is set on object 'Object Repository/Compliance status/setTextForReason-Confirm'

2023-05-17 19:49:24 - [TEST_STEP][PASSED] - click(findTestObject("Compliance status/click_btnConfirm")): Object: 'Object Repository/Compliance status/click_btnConfirm' is clicked on

2023-05-17 19:49:27 - [MESSAGE][PASSED] - Object: 'Object Repository/Compliance status/click_btnConfirm' is clicked on

2023-05-17 19:49:27 - [TEST_STEP][PASSED] - scrollToElement(findTestObject("Compliance status/scroll_viewInst"), 0): Scroll to object 'Object Repository/Compliance status/scroll_viewInst' successfully

2023-05-17 19:49:27 - [MESSAGE][WARNING] - Timeout '0' is invalid. Using default page load timeout: '30'

2023-05-17 19:49:29 - [MESSAGE][PASSED] - Scroll to object 'Object Repository/Compliance status/scroll_viewInst' successfully

2023-05-17 19:49:29 - [TEST_STEP][PASSED] - waitForElementClickable(findTestObject("Compliance status/scroll_shownCalender"), 0): Object 'Object Repository/Compliance status/scroll_shownCalender' is clickable

2023-05-17 19:49:30 - [MESSAGE][WARNING] - Timeout '0' is invalid. Using default page load timeout: '30'

2023-05-17 19:49:30 - [MESSAGE][PASSED] - Object 'Object Repository/Compliance status/scroll_shownCalender' is clickable

2023-05-17 19:49:30 - [TEST_STEP][PASSED] - click(findTestObject("Compliance status/scroll_shownCalender")): Object: 'Object Repository/Compliance status/scroll_shownCalender' is clicked on

2023-05-17 19:49:30 - [MESSAGE][PASSED] - Object: 'Object Repository/Compliance status/scroll_shownCalender' is clicked on

2023-05-17 19:49:30 - [TEST_STEP][PASSED] - if (num == 1): null

2023-05-17 19:49:30 - [TEST_STEP][PASSED] - else if (num >= 17): null

2023-05-17 19:49:30 - [TEST_STEP][PASSED] - click(findTestObject("Compliance status/click_cal")): Object: 'Object Repository/Compliance status/click_cal' is clicked on

2023-05-17 19:49:31 - [MESSAGE][PASSED] - Object: 'Object Repository/Compliance status/click_cal' is clicked on

2023-05-17 19:49:31 - [TEST_STEP][PASSED] - LogTaskstatus.horizontalScroll(): null

2023-05-17 19:49:31 - [TEST_STEP][PASSED] - println("The current date is equal or above 17"): null

2023-05-17 19:49:31 - [TEST_STEP][PASSED] - NC = driver.findElements(By.xpath("//span[@class='glyphicon glyphicon-remove text-danger ng-star-inserted'] |//span[@class='glyphicon glyphicon-remove bg-dark ng-star-inserted']")): null

2023-05-17 19:49:31 - [TEST_STEP][PASSED] - for ([i = 0, i < NC.size(), (i++)]): null

2023-05-17 19:49:31 - [TEST_STEP][PASSED] - elemen = NC.get(i): null

2023-05-17 19:49:31 - [TEST_STEP][PASSED] - elemen.click(): null

2023-05-17 19:49:31 - [TEST_STEP][PASSED] - break: null

2023-05-17 19:49:31 - [TEST_STEP][PASSED] - takeScreenshot(): Taking screenshot successfully

2023-05-17 19:49:33 - [MESSAGE][PASSED] - Taking screenshot successfully
[[ATTACHMENT|C:\\ELL\\Automation\\Reports\\20230517_194027\\Phase-1-Lot\\20230517_194027\\1684333173211.png]]

2023-05-17 19:49:33 - [TEST_STEP][PASSED] - click(findTestObject("Compliance status/click_cancel")): Object: 'Object Repository/Compliance status/click_cancel' is clicked on

2023-05-17 19:49:33 - [MESSAGE][PASSED] - Object: 'Object Repository/Compliance status/click_cancel' is clicked on

2023-05-17 19:49:33 - [TEST_STEP][PASSED] - if (num <= 2 || num <= 1): null

2023-05-17 19:49:33 - [TEST_STEP][PASSED] - else if (num == 3): null

2023-05-17 19:49:33 - [TEST_STEP][PASSED] - else: Object: 'Object Repository/Compliance status/click_cancel' is clicked on

2023-05-17 19:49:33 - [TEST_STEP][PASSED] - missing = driver.findElements(By.xpath("//span[@class='glyphicon glyphicon-remove text-danger ng-star-inserted']|//span[@class='glyphicon glyphicon-remove bg-dark ng-star-inserted']")): null

2023-05-17 19:49:34 - [TEST_STEP][PASSED] - for ([i = 0, i < missing.size(), (i++)]): null

2023-05-17 19:49:34 - [TEST_STEP][PASSED] - eln = missing.get(i): null

2023-05-17 19:49:34 - [TEST_STEP][PASSED] - eln.click(): null

2023-05-17 19:49:34 - [TEST_STEP][PASSED] - break: null

2023-05-17 19:49:34 - [TEST_STEP][PASSED] - takeScreenshot(): Taking screenshot successfully

2023-05-17 19:49:35 - [MESSAGE][PASSED] - Taking screenshot successfully
[[ATTACHMENT|C:\\ELL\\Automation\\Reports\\20230517_194027\\Phase-1-Lot\\20230517_194027\\1684333175057.png]]

2023-05-17 19:49:35 - [TEST_STEP][PASSED] - click(findTestObject("Compliance status/dateChanger")): Object: 'Object Repository/Compliance status/dateChanger' is clicked on

2023-05-17 19:49:35 - [MESSAGE][PASSED] - Object: 'Object Repository/Compliance status/dateChanger' is clicked on

2023-05-17 19:49:35 - [TEST_STEP][PASSED] - takeScreenshot(): Taking screenshot successfully

2023-05-17 19:49:36 - [MESSAGE][PASSED] - Taking screenshot successfully
[[ATTACHMENT|C:\\ELL\\Automation\\Reports\\20230517_194027\\Phase-1-Lot\\20230517_194027\\1684333176653.png]]

2023-05-17 19:49:36 - [TEST_STEP][PASSED] - click(findTestObject("Compliance status/dateChanger")): Object: 'Object Repository/Compliance status/dateChanger' is clicked on

2023-05-17 19:49:37 - [MESSAGE][PASSED] - Object: 'Object Repository/Compliance status/dateChanger' is clicked on

2023-05-17 19:49:37 - [TEST_STEP][PASSED] - takeScreenshot(): Taking screenshot successfully

2023-05-17 19:49:38 - [MESSAGE][PASSED] - Taking screenshot successfully
[[ATTACHMENT|C:\\ELL\\Automation\\Reports\\20230517_194027\\Phase-1-Lot\\20230517_194027\\1684333178526.png]]

2023-05-17 19:49:38 - [TEST_STEP][PASSED] - click(findTestObject("Compliance status/click_cancel")): Object: 'Object Repository/Compliance status/click_cancel' is clicked on

2023-05-17 19:49:39 - [MESSAGE][PASSED] - Object: 'Object Repository/Compliance status/click_cancel' is clicked on

2023-05-17 19:49:39 - [TEST_STEP][PASSED] - executeJavaScript("window.scrollBy(0,document.body.scrollHeight)", null): Execute JavaScript 'window.scrollBy(0,document.body.scrollHeight)' successfully

2023-05-17 19:49:39 - [MESSAGE][PASSED] - Execute JavaScript 'window.scrollBy(0,document.body.scrollHeight)' successfully

2023-05-17 19:49:39 - [TEST_STEP][PASSED] - click(findTestObject("Compliance status/click_HideCalender")): Object: 'Object Repository/Compliance status/click_HideCalender' is clicked on

2023-05-17 19:49:39 - [MESSAGE][PASSED] - Object: 'Object Repository/Compliance status/click_HideCalender' is clicked on

2023-05-17 19:49:39 - [TEST_STEP][PASSED] - scrollToElement(findTestObject("Compliance status/scroll_shownCalender"), 0): Scroll to object 'Object Repository/Compliance status/scroll_shownCalender' successfully

2023-05-17 19:49:39 - [MESSAGE][WARNING] - Timeout '0' is invalid. Using default page load timeout: '30'

2023-05-17 19:49:40 - [MESSAGE][PASSED] - Scroll to object 'Object Repository/Compliance status/scroll_shownCalender' successfully

2023-05-17 19:49:40 - [TEST_STEP][PASSED] - scrollToOvrdue = driver.findElement(By.xpath("//strong[text()='Overdue']")): null

2023-05-17 19:49:40 - [TEST_STEP][PASSED] - js.executeScript("arguments[0].scrollIntoView(false)", scrollToOvrdue): null

2023-05-17 19:49:40 - [TEST_STEP][PASSED] - takeScreenshot(): Taking screenshot successfully

2023-05-17 19:49:41 - [MESSAGE][PASSED] - Taking screenshot successfully
[[ATTACHMENT|C:\\ELL\\Automation\\Reports\\20230517_194027\\Phase-1-Lot\\20230517_194027\\1684333180873.png]]]]></system-out>
         <system-err><![CDATA[]]></system-err>
      </testcase>
      <system-out><![CDATA[2023-05-17 19:40:36 - [TEST_SUITE][FAILED] - Phase-1-Lot: Test Cases/Log Task - Suite FAILED.
Reason:
com.kms.katalon.core.exception.StepFailedException: Unable to upload file 'C:\\ELL\\Automation\\Excel\\Test.txt' to object 'Object Repository/LogTask-Status-A-Z/button_Attach a File'
	at com.kms.katalon.core.webui.keyword.internal.WebUIKeywordMain.stepFailed(WebUIKeywordMain.groovy:64)
	at com.kms.katalon.core.webui.keyword.internal.WebUIKeywordMain.runKeyword(WebUIKeywordMain.groovy:26)
	at com.kms.katalon.core.webui.keyword.builtin.UploadFileKeyword.uploadFile(UploadFileKeyword.groovy:87)
	at com.kms.katalon.core.webui.keyword.builtin.UploadFileKeyword.execute(UploadFileKeyword.groovy:68)
	at com.kms.katalon.core.keyword.internal.KeywordExecutor.executeKeywordForPlatform(KeywordExecutor.groovy:74)
	at com.kms.katalon.core.webui.keyword.WebUiBuiltInKeywords.uploadFile(WebUiBuiltInKeywords.groovy:4031)
	at com.kms.katalon.core.webui.keyword.WebUiBuiltInKeywords$uploadFile$15.call(Unknown Source)
	at Log Task - Suite.run(Log Task - Suite:340)
	at com.kms.katalon.core.main.ScriptEngine.run(ScriptEngine.java:194)
	at com.kms.katalon.core.main.ScriptEngine.runScriptAsRawText(ScriptEngine.java:119)
	at com.kms.katalon.core.main.TestCaseExecutor.runScript(TestCaseExecutor.java:448)
	at com.kms.katalon.core.main.TestCaseExecutor.doExecute(TestCaseExecutor.java:439)
	at com.kms.katalon.core.main.TestCaseExecutor.processExecutionPhase(TestCaseExecutor.java:418)
	at com.kms.katalon.core.main.TestCaseExecutor.accessMainPhase(TestCaseExecutor.java:410)
	at com.kms.katalon.core.main.TestCaseExecutor.execute(TestCaseExecutor.java:285)
	at com.kms.katalon.core.common.CommonExecutor.accessTestCaseMainPhase(CommonExecutor.java:65)
	at com.kms.katalon.core.main.TestSuiteExecutor.accessTestSuiteMainPhase(TestSuiteExecutor.java:148)
	at com.kms.katalon.core.main.TestSuiteExecutor.execute(TestSuiteExecutor.java:106)
	at com.kms.katalon.core.main.TestCaseMain.startTestSuite(TestCaseMain.java:187)
	at com.kms.katalon.core.main.TestCaseMain$startTestSuite$0.call(Unknown Source)
	at TempTestSuite1684332627664.run(TempTestSuite1684332627664.groovy:36)
Caused by: org.openqa.selenium.InvalidArgumentException: invalid argument: File not found : C:\\ELL\\Automation\\Excel\\Test.txt
  (Session info: chrome=113.0.5672.93)
Build info: version: '3.141.59', revision: 'e82be7d358', time: '2018-11-14T08:25:53'
System info: host: 'ALPHI-MOHAMEDRA', ip: '192.168.8.120', os.name: 'Windows 10', os.arch: 'amd64', os.version: '10.0', java.version: '1.8.0_181'
Driver info: com.kms.katalon.selenium.driver.CChromeDriver
Capabilities {acceptInsecureCerts: false, browserName: chrome, browserVersion: 113.0.5672.93, chrome: {chromedriverVersion: 113.0.5672.63 (0e1a4471d5ae..., userDataDir: C:\Users\admin\AppData\Loca...}, goog:chromeOptions: {debuggerAddress: localhost:57373}, javascriptEnabled: true, networkConnectionEnabled: false, pageLoadStrategy: normal, platform: WINDOWS, platformName: WINDOWS, proxy: Proxy(), setWindowRect: true, strictFileInteractability: false, timeouts: {implicit: 0, pageLoad: 300000, script: 30000}, unhandledPromptBehavior: dismiss and notify, webauthn:extension:credBlob: true, webauthn:extension:largeBlob: true, webauthn:extension:minPinLength: true, webauthn:extension:prf: true, webauthn:virtualAuthenticators: true}
Session ID: 5ca444a85fdf32c46615d94a2ce00d1d
	at org.openqa.selenium.remote.http.W3CHttpResponseCodec.createException(W3CHttpResponseCodec.java:187)
	at org.openqa.selenium.remote.http.W3CHttpResponseCodec.decode(W3CHttpResponseCodec.java:122)
	at org.openqa.selenium.remote.http.W3CHttpResponseCodec.decode(W3CHttpResponseCodec.java:49)
	at org.openqa.selenium.remote.HttpCommandExecutor.execute(HttpCommandExecutor.java:158)
	at org.openqa.selenium.remote.service.DriverCommandExecutor.execute(DriverCommandExecutor.java:83)
	at org.openqa.selenium.remote.RemoteWebDriver.execute(RemoteWebDriver.java:552)
	at com.kms.katalon.selenium.driver.CChromeDriver.execute(CChromeDriver.java:19)
	at org.openqa.selenium.remote.RemoteWebElement.execute(RemoteWebElement.java:285)
	at org.openqa.selenium.remote.RemoteWebElement.sendKeys(RemoteWebElement.java:106)
	at org.openqa.selenium.support.events.EventFiringWebDriver$EventFiringWebElement.lambda$new$0(EventFiringWebDriver.java:404)
	at com.sun.proxy.$Proxy12.sendKeys(Unknown Source)
	at org.openqa.selenium.support.events.EventFiringWebDriver$EventFiringWebElement.sendKeys(EventFiringWebDriver.java:429)
	at com.kms.katalon.core.webui.keyword.builtin.UploadFileKeyword$_uploadFile_closure1.doCall(UploadFileKeyword.groovy:80)
	at com.kms.katalon.core.webui.keyword.builtin.UploadFileKeyword$_uploadFile_closure1.call(UploadFileKeyword.groovy)
	at com.kms.katalon.core.webui.keyword.internal.WebUIKeywordMain.runKeyword(WebUIKeywordMain.groovy:20)
	... 19 more]]></system-out>
      <system-err><![CDATA[2023-05-17 19:40:36 - [TEST_SUITE][FAILED] - Phase-1-Lot: Test Cases/Log Task - Suite FAILED.
Reason:
com.kms.katalon.core.exception.StepFailedException: Unable to upload file 'C:\\ELL\\Automation\\Excel\\Test.txt' to object 'Object Repository/LogTask-Status-A-Z/button_Attach a File'
	at com.kms.katalon.core.webui.keyword.internal.WebUIKeywordMain.stepFailed(WebUIKeywordMain.groovy:64)
	at com.kms.katalon.core.webui.keyword.internal.WebUIKeywordMain.runKeyword(WebUIKeywordMain.groovy:26)
	at com.kms.katalon.core.webui.keyword.builtin.UploadFileKeyword.uploadFile(UploadFileKeyword.groovy:87)
	at com.kms.katalon.core.webui.keyword.builtin.UploadFileKeyword.execute(UploadFileKeyword.groovy:68)
	at com.kms.katalon.core.keyword.internal.KeywordExecutor.executeKeywordForPlatform(KeywordExecutor.groovy:74)
	at com.kms.katalon.core.webui.keyword.WebUiBuiltInKeywords.uploadFile(WebUiBuiltInKeywords.groovy:4031)
	at com.kms.katalon.core.webui.keyword.WebUiBuiltInKeywords$uploadFile$15.call(Unknown Source)
	at Log Task - Suite.run(Log Task - Suite:340)
	at com.kms.katalon.core.main.ScriptEngine.run(ScriptEngine.java:194)
	at com.kms.katalon.core.main.ScriptEngine.runScriptAsRawText(ScriptEngine.java:119)
	at com.kms.katalon.core.main.TestCaseExecutor.runScript(TestCaseExecutor.java:448)
	at com.kms.katalon.core.main.TestCaseExecutor.doExecute(TestCaseExecutor.java:439)
	at com.kms.katalon.core.main.TestCaseExecutor.processExecutionPhase(TestCaseExecutor.java:418)
	at com.kms.katalon.core.main.TestCaseExecutor.accessMainPhase(TestCaseExecutor.java:410)
	at com.kms.katalon.core.main.TestCaseExecutor.execute(TestCaseExecutor.java:285)
	at com.kms.katalon.core.common.CommonExecutor.accessTestCaseMainPhase(CommonExecutor.java:65)
	at com.kms.katalon.core.main.TestSuiteExecutor.accessTestSuiteMainPhase(TestSuiteExecutor.java:148)
	at com.kms.katalon.core.main.TestSuiteExecutor.execute(TestSuiteExecutor.java:106)
	at com.kms.katalon.core.main.TestCaseMain.startTestSuite(TestCaseMain.java:187)
	at com.kms.katalon.core.main.TestCaseMain$startTestSuite$0.call(Unknown Source)
	at TempTestSuite1684332627664.run(TempTestSuite1684332627664.groovy:36)
Caused by: org.openqa.selenium.InvalidArgumentException: invalid argument: File not found : C:\\ELL\\Automation\\Excel\\Test.txt
  (Session info: chrome=113.0.5672.93)
Build info: version: '3.141.59', revision: 'e82be7d358', time: '2018-11-14T08:25:53'
System info: host: 'ALPHI-MOHAMEDRA', ip: '192.168.8.120', os.name: 'Windows 10', os.arch: 'amd64', os.version: '10.0', java.version: '1.8.0_181'
Driver info: com.kms.katalon.selenium.driver.CChromeDriver
Capabilities {acceptInsecureCerts: false, browserName: chrome, browserVersion: 113.0.5672.93, chrome: {chromedriverVersion: 113.0.5672.63 (0e1a4471d5ae..., userDataDir: C:\Users\admin\AppData\Loca...}, goog:chromeOptions: {debuggerAddress: localhost:57373}, javascriptEnabled: true, networkConnectionEnabled: false, pageLoadStrategy: normal, platform: WINDOWS, platformName: WINDOWS, proxy: Proxy(), setWindowRect: true, strictFileInteractability: false, timeouts: {implicit: 0, pageLoad: 300000, script: 30000}, unhandledPromptBehavior: dismiss and notify, webauthn:extension:credBlob: true, webauthn:extension:largeBlob: true, webauthn:extension:minPinLength: true, webauthn:extension:prf: true, webauthn:virtualAuthenticators: true}
Session ID: 5ca444a85fdf32c46615d94a2ce00d1d
	at org.openqa.selenium.remote.http.W3CHttpResponseCodec.createException(W3CHttpResponseCodec.java:187)
	at org.openqa.selenium.remote.http.W3CHttpResponseCodec.decode(W3CHttpResponseCodec.java:122)
	at org.openqa.selenium.remote.http.W3CHttpResponseCodec.decode(W3CHttpResponseCodec.java:49)
	at org.openqa.selenium.remote.HttpCommandExecutor.execute(HttpCommandExecutor.java:158)
	at org.openqa.selenium.remote.service.DriverCommandExecutor.execute(DriverCommandExecutor.java:83)
	at org.openqa.selenium.remote.RemoteWebDriver.execute(RemoteWebDriver.java:552)
	at com.kms.katalon.selenium.driver.CChromeDriver.execute(CChromeDriver.java:19)
	at org.openqa.selenium.remote.RemoteWebElement.execute(RemoteWebElement.java:285)
	at org.openqa.selenium.remote.RemoteWebElement.sendKeys(RemoteWebElement.java:106)
	at org.openqa.selenium.support.events.EventFiringWebDriver$EventFiringWebElement.lambda$new$0(EventFiringWebDriver.java:404)
	at com.sun.proxy.$Proxy12.sendKeys(Unknown Source)
	at org.openqa.selenium.support.events.EventFiringWebDriver$EventFiringWebElement.sendKeys(EventFiringWebDriver.java:429)
	at com.kms.katalon.core.webui.keyword.builtin.UploadFileKeyword$_uploadFile_closure1.doCall(UploadFileKeyword.groovy:80)
	at com.kms.katalon.core.webui.keyword.builtin.UploadFileKeyword$_uploadFile_closure1.call(UploadFileKeyword.groovy)
	at com.kms.katalon.core.webui.keyword.internal.WebUIKeywordMain.runKeyword(WebUIKeywordMain.groovy:20)
	... 19 more]]></system-err>
   </testsuite>
</testsuites>
